In file included from main.c:4:0:
utile.h: In function ‘maxSommeTraversant’:
utile.h:4:48: error: expected declaration specifiers before ‘:’ token
 int maxSommeTraversant(int *, int , int , int ):
                                                ^
main.c:11:1: error: expected ‘=’, ‘,’, ‘;’, ‘asm’ or ‘__attribute__’ before ‘{’ token
 {
 ^
In file included from main.c:4:0:
utile.h:4:5: error: old-style parameter declarations in prototyped function definition
 int maxSommeTraversant(int *, int , int , int ):
     ^
utile.h:4:1: error: parameter name omitted
 int maxSommeTraversant(int *, int , int , int ):
 ^
utile.h:4:1: error: parameter name omitted
utile.h:4:1: error: parameter name omitted
utile.h:4:1: error: parameter name omitted
main.c:23:1: error: expected ‘{’ at end of input
 }
 ^
In file included from function.c:2:0:
utile.h: In function ‘maxSommeTraversant’:
utile.h:4:48: error: expected declaration specifiers before ‘:’ token
 int maxSommeTraversant(int *, int , int , int ):
                                                ^
In file included from /usr/include/stdio.h:35:0,
                 from function.c:3:
/usr/include/x86_64-linux-gnu/bits/types.h:30:23: error: storage class specified for parameter ‘__u_char’
 typedef unsigned char __u_char;
                       ^
/usr/include/x86_64-linux-gnu/bits/types.h:31:28: error: storage class specified for parameter ‘__u_short’
 typedef unsigned short int __u_short;
                            ^
/usr/include/x86_64-linux-gnu/bits/types.h:32:22: error: storage class specified for parameter ‘__u_int’
 typedef unsigned int __u_int;
                      ^
/usr/include/x86_64-linux-gnu/bits/types.h:33:27: error: storage class specified for parameter ‘__u_long’
 typedef unsigned long int __u_long;
                           ^
/usr/include/x86_64-linux-gnu/bits/types.h:36:21: error: storage class specified for parameter ‘__int8_t’
 typedef signed char __int8_t;
                     ^
/usr/include/x86_64-linux-gnu/bits/types.h:37:23: error: storage class specified for parameter ‘__uint8_t’
 typedef unsigned char __uint8_t;
                       ^
/usr/include/x86_64-linux-gnu/bits/types.h:38:26: error: storage class specified for parameter ‘__int16_t’
 typedef signed short int __int16_t;
                          ^
/usr/include/x86_64-linux-gnu/bits/types.h:39:28: error: storage class specified for parameter ‘__uint16_t’
 typedef unsigned short int __uint16_t;
                            ^
/usr/include/x86_64-linux-gnu/bits/types.h:40:20: error: storage class specified for parameter ‘__int32_t’
 typedef signed int __int32_t;
                    ^
/usr/include/x86_64-linux-gnu/bits/types.h:41:22: error: storage class specified for parameter ‘__uint32_t’
 typedef unsigned int __uint32_t;
                      ^
/usr/include/x86_64-linux-gnu/bits/types.h:43:25: error: storage class specified for parameter ‘__int64_t’
 typedef signed long int __int64_t;
                         ^
/usr/include/x86_64-linux-gnu/bits/types.h:44:27: error: storage class specified for parameter ‘__uint64_t’
 typedef unsigned long int __uint64_t;
                           ^
/usr/include/x86_64-linux-gnu/bits/types.h:52:18: error: storage class specified for parameter ‘__quad_t’
 typedef long int __quad_t;
                  ^
/usr/include/x86_64-linux-gnu/bits/types.h:53:27: error: storage class specified for parameter ‘__u_quad_t’
 typedef unsigned long int __u_quad_t;
                           ^
In file included from /usr/include/stdio.h:35:0,
                 from function.c:3:
/usr/include/x86_64-linux-gnu/bits/types.h:124:25: error: storage class specified for parameter ‘__dev_t’
 __STD_TYPE __DEV_T_TYPE __dev_t; /* Type of device numbers.  */
                         ^
/usr/include/x86_64-linux-gnu/bits/types.h:125:25: error: storage class specified for parameter ‘__uid_t’
 __STD_TYPE __UID_T_TYPE __uid_t; /* Type of user identifications.  */
                         ^
/usr/include/x86_64-linux-gnu/bits/types.h:126:25: error: storage class specified for parameter ‘__gid_t’
 __STD_TYPE __GID_T_TYPE __gid_t; /* Type of group identifications.  */
                         ^
/usr/include/x86_64-linux-gnu/bits/types.h:127:25: error: storage class specified for parameter ‘__ino_t’
 __STD_TYPE __INO_T_TYPE __ino_t; /* Type of file serial numbers.  */
                         ^
/usr/include/x86_64-linux-gnu/bits/types.h:128:27: error: storage class specified for parameter ‘__ino64_t’
 __STD_TYPE __INO64_T_TYPE __ino64_t; /* Type of file serial numbers (LFS).*/
                           ^
/usr/include/x86_64-linux-gnu/bits/types.h:129:26: error: storage class specified for parameter ‘__mode_t’
 __STD_TYPE __MODE_T_TYPE __mode_t; /* Type of file attribute bitmasks.  */
                          ^
/usr/include/x86_64-linux-gnu/bits/types.h:130:27: error: storage class specified for parameter ‘__nlink_t’
 __STD_TYPE __NLINK_T_TYPE __nlink_t; /* Type of file link counts.  */
                           ^
/usr/include/x86_64-linux-gnu/bits/types.h:131:25: error: storage class specified for parameter ‘__off_t’
 __STD_TYPE __OFF_T_TYPE __off_t; /* Type of file sizes and offsets.  */
                         ^
/usr/include/x86_64-linux-gnu/bits/types.h:132:27: error: storage class specified for parameter ‘__off64_t’
 __STD_TYPE __OFF64_T_TYPE __off64_t; /* Type of file sizes and offsets (LFS).  */
                           ^
/usr/include/x86_64-linux-gnu/bits/types.h:133:25: error: storage class specified for parameter ‘__pid_t’
 __STD_TYPE __PID_T_TYPE __pid_t; /* Type of process identifications.  */
                         ^
/usr/include/x86_64-linux-gnu/bits/types.h:134:26: error: storage class specified for parameter ‘__fsid_t’
 __STD_TYPE __FSID_T_TYPE __fsid_t; /* Type of file system IDs.  */
                          ^
/usr/include/x86_64-linux-gnu/bits/types.h:135:27: error: storage class specified for parameter ‘__clock_t’
 __STD_TYPE __CLOCK_T_TYPE __clock_t; /* Type of CPU usage counts.  */
                           ^
/usr/include/x86_64-linux-gnu/bits/types.h:136:26: error: storage class specified for parameter ‘__rlim_t’
 __STD_TYPE __RLIM_T_TYPE __rlim_t; /* Type for resource measurement.  */
                          ^
/usr/include/x86_64-linux-gnu/bits/types.h:137:28: error: storage class specified for parameter ‘__rlim64_t’
 __STD_TYPE __RLIM64_T_TYPE __rlim64_t; /* Type for resource measurement (LFS).  */
                            ^
/usr/include/x86_64-linux-gnu/bits/types.h:138:24: error: storage class specified for parameter ‘__id_t’
 __STD_TYPE __ID_T_TYPE __id_t;  /* General type for IDs.  */
                        ^
/usr/include/x86_64-linux-gnu/bits/types.h:139:26: error: storage class specified for parameter ‘__time_t’
 __STD_TYPE __TIME_T_TYPE __time_t; /* Seconds since the Epoch.  */
                          ^
/usr/include/x86_64-linux-gnu/bits/types.h:140:30: error: storage class specified for parameter ‘__useconds_t’
 __STD_TYPE __USECONDS_T_TYPE __useconds_t; /* Count of microseconds.  */
                              ^
/usr/include/x86_64-linux-gnu/bits/types.h:141:31: error: storage class specified for parameter ‘__suseconds_t’
 __STD_TYPE __SUSECONDS_T_TYPE __suseconds_t; /* Signed count of microseconds.  */
                               ^
/usr/include/x86_64-linux-gnu/bits/types.h:143:27: error: storage class specified for parameter ‘__daddr_t’
 __STD_TYPE __DADDR_T_TYPE __daddr_t; /* The type of a disk address.  */
                           ^
/usr/include/x86_64-linux-gnu/bits/types.h:144:25: error: storage class specified for parameter ‘__key_t’
 __STD_TYPE __KEY_T_TYPE __key_t; /* Type of an IPC key.  */
                         ^
/usr/include/x86_64-linux-gnu/bits/types.h:147:29: error: storage class specified for parameter ‘__clockid_t’
 __STD_TYPE __CLOCKID_T_TYPE __clockid_t;
                             ^
/usr/include/x86_64-linux-gnu/bits/types.h:150:27: error: storage class specified for parameter ‘__timer_t’
 __STD_TYPE __TIMER_T_TYPE __timer_t;
                           ^
/usr/include/x86_64-linux-gnu/bits/types.h:153:29: error: storage class specified for parameter ‘__blksize_t’
 __STD_TYPE __BLKSIZE_T_TYPE __blksize_t;
                             ^
/usr/include/x86_64-linux-gnu/bits/types.h:158:28: error: storage class specified for parameter ‘__blkcnt_t’
 __STD_TYPE __BLKCNT_T_TYPE __blkcnt_t;
                            ^
/usr/include/x86_64-linux-gnu/bits/types.h:159:30: error: storage class specified for parameter ‘__blkcnt64_t’
 __STD_TYPE __BLKCNT64_T_TYPE __blkcnt64_t;
                              ^
/usr/include/x86_64-linux-gnu/bits/types.h:162:30: error: storage class specified for parameter ‘__fsblkcnt_t’
 __STD_TYPE __FSBLKCNT_T_TYPE __fsblkcnt_t;
                              ^
/usr/include/x86_64-linux-gnu/bits/types.h:163:32: error: storage class specified for parameter ‘__fsblkcnt64_t’
 __STD_TYPE __FSBLKCNT64_T_TYPE __fsblkcnt64_t;
                                ^
/usr/include/x86_64-linux-gnu/bits/types.h:166:30: error: storage class specified for parameter ‘__fsfilcnt_t’
 __STD_TYPE __FSFILCNT_T_TYPE __fsfilcnt_t;
                              ^
/usr/include/x86_64-linux-gnu/bits/types.h:167:32: error: storage class specified for parameter ‘__fsfilcnt64_t’
 __STD_TYPE __FSFILCNT64_T_TYPE __fsfilcnt64_t;
                                ^
/usr/include/x86_64-linux-gnu/bits/types.h:170:28: error: storage class specified for parameter ‘__fsword_t’
 __STD_TYPE __FSWORD_T_TYPE __fsword_t;
                            ^
/usr/include/x86_64-linux-gnu/bits/types.h:172:27: error: storage class specified for parameter ‘__ssize_t’
 __STD_TYPE __SSIZE_T_TYPE __ssize_t; /* Type of a byte count, or error.  */
                           ^
/usr/include/x86_64-linux-gnu/bits/types.h:175:33: error: storage class specified for parameter ‘__syscall_slong_t’
 __STD_TYPE __SYSCALL_SLONG_TYPE __syscall_slong_t;
                                 ^
/usr/include/x86_64-linux-gnu/bits/types.h:177:33: error: storage class specified for parameter ‘__syscall_ulong_t’
 __STD_TYPE __SYSCALL_ULONG_TYPE __syscall_ulong_t;
                                 ^
/usr/include/x86_64-linux-gnu/bits/types.h:181:19: error: expected ‘=’, ‘,’, ‘;’, ‘asm’ or ‘__attribute__’ before ‘__loff_t’
 typedef __off64_t __loff_t; /* Type of file sizes and offsets (LFS).  */
                   ^
/usr/include/x86_64-linux-gnu/bits/types.h:182:18: error: expected ‘=’, ‘,’, ‘;’, ‘asm’ or ‘__attribute__’ before ‘*’ token
 typedef __quad_t *__qaddr_t;
                  ^
/usr/include/x86_64-linux-gnu/bits/types.h:183:15: error: storage class specified for parameter ‘__caddr_t’
 typedef char *__caddr_t;
               ^
/usr/include/x86_64-linux-gnu/bits/types.h:186:25: error: storage class specified for parameter ‘__intptr_t’
 __STD_TYPE __SWORD_TYPE __intptr_t;
                         ^
/usr/include/x86_64-linux-gnu/bits/types.h:189:23: error: storage class specified for parameter ‘__socklen_t’
 __STD_TYPE __U32_TYPE __socklen_t;
                       ^
In file included from function.c:3:0:
/usr/include/stdio.h:48:25: error: storage class specified for parameter ‘FILE’
 typedef struct _IO_FILE FILE;
                         ^
/usr/include/stdio.h:64:25: error: storage class specified for parameter ‘__FILE’
 typedef struct _IO_FILE __FILE;
                         ^
In file included from /usr/include/_G_config.h:20:0,
                 from /usr/include/libio.h:31,
                 from /usr/include/stdio.h:74,
                 from function.c:3:
/usr/include/wchar.h:94:3: error: storage class specified for parameter ‘__mbstate_t’
 } __mbstate_t;
   ^
In file included from /usr/include/libio.h:31:0,
                 from /usr/include/stdio.h:74,
                 from function.c:3:
/usr/include/_G_config.h:23:3: error: expected specifier-qualifier-list before ‘__off_t’
   __off_t __pos;
   ^
/usr/include/_G_config.h:25:3: error: storage class specified for parameter ‘_G_fpos_t’
 } _G_fpos_t;
   ^
/usr/include/_G_config.h:28:3: error: expected specifier-qualifier-list before ‘__off64_t’
   __off64_t __pos;
   ^
/usr/include/_G_config.h:30:3: error: storage class specified for parameter ‘_G_fpos64_t’
 } _G_fpos64_t;
   ^
In file included from /usr/include/libio.h:49:0,
                 from /usr/include/stdio.h:74,
                 from function.c:3:
/usr/lib/gcc/x86_64-linux-gnu/5/include/stdarg.h:40:27: error: storage class specified for parameter ‘__gnuc_va_list’
 typedef __builtin_va_list __gnuc_va_list;
                           ^
In file included from /usr/include/stdio.h:74:0,
                 from function.c:3:
/usr/include/libio.h:150:14: error: storage class specified for parameter ‘_IO_lock_t’
 typedef void _IO_lock_t;
              ^
In file included from /usr/include/stdio.h:74:0,
                 from function.c:3:
/usr/include/libio.h:270:3: error: expected specifier-qualifier-list before ‘__off_t’
   _IO_off_t _old_offset; /* This used to be _offset but it's too small.  */
   ^
In file included from /usr/include/stdio.h:74:0,
                 from function.c:3:
/usr/include/libio.h:310:25: error: storage class specified for parameter ‘_IO_FILE’
 typedef struct _IO_FILE _IO_FILE;
                         ^
/usr/include/libio.h:315:29: error: storage class specified for parameter ‘_IO_2_1_stdin_’
 extern struct _IO_FILE_plus _IO_2_1_stdin_;
                             ^
/usr/include/libio.h:316:29: error: storage class specified for parameter ‘_IO_2_1_stdout_’
 extern struct _IO_FILE_plus _IO_2_1_stdout_;
                             ^
/usr/include/libio.h:317:29: error: storage class specified for parameter ‘_IO_2_1_stderr_’
 extern struct _IO_FILE_plus _IO_2_1_stderr_;
                             ^
/usr/include/libio.h:333:19: error: expected ‘=’, ‘,’, ‘;’, ‘asm’ or ‘__attribute__’ before ‘__io_read_fn’
 typedef __ssize_t __io_read_fn (void *__cookie, char *__buf, size_t __nbytes);
                   ^
/usr/include/libio.h:341:19: error: expected ‘=’, ‘,’, ‘;’, ‘asm’ or ‘__attribute__’ before ‘__io_write_fn’
 typedef __ssize_t __io_write_fn (void *__cookie, const char *__buf,
                   ^
In file included from /usr/include/stdio.h:74:0,
                 from function.c:3:
/usr/include/libio.h:350:43: error: expected declaration specifiers or ‘...’ before ‘__off64_t’
 typedef int __io_seek_fn (void *__cookie, _IO_off64_t *__pos, int __w);
                                           ^
In file included from /usr/include/stdio.h:74:0,
                 from function.c:3:
/usr/include/libio.h:353:13: error: storage class specified for parameter ‘__io_close_fn’
 typedef int __io_close_fn (void *__cookie);
             ^
/usr/include/libio.h:385:25: error: expected declaration specifiers or ‘...’ before ‘_IO_FILE’
 extern int __underflow (_IO_FILE *);
                         ^
/usr/include/libio.h:386:21: error: expected declaration specifiers or ‘...’ before ‘_IO_FILE’
 extern int __uflow (_IO_FILE *);
                     ^
/usr/include/libio.h:387:24: error: expected declaration specifiers or ‘...’ before ‘_IO_FILE’
 extern int __overflow (_IO_FILE *, int);
                        ^
/usr/include/libio.h:429:22: error: expected declaration specifiers or ‘...’ before ‘_IO_FILE’
 extern int _IO_getc (_IO_FILE *__fp);
                      ^
/usr/include/libio.h:430:31: error: expected declaration specifiers or ‘...’ before ‘_IO_FILE’
 extern int _IO_putc (int __c, _IO_FILE *__fp);
                               ^
/usr/include/libio.h:431:22: error: expected declaration specifiers or ‘...’ before ‘_IO_FILE’
 extern int _IO_feof (_IO_FILE *__fp) __THROW;
                      ^
/usr/include/libio.h:432:24: error: expected declaration specifiers or ‘...’ before ‘_IO_FILE’
 extern int _IO_ferror (_IO_FILE *__fp) __THROW;
                        ^
/usr/include/libio.h:434:30: error: expected declaration specifiers or ‘...’ before ‘_IO_FILE’
 extern int _IO_peekc_locked (_IO_FILE *__fp);
                              ^
/usr/include/libio.h:440:28: error: expected declaration specifiers or ‘...’ before ‘_IO_FILE’
 extern void _IO_flockfile (_IO_FILE *) __THROW;
                            ^
/usr/include/libio.h:441:30: error: expected declaration specifiers or ‘...’ before ‘_IO_FILE’
 extern void _IO_funlockfile (_IO_FILE *) __THROW;
                              ^
/usr/include/libio.h:442:30: error: expected declaration specifiers or ‘...’ before ‘_IO_FILE’
 extern int _IO_ftrylockfile (_IO_FILE *) __THROW;
                              ^
/usr/include/libio.h:459:25: error: expected declaration specifiers or ‘...’ before ‘_IO_FILE’
 extern int _IO_vfscanf (_IO_FILE * __restrict, const char * __restrict,
                         ^
/usr/include/libio.h:460:4: error: expected declaration specifiers or ‘...’ before ‘__gnuc_va_list’
    _IO_va_list, int *__restrict);
    ^
/usr/include/libio.h:461:26: error: expected declaration specifiers or ‘...’ before ‘_IO_FILE’
 extern int _IO_vfprintf (_IO_FILE *__restrict, const char *__restrict,
                          ^
/usr/include/libio.h:462:5: error: expected declaration specifiers or ‘...’ before ‘__gnuc_va_list’
     _IO_va_list);
     ^
/usr/include/libio.h:463:20: error: expected ‘=’, ‘,’, ‘;’, ‘asm’ or ‘__attribute__’ before ‘_IO_padn’
 extern _IO_ssize_t _IO_padn (_IO_FILE *, int, _IO_ssize_t);
                    ^
In file included from /usr/include/stdio.h:74:0,
                 from function.c:3:
/usr/include/libio.h:464:8: error: unknown type name ‘size_t’
 extern _IO_size_t _IO_sgetn (_IO_FILE *, void *, _IO_size_t);
        ^
In file included from /usr/include/stdio.h:74:0,
                 from function.c:3:
/usr/include/libio.h:464:30: error: expected declaration specifiers or ‘...’ before ‘_IO_FILE’
 extern _IO_size_t _IO_sgetn (_IO_FILE *, void *, _IO_size_t);
                              ^
In file included from /usr/include/stdio.h:74:0,
                 from function.c:3:
/usr/include/libio.h:464:50: error: unknown type name ‘size_t’
 extern _IO_size_t _IO_sgetn (_IO_FILE *, void *, _IO_size_t);
                                                  ^
In file included from /usr/include/stdio.h:74:0,
                 from function.c:3:
/usr/include/libio.h:466:20: error: expected ‘=’, ‘,’, ‘;’, ‘asm’ or ‘__attribute__’ before ‘_IO_seekoff’
 extern _IO_off64_t _IO_seekoff (_IO_FILE *, _IO_off64_t, int, int);
                    ^
/usr/include/libio.h:467:20: error: expected ‘=’, ‘,’, ‘;’, ‘asm’ or ‘__attribute__’ before ‘_IO_seekpos’
 extern _IO_off64_t _IO_seekpos (_IO_FILE *, _IO_off64_t, int);
                    ^
/usr/include/libio.h:469:35: error: expected declaration specifiers or ‘...’ before ‘_IO_FILE’
 extern void _IO_free_backup_area (_IO_FILE *) __THROW;
                                   ^
In file included from function.c:3:0:
/usr/include/stdio.h:79:20: error: expected ‘=’, ‘,’, ‘;’, ‘asm’ or ‘__attribute__’ before ‘va_list’
 typedef _G_va_list va_list;
                    ^
/usr/include/stdio.h:90:17: error: expected ‘=’, ‘,’, ‘;’, ‘asm’ or ‘__attribute__’ before ‘off_t’
 typedef __off_t off_t;
                 ^
/usr/include/stdio.h:102:19: error: expected ‘=’, ‘,’, ‘;’, ‘asm’ or ‘__attribute__’ before ‘ssize_t’
 typedef __ssize_t ssize_t;
                   ^
/usr/include/stdio.h:110:19: error: expected ‘=’, ‘,’, ‘;’, ‘asm’ or ‘__attribute__’ before ‘fpos_t’
 typedef _G_fpos_t fpos_t;
                   ^
In file included from function.c:3:0:
/usr/include/stdio.h:168:25: error: storage class specified for parameter ‘stdin’
 extern struct _IO_FILE *stdin;  /* Standard input stream.  */
                         ^
/usr/include/stdio.h:169:25: error: storage class specified for parameter ‘stdout’
 extern struct _IO_FILE *stdout;  /* Standard output stream.  */
                         ^
/usr/include/stdio.h:170:25: error: storage class specified for parameter ‘stderr’
 extern struct _IO_FILE *stderr;  /* Standard error output stream.  */
                         ^
/usr/include/stdio.h:178:12: error: storage class specified for parameter ‘remove’
 extern int remove (const char *__filename) __THROW;
            ^
/usr/include/stdio.h:180:12: error: storage class specified for parameter ‘rename’
 extern int rename (const char *__old, const char *__new) __THROW;
            ^
/usr/include/stdio.h:185:12: error: storage class specified for parameter ‘renameat’
 extern int renameat (int __oldfd, const char *__old, int __newfd,
            ^
/usr/include/stdio.h:195:13: error: expected ‘=’, ‘,’, ‘;’, ‘asm’ or ‘__attribute__’ before ‘*’ token
 extern FILE *tmpfile (void) __wur;
             ^
/usr/include/stdio.h:209:14: error: storage class specified for parameter ‘tmpnam’
 extern char *tmpnam (char *__s) __THROW __wur;
              ^
/usr/include/stdio.h:215:14: error: storage class specified for parameter ‘tmpnam_r’
 extern char *tmpnam_r (char *__s) __THROW __wur;
              ^
/usr/include/stdio.h:227:14: error: storage class specified for parameter ‘tempnam’
 extern char *tempnam (const char *__dir, const char *__pfx)
              ^
/usr/include/stdio.h:237:20: error: expected declaration specifiers or ‘...’ before ‘FILE’
 extern int fclose (FILE *__stream);
                    ^
/usr/include/stdio.h:242:20: error: expected declaration specifiers or ‘...’ before ‘FILE’
 extern int fflush (FILE *__stream);
                    ^
/usr/include/stdio.h:252:29: error: expected declaration specifiers or ‘...’ before ‘FILE’
 extern int fflush_unlocked (FILE *__stream);
                             ^
/usr/include/stdio.h:272:13: error: expected ‘=’, ‘,’, ‘;’, ‘asm’ or ‘__attribute__’ before ‘*’ token
 extern FILE *fopen (const char *__restrict __filename,
             ^
/usr/include/stdio.h:278:13: error: expected ‘=’, ‘,’, ‘;’, ‘asm’ or ‘__attribute__’ before ‘*’ token
 extern FILE *freopen (const char *__restrict __filename,
             ^
/usr/include/stdio.h:306:13: error: expected ‘=’, ‘,’, ‘;’, ‘asm’ or ‘__attribute__’ before ‘*’ token
 extern FILE *fdopen (int __fd, const char *__modes) __THROW __wur;
             ^
/usr/include/stdio.h:319:13: error: expected ‘=’, ‘,’, ‘;’, ‘asm’ or ‘__attribute__’ before ‘*’ token
 extern FILE *fmemopen (void *__s, size_t __len, const char *__modes)
             ^
/usr/include/stdio.h:325:13: error: expected ‘=’, ‘,’, ‘;’, ‘asm’ or ‘__attribute__’ before ‘*’ token
 extern FILE *open_memstream (char **__bufloc, size_t *__sizeloc) __THROW __wur;
             ^
/usr/include/stdio.h:332:21: error: expected declaration specifiers or ‘...’ before ‘FILE’
 extern void setbuf (FILE *__restrict __stream, char *__restrict __buf) __THROW;
                     ^
/usr/include/stdio.h:336:21: error: expected declaration specifiers or ‘...’ before ‘FILE’
 extern int setvbuf (FILE *__restrict __stream, char *__restrict __buf,
                     ^
/usr/include/stdio.h:337:20: error: unknown type name ‘size_t’
       int __modes, size_t __n) __THROW;
                    ^
/usr/include/stdio.h:343:24: error: expected declaration specifiers or ‘...’ before ‘FILE’
 extern void setbuffer (FILE *__restrict __stream, char *__restrict __buf,
                        ^
/usr/include/stdio.h:344:10: error: unknown type name ‘size_t’
          size_t __size) __THROW;
          ^
/usr/include/stdio.h:347:25: error: expected declaration specifiers or ‘...’ before ‘FILE’
 extern void setlinebuf (FILE *__stream) __THROW;
                         ^
/usr/include/stdio.h:356:21: error: expected declaration specifiers or ‘...’ before ‘FILE’
 extern int fprintf (FILE *__restrict __stream,
                     ^
/usr/include/stdio.h:362:12: error: storage class specified for parameter ‘printf’
 extern int printf (const char *__restrict __format, ...);
            ^
/usr/include/stdio.h:364:12: error: storage class specified for parameter ‘sprintf’
 extern int sprintf (char *__restrict __s,
            ^
/usr/include/stdio.h:371:22: error: expected declaration specifiers or ‘...’ before ‘FILE’
 extern int vfprintf (FILE *__restrict __s, const char *__restrict __format,
                      ^
In file included from /usr/include/libio.h:31:0,
                 from /usr/include/stdio.h:74,
                 from function.c:3:
/usr/include/stdio.h:372:8: error: expected declaration specifiers or ‘...’ before ‘__gnuc_va_list’
        _G_va_list __arg);
        ^
/usr/include/stdio.h:377:54: error: expected declaration specifiers or ‘...’ before ‘__gnuc_va_list’
 extern int vprintf (const char *__restrict __format, _G_va_list __arg);
                                                      ^
/usr/include/stdio.h:380:8: error: expected declaration specifiers or ‘...’ before ‘__gnuc_va_list’
        _G_va_list __arg) __THROWNL;
        ^
In file included from function.c:3:0:
/usr/include/stdio.h:386:44: error: unknown type name ‘size_t’
 extern int snprintf (char *__restrict __s, size_t __maxlen,
                                            ^
/usr/include/stdio.h:390:45: error: unknown type name ‘size_t’
 extern int vsnprintf (char *__restrict __s, size_t __maxlen,
                                             ^
In file included from /usr/include/libio.h:31:0,
                 from /usr/include/stdio.h:74,
                 from function.c:3:
/usr/include/stdio.h:391:42: error: expected declaration specifiers or ‘...’ before ‘__gnuc_va_list’
         const char *__restrict __format, _G_va_list __arg)
                                          ^
/usr/include/stdio.h:413:8: error: expected declaration specifiers or ‘...’ before ‘__gnuc_va_list’
        _G_va_list __arg)
        ^
In file included from function.c:3:0:
/usr/include/stdio.h:415:12: error: storage class specified for parameter ‘dprintf’
 extern int dprintf (int __fd, const char *__restrict __fmt, ...)
            ^
/usr/include/stdio.h:425:20: error: expected declaration specifiers or ‘...’ before ‘FILE’
 extern int fscanf (FILE *__restrict __stream,
                    ^
/usr/include/stdio.h:431:12: error: storage class specified for parameter ‘scanf’
 extern int scanf (const char *__restrict __format, ...) __wur;
            ^
/usr/include/stdio.h:433:12: error: storage class specified for parameter ‘sscanf’
 extern int sscanf (const char *__restrict __s,
            ^
In file included from /usr/include/features.h:367:0,
                 from /usr/include/stdio.h:27,
                 from function.c:3:
/usr/include/stdio.h:443:12: error: expected declaration specifiers or ‘...’ before ‘FILE’
 extern int __REDIRECT (fscanf, (FILE *__restrict __stream,
            ^
/usr/include/stdio.h:446:12: error: storage class specified for parameter ‘scanf’
 extern int __REDIRECT (scanf, (const char *__restrict __format, ...),
            ^
/usr/include/stdio.h:446:12: error: redefinition of parameter ‘scanf’
In file included from function.c:3:0:
/usr/include/stdio.h:431:12: note: previous definition of ‘scanf’ was here
 extern int scanf (const char *__restrict __format, ...) __wur;
            ^
In file included from /usr/include/features.h:367:0,
                 from /usr/include/stdio.h:27,
                 from function.c:3:
/usr/include/stdio.h:448:12: error: storage class specified for parameter ‘sscanf’
 extern int __REDIRECT_NTH (sscanf, (const char *__restrict __s,
            ^
/usr/include/stdio.h:448:12: error: redefinition of parameter ‘sscanf’
In file included from function.c:3:0:
/usr/include/stdio.h:433:12: note: previous definition of ‘sscanf’ was here
 extern int sscanf (const char *__restrict __s,
            ^
/usr/include/stdio.h:471:21: error: expected declaration specifiers or ‘...’ before ‘FILE’
 extern int vfscanf (FILE *__restrict __s, const char *__restrict __format,
                     ^
In file included from /usr/include/libio.h:31:0,
                 from /usr/include/stdio.h:74,
                 from function.c:3:
/usr/include/stdio.h:472:7: error: expected declaration specifiers or ‘...’ before ‘__gnuc_va_list’
       _G_va_list __arg)
       ^
/usr/include/stdio.h:479:53: error: expected declaration specifiers or ‘...’ before ‘__gnuc_va_list’
 extern int vscanf (const char *__restrict __format, _G_va_list __arg)
                                                     ^
/usr/include/stdio.h:484:40: error: expected declaration specifiers or ‘...’ before ‘__gnuc_va_list’
       const char *__restrict __format, _G_va_list __arg)
                                        ^
In file included from /usr/include/features.h:367:0,
                 from /usr/include/stdio.h:27,
                 from function.c:3:
/usr/include/stdio.h:494:12: error: expected declaration specifiers or ‘...’ before ‘FILE’
 extern int __REDIRECT (vfscanf,
            ^
/usr/include/stdio.h:496:37: error: expected declaration specifiers or ‘...’ before ‘__gnuc_va_list’
    const char *__restrict __format, _G_va_list __arg),
                                     ^
/usr/include/stdio.h:500:5: error: expected declaration specifiers or ‘...’ before ‘__gnuc_va_list’
     _G_va_list __arg), __isoc99_vscanf)
     ^
/usr/include/stdio.h:505:8: error: expected declaration specifiers or ‘...’ before ‘__gnuc_va_list’
        _G_va_list __arg), __isoc99_vsscanf)
        ^
In file included from function.c:3:0:
/usr/include/stdio.h:531:19: error: expected declaration specifiers or ‘...’ before ‘FILE’
 extern int fgetc (FILE *__stream);
                   ^
/usr/include/stdio.h:532:18: error: expected declaration specifiers or ‘...’ before ‘FILE’
 extern int getc (FILE *__stream);
                  ^
/usr/include/stdio.h:538:12: error: storage class specified for parameter ‘getchar’
 extern int getchar (void);
            ^
/usr/include/stdio.h:550:27: error: expected declaration specifiers or ‘...’ before ‘FILE’
 extern int getc_unlocked (FILE *__stream);
                           ^
/usr/include/stdio.h:551:12: error: storage class specified for parameter ‘getchar_unlocked’
 extern int getchar_unlocked (void);
            ^
/usr/include/stdio.h:561:28: error: expected declaration specifiers or ‘...’ before ‘FILE’
 extern int fgetc_unlocked (FILE *__stream);
                            ^
/usr/include/stdio.h:573:28: error: expected declaration specifiers or ‘...’ before ‘FILE’
 extern int fputc (int __c, FILE *__stream);
                            ^
/usr/include/stdio.h:574:27: error: expected declaration specifiers or ‘...’ before ‘FILE’
 extern int putc (int __c, FILE *__stream);
                           ^
/usr/include/stdio.h:580:12: error: storage class specified for parameter ‘putchar’
 extern int putchar (int __c);
            ^
/usr/include/stdio.h:594:37: error: expected declaration specifiers or ‘...’ before ‘FILE’
 extern int fputc_unlocked (int __c, FILE *__stream);
                                     ^
/usr/include/stdio.h:602:36: error: expected declaration specifiers or ‘...’ before ‘FILE’
 extern int putc_unlocked (int __c, FILE *__stream);
                                    ^
/usr/include/stdio.h:603:12: error: storage class specified for parameter ‘putchar_unlocked’
 extern int putchar_unlocked (int __c);
            ^
/usr/include/stdio.h:610:18: error: expected declaration specifiers or ‘...’ before ‘FILE’
 extern int getw (FILE *__stream);
                  ^
/usr/include/stdio.h:613:27: error: expected declaration specifiers or ‘...’ before ‘FILE’
 extern int putw (int __w, FILE *__stream);
                           ^
/usr/include/stdio.h:622:52: error: expected declaration specifiers or ‘...’ before ‘FILE’
 extern char *fgets (char *__restrict __s, int __n, FILE *__restrict __stream)
                                                    ^
/usr/include/stdio.h:665:20: error: expected ‘=’, ‘,’, ‘;’, ‘asm’ or ‘__attribute__’ before ‘__getdelim’
 extern _IO_ssize_t __getdelim (char **__restrict __lineptr,
                    ^
/usr/include/stdio.h:668:20: error: expected ‘=’, ‘,’, ‘;’, ‘asm’ or ‘__attribute__’ before ‘getdelim’
 extern _IO_ssize_t getdelim (char **__restrict __lineptr,
                    ^
/usr/include/stdio.h:678:20: error: expected ‘=’, ‘,’, ‘;’, ‘asm’ or ‘__attribute__’ before ‘getline’
 extern _IO_ssize_t getline (char **__restrict __lineptr,
                    ^
/usr/include/stdio.h:689:47: error: expected declaration specifiers or ‘...’ before ‘FILE’
 extern int fputs (const char *__restrict __s, FILE *__restrict __stream);
                                               ^
/usr/include/stdio.h:695:12: error: storage class specified for parameter ‘puts’
 extern int puts (const char *__s);
            ^
/usr/include/stdio.h:702:29: error: expected declaration specifiers or ‘...’ before ‘FILE’
 extern int ungetc (int __c, FILE *__stream);
                             ^
/usr/include/stdio.h:709:8: error: unknown type name ‘size_t’
 extern size_t fread (void *__restrict __ptr, size_t __size,
        ^
/usr/include/stdio.h:709:46: error: unknown type name ‘size_t’
 extern size_t fread (void *__restrict __ptr, size_t __size,
                                              ^
/usr/include/stdio.h:710:8: error: unknown type name ‘size_t’
        size_t __n, FILE *__restrict __stream) __wur;
        ^
/usr/include/stdio.h:710:20: error: expected declaration specifiers or ‘...’ before ‘FILE’
        size_t __n, FILE *__restrict __stream) __wur;
                    ^
/usr/include/stdio.h:715:8: error: unknown type name ‘size_t’
 extern size_t fwrite (const void *__restrict __ptr, size_t __size,
        ^
/usr/include/stdio.h:715:53: error: unknown type name ‘size_t’
 extern size_t fwrite (const void *__restrict __ptr, size_t __size,
                                                     ^
/usr/include/stdio.h:716:9: error: unknown type name ‘size_t’
         size_t __n, FILE *__restrict __s);
         ^
/usr/include/stdio.h:716:21: error: expected declaration specifiers or ‘...’ before ‘FILE’
         size_t __n, FILE *__restrict __s);
                     ^
/usr/include/stdio.h:737:8: error: unknown type name ‘size_t’
 extern size_t fread_unlocked (void *__restrict __ptr, size_t __size,
        ^
/usr/include/stdio.h:737:55: error: unknown type name ‘size_t’
 extern size_t fread_unlocked (void *__restrict __ptr, size_t __size,
                                                       ^
/usr/include/stdio.h:738:10: error: unknown type name ‘size_t’
          size_t __n, FILE *__restrict __stream) __wur;
          ^
/usr/include/stdio.h:738:22: error: expected declaration specifiers or ‘...’ before ‘FILE’
          size_t __n, FILE *__restrict __stream) __wur;
                      ^
/usr/include/stdio.h:739:8: error: unknown type name ‘size_t’
 extern size_t fwrite_unlocked (const void *__restrict __ptr, size_t __size,
        ^
/usr/include/stdio.h:739:62: error: unknown type name ‘size_t’
 extern size_t fwrite_unlocked (const void *__restrict __ptr, size_t __size,
                                                              ^
/usr/include/stdio.h:740:11: error: unknown type name ‘size_t’
           size_t __n, FILE *__restrict __stream);
           ^
/usr/include/stdio.h:740:23: error: expected declaration specifiers or ‘...’ before ‘FILE’
           size_t __n, FILE *__restrict __stream);
                       ^
/usr/include/stdio.h:749:19: error: expected declaration specifiers or ‘...’ before ‘FILE’
 extern int fseek (FILE *__stream, long int __off, int __whence);
                   ^
/usr/include/stdio.h:754:24: error: expected declaration specifiers or ‘...’ before ‘FILE’
 extern long int ftell (FILE *__stream) __wur;
                        ^
/usr/include/stdio.h:759:21: error: expected declaration specifiers or ‘...’ before ‘FILE’
 extern void rewind (FILE *__stream);
                     ^
/usr/include/stdio.h:773:20: error: expected declaration specifiers or ‘...’ before ‘FILE’
 extern int fseeko (FILE *__stream, __off_t __off, int __whence);
                    ^
/usr/include/stdio.h:773:36: error: expected declaration specifiers or ‘...’ before ‘__off_t’
 extern int fseeko (FILE *__stream, __off_t __off, int __whence);
                                    ^
/usr/include/stdio.h:778:16: error: expected ‘=’, ‘,’, ‘;’, ‘asm’ or ‘__attribute__’ before ‘ftello’
 extern __off_t ftello (FILE *__stream) __wur;
                ^
/usr/include/stdio.h:798:21: error: expected declaration specifiers or ‘...’ before ‘FILE’
 extern int fgetpos (FILE *__restrict __stream, fpos_t *__restrict __pos);
                     ^
/usr/include/stdio.h:798:48: error: unknown type name ‘fpos_t’
 extern int fgetpos (FILE *__restrict __stream, fpos_t *__restrict __pos);
                                                ^
/usr/include/stdio.h:803:21: error: expected declaration specifiers or ‘...’ before ‘FILE’
 extern int fsetpos (FILE *__stream, const fpos_t *__pos);
                     ^
/usr/include/stdio.h:803:43: error: unknown type name ‘fpos_t’
 extern int fsetpos (FILE *__stream, const fpos_t *__pos);
                                           ^
/usr/include/stdio.h:826:23: error: expected declaration specifiers or ‘...’ before ‘FILE’
 extern void clearerr (FILE *__stream) __THROW;
                       ^
/usr/include/stdio.h:828:18: error: expected declaration specifiers or ‘...’ before ‘FILE’
 extern int feof (FILE *__stream) __THROW __wur;
                  ^
/usr/include/stdio.h:830:20: error: expected declaration specifiers or ‘...’ before ‘FILE’
 extern int ferror (FILE *__stream) __THROW __wur;
                    ^
/usr/include/stdio.h:835:32: error: expected declaration specifiers or ‘...’ before ‘FILE’
 extern void clearerr_unlocked (FILE *__stream) __THROW;
                                ^
/usr/include/stdio.h:836:27: error: expected declaration specifiers or ‘...’ before ‘FILE’
 extern int feof_unlocked (FILE *__stream) __THROW __wur;
                           ^
/usr/include/stdio.h:837:29: error: expected declaration specifiers or ‘...’ before ‘FILE’
 extern int ferror_unlocked (FILE *__stream) __THROW __wur;
                             ^
/usr/include/stdio.h:846:13: error: storage class specified for parameter ‘perror’
 extern void perror (const char *__s);
             ^
In file included from /usr/include/stdio.h:853:0,
                 from function.c:3:
/usr/include/x86_64-linux-gnu/bits/sys_errlist.h:26:12: error: storage class specified for parameter ‘sys_nerr’
 extern int sys_nerr;
            ^
/usr/include/x86_64-linux-gnu/bits/sys_errlist.h:27:26: error: storage class specified for parameter ‘sys_errlist’
 extern const char *const sys_errlist[];
                          ^
In file included from function.c:3:0:
/usr/include/stdio.h:858:20: error: expected declaration specifiers or ‘...’ before ‘FILE’
 extern int fileno (FILE *__stream) __THROW __wur;
                    ^
/usr/include/stdio.h:863:29: error: expected declaration specifiers or ‘...’ before ‘FILE’
 extern int fileno_unlocked (FILE *__stream) __THROW __wur;
                             ^
/usr/include/stdio.h:872:13: error: expected ‘=’, ‘,’, ‘;’, ‘asm’ or ‘__attribute__’ before ‘*’ token
 extern FILE *popen (const char *__command, const char *__modes) __wur;
             ^
/usr/include/stdio.h:878:20: error: expected declaration specifiers or ‘...’ before ‘FILE’
 extern int pclose (FILE *__stream);
                    ^
/usr/include/stdio.h:884:14: error: storage class specified for parameter ‘ctermid’
 extern char *ctermid (char *__s) __THROW;
              ^
/usr/include/stdio.h:912:24: error: expected declaration specifiers or ‘...’ before ‘FILE’
 extern void flockfile (FILE *__stream) __THROW;
                        ^
/usr/include/stdio.h:916:26: error: expected declaration specifiers or ‘...’ before ‘FILE’
 extern int ftrylockfile (FILE *__stream) __THROW __wur;
                          ^
/usr/include/stdio.h:919:26: error: expected declaration specifiers or ‘...’ before ‘FILE’
 extern void funlockfile (FILE *__stream) __THROW;
                          ^
In file included from /usr/include/stdlib.h:32:0,
                 from function.c:4:
/usr/lib/gcc/x86_64-linux-gnu/5/include/stddef.h:328:24: error: storage class specified for parameter ‘wchar_t’
 typedef __WCHAR_TYPE__ wchar_t;
                        ^
In file included from /usr/include/stdlib.h:41:0,
                 from function.c:4:
/usr/include/x86_64-linux-gnu/bits/waitflags.h:55:3: error: storage class specified for parameter ‘idtype_t’
 } idtype_t;
   ^
In file included from /usr/include/endian.h:60:0,
                 from /usr/include/x86_64-linux-gnu/bits/waitstatus.h:64,
                 from /usr/include/stdlib.h:42,
                 from function.c:4:
/usr/include/x86_64-linux-gnu/bits/byteswap.h:46:1: error: expected ‘=’, ‘,’, ‘;’, ‘asm’ or ‘__attribute__’ before ‘{’ token
 {
 ^
/usr/include/x86_64-linux-gnu/bits/byteswap.h:109:1: error: expected ‘=’, ‘,’, ‘;’, ‘asm’ or ‘__attribute__’ before ‘__bswap_64’
 __bswap_64 (__uint64_t __bsx)
 ^
In file included from function.c:4:0:
/usr/include/stdlib.h:71:5: error: storage class specified for parameter ‘__WAIT_STATUS’
   } __WAIT_STATUS __attribute__ ((__transparent_union__));
     ^
/usr/include/stdlib.h:101:5: error: storage class specified for parameter ‘div_t’
   } div_t;
     ^
/usr/include/stdlib.h:109:5: error: storage class specified for parameter ‘ldiv_t’
   } ldiv_t;
     ^
/usr/include/stdlib.h:117:1: error: expected declaration specifiers before ‘__extension__’
 __extension__ typedef struct
 ^
/usr/include/stdlib.h:121:5: error: expected declaration specifiers before ‘lldiv_t’
   } lldiv_t;
     ^
/usr/include/stdlib.h:139:8: error: unknown type name ‘size_t’
 extern size_t __ctype_get_mb_cur_max (void) __THROW __wur;
        ^
/usr/include/stdlib.h:139:15: error: storage class specified for parameter ‘__ctype_get_mb_cur_max’
 extern size_t __ctype_get_mb_cur_max (void) __THROW __wur;
               ^
/usr/include/stdlib.h:144:15: error: storage class specified for parameter ‘atof’
 extern double atof (const char *__nptr)
               ^
/usr/include/stdlib.h:147:12: error: storage class specified for parameter ‘atoi’
 extern int atoi (const char *__nptr)
            ^
/usr/include/stdlib.h:150:17: error: storage class specified for parameter ‘atol’
 extern long int atol (const char *__nptr)
                 ^
/usr/include/stdlib.h:157:1: error: expected declaration specifiers before ‘__extension__’
 __extension__ extern long long int atoll (const char *__nptr)
 ^
/usr/include/stdlib.h:164:15: error: storage class specified for parameter ‘strtod’
 extern double strtod (const char *__restrict __nptr,
               ^
/usr/include/stdlib.h:172:14: error: storage class specified for parameter ‘strtof’
 extern float strtof (const char *__restrict __nptr,
              ^
/usr/include/stdlib.h:175:20: error: storage class specified for parameter ‘strtold’
 extern long double strtold (const char *__restrict __nptr,
                    ^
/usr/include/stdlib.h:183:17: error: storage class specified for parameter ‘strtol’
 extern long int strtol (const char *__restrict __nptr,
                 ^
/usr/include/stdlib.h:187:26: error: storage class specified for parameter ‘strtoul’
 extern unsigned long int strtoul (const char *__restrict __nptr,
                          ^
/usr/include/stdlib.h:194:1: error: expected declaration specifiers before ‘__extension__’
 __extension__
 ^
/usr/include/stdlib.h:199:1: error: expected declaration specifiers before ‘__extension__’
 __extension__
 ^
/usr/include/stdlib.h:208:1: error: expected declaration specifiers before ‘__extension__’
 __extension__
 ^
/usr/include/stdlib.h:213:1: error: expected declaration specifiers before ‘__extension__’
 __extension__
 ^
/usr/include/stdlib.h:305:14: error: storage class specified for parameter ‘l64a’
 extern char *l64a (long int __n) __THROW __wur;
              ^
/usr/include/stdlib.h:308:17: error: storage class specified for parameter ‘a64l’
 extern long int a64l (const char *__s)
                 ^
In file included from /usr/include/stdlib.h:314:0,
                 from function.c:4:
/usr/include/x86_64-linux-gnu/sys/types.h:33:18: error: expected ‘=’, ‘,’, ‘;’, ‘asm’ or ‘__attribute__’ before ‘u_char’
 typedef __u_char u_char;
                  ^
/usr/include/x86_64-linux-gnu/sys/types.h:34:19: error: expected ‘=’, ‘,’, ‘;’, ‘asm’ or ‘__attribute__’ before ‘u_short’
 typedef __u_short u_short;
                   ^
/usr/include/x86_64-linux-gnu/sys/types.h:35:17: error: expected ‘=’, ‘,’, ‘;’, ‘asm’ or ‘__attribute__’ before ‘u_int’
 typedef __u_int u_int;
                 ^
/usr/include/x86_64-linux-gnu/sys/types.h:36:18: error: expected ‘=’, ‘,’, ‘;’, ‘asm’ or ‘__attribute__’ before ‘u_long’
 typedef __u_long u_long;
                  ^
/usr/include/x86_64-linux-gnu/sys/types.h:37:18: error: expected ‘=’, ‘,’, ‘;’, ‘asm’ or ‘__attribute__’ before ‘quad_t’
 typedef __quad_t quad_t;
                  ^
/usr/include/x86_64-linux-gnu/sys/types.h:38:20: error: expected ‘=’, ‘,’, ‘;’, ‘asm’ or ‘__attribute__’ before ‘u_quad_t’
 typedef __u_quad_t u_quad_t;
                    ^
/usr/include/x86_64-linux-gnu/sys/types.h:39:18: error: expected ‘=’, ‘,’, ‘;’, ‘asm’ or ‘__attribute__’ before ‘fsid_t’
 typedef __fsid_t fsid_t;
                  ^
/usr/include/x86_64-linux-gnu/sys/types.h:44:9: error: unknown type name ‘__loff_t’
 typedef __loff_t loff_t;
         ^
/usr/include/x86_64-linux-gnu/sys/types.h:44:18: error: storage class specified for parameter ‘loff_t’
 typedef __loff_t loff_t;
                  ^
/usr/include/x86_64-linux-gnu/sys/types.h:48:17: error: expected ‘=’, ‘,’, ‘;’, ‘asm’ or ‘__attribute__’ before ‘ino_t’
 typedef __ino_t ino_t;
                 ^
/usr/include/x86_64-linux-gnu/sys/types.h:60:17: error: expected ‘=’, ‘,’, ‘;’, ‘asm’ or ‘__attribute__’ before ‘dev_t’
 typedef __dev_t dev_t;
                 ^
/usr/include/x86_64-linux-gnu/sys/types.h:65:17: error: expected ‘=’, ‘,’, ‘;’, ‘asm’ or ‘__attribute__’ before ‘gid_t’
 typedef __gid_t gid_t;
                 ^
/usr/include/x86_64-linux-gnu/sys/types.h:70:18: error: expected ‘=’, ‘,’, ‘;’, ‘asm’ or ‘__attribute__’ before ‘mode_t’
 typedef __mode_t mode_t;
                  ^
/usr/include/x86_64-linux-gnu/sys/types.h:75:19: error: expected ‘=’, ‘,’, ‘;’, ‘asm’ or ‘__attribute__’ before ‘nlink_t’
 typedef __nlink_t nlink_t;
                   ^
/usr/include/x86_64-linux-gnu/sys/types.h:80:17: error: expected ‘=’, ‘,’, ‘;’, ‘asm’ or ‘__attribute__’ before ‘uid_t’
 typedef __uid_t uid_t;
                 ^
/usr/include/x86_64-linux-gnu/sys/types.h:98:17: error: expected ‘=’, ‘,’, ‘;’, ‘asm’ or ‘__attribute__’ before ‘pid_t’
 typedef __pid_t pid_t;
                 ^
/usr/include/x86_64-linux-gnu/sys/types.h:104:16: error: expected ‘=’, ‘,’, ‘;’, ‘asm’ or ‘__attribute__’ before ‘id_t’
 typedef __id_t id_t;
                ^
/usr/include/x86_64-linux-gnu/sys/types.h:115:19: error: expected ‘=’, ‘,’, ‘;’, ‘asm’ or ‘__attribute__’ before ‘daddr_t’
 typedef __daddr_t daddr_t;
                   ^
/usr/include/x86_64-linux-gnu/sys/types.h:116:19: error: expected ‘=’, ‘,’, ‘;’, ‘asm’ or ‘__attribute__’ before ‘caddr_t’
 typedef __caddr_t caddr_t;
                   ^
/usr/include/x86_64-linux-gnu/sys/types.h:122:17: error: expected ‘=’, ‘,’, ‘;’, ‘asm’ or ‘__attribute__’ before ‘key_t’
 typedef __key_t key_t;
                 ^
In file included from /usr/include/x86_64-linux-gnu/sys/types.h:132:0,
                 from /usr/include/stdlib.h:314,
                 from function.c:4:
/usr/include/time.h:59:19: error: expected ‘=’, ‘,’, ‘;’, ‘asm’ or ‘__attribute__’ before ‘clock_t’
 typedef __clock_t clock_t;
                   ^
/usr/include/time.h:75:18: error: expected ‘=’, ‘,’, ‘;’, ‘asm’ or ‘__attribute__’ before ‘time_t’
 typedef __time_t time_t;
                  ^
/usr/include/time.h:91:21: error: expected ‘=’, ‘,’, ‘;’, ‘asm’ or ‘__attribute__’ before ‘clockid_t’
 typedef __clockid_t clockid_t;
                     ^
/usr/include/time.h:103:19: error: expected ‘=’, ‘,’, ‘;’, ‘asm’ or ‘__attribute__’ before ‘timer_t’
 typedef __timer_t timer_t;
                   ^
In file included from /usr/include/stdlib.h:314:0,
                 from function.c:4:
/usr/include/x86_64-linux-gnu/sys/types.h:150:27: error: storage class specified for parameter ‘ulong’
 typedef unsigned long int ulong;
                           ^
/usr/include/x86_64-linux-gnu/sys/types.h:151:28: error: storage class specified for parameter ‘ushort’
 typedef unsigned short int ushort;
                            ^
/usr/include/x86_64-linux-gnu/sys/types.h:152:22: error: storage class specified for parameter ‘uint’
 typedef unsigned int uint;
                      ^
/usr/include/x86_64-linux-gnu/sys/types.h:194:1: error: storage class specified for parameter ‘int8_t’
 __intN_t (8, __QI__);
 ^
/usr/include/x86_64-linux-gnu/sys/types.h:195:1: error: storage class specified for parameter ‘int16_t’
 __intN_t (16, __HI__);
 ^
/usr/include/x86_64-linux-gnu/sys/types.h:196:1: error: storage class specified for parameter ‘int32_t’
 __intN_t (32, __SI__);
 ^
/usr/include/x86_64-linux-gnu/sys/types.h:197:1: error: storage class specified for parameter ‘int64_t’
 __intN_t (64, __DI__);
 ^
/usr/include/x86_64-linux-gnu/sys/types.h:200:1: error: storage class specified for parameter ‘u_int8_t’
 __u_intN_t (8, __QI__);
 ^
/usr/include/x86_64-linux-gnu/sys/types.h:201:1: error: storage class specified for parameter ‘u_int16_t’
 __u_intN_t (16, __HI__);
 ^
/usr/include/x86_64-linux-gnu/sys/types.h:202:1: error: storage class specified for parameter ‘u_int32_t’
 __u_intN_t (32, __SI__);
 ^
/usr/include/x86_64-linux-gnu/sys/types.h:203:1: error: storage class specified for parameter ‘u_int64_t’
 __u_intN_t (64, __DI__);
 ^
/usr/include/x86_64-linux-gnu/sys/types.h:205:13: error: storage class specified for parameter ‘register_t’
 typedef int register_t __attribute__ ((__mode__ (__word__)));
             ^
In file included from /usr/include/x86_64-linux-gnu/sys/select.h:33:0,
                 from /usr/include/x86_64-linux-gnu/sys/types.h:219,
                 from /usr/include/stdlib.h:314,
                 from function.c:4:
/usr/include/x86_64-linux-gnu/bits/sigset.h:22:13: error: storage class specified for parameter ‘__sig_atomic_t’
 typedef int __sig_atomic_t;
             ^
/usr/include/x86_64-linux-gnu/bits/sigset.h:30:5: error: storage class specified for parameter ‘__sigset_t’
   } __sigset_t;
     ^
In file included from /usr/include/x86_64-linux-gnu/sys/types.h:219:0,
                 from /usr/include/stdlib.h:314,
                 from function.c:4:
/usr/include/x86_64-linux-gnu/sys/select.h:37:20: error: expected ‘=’, ‘,’, ‘;’, ‘asm’ or ‘__attribute__’ before ‘sigset_t’
 typedef __sigset_t sigset_t;
                    ^
In file included from /usr/include/x86_64-linux-gnu/sys/select.h:43:0,
                 from /usr/include/x86_64-linux-gnu/sys/types.h:219,
                 from /usr/include/stdlib.h:314,
                 from function.c:4:
/usr/include/time.h:122:5: error: expected specifier-qualifier-list before ‘__time_t’
     __time_t tv_sec;  /* Seconds.  */
     ^
In file included from /usr/include/x86_64-linux-gnu/sys/select.h:45:0,
                 from /usr/include/x86_64-linux-gnu/sys/types.h:219,
                 from /usr/include/stdlib.h:314,
                 from function.c:4:
/usr/include/x86_64-linux-gnu/bits/time.h:32:5: error: expected specifier-qualifier-list before ‘__time_t’
     __time_t tv_sec;  /* Seconds.  */
     ^
In file included from /usr/include/x86_64-linux-gnu/sys/types.h:219:0,
                 from /usr/include/stdlib.h:314,
                 from function.c:4:
/usr/include/x86_64-linux-gnu/sys/select.h:48:23: error: expected ‘=’, ‘,’, ‘;’, ‘asm’ or ‘__attribute__’ before ‘suseconds_t’
 typedef __suseconds_t suseconds_t;
                       ^
/usr/include/x86_64-linux-gnu/sys/select.h:54:18: error: storage class specified for parameter ‘__fd_mask’
 typedef long int __fd_mask;
                  ^
/usr/include/x86_64-linux-gnu/sys/select.h:72:5: error: expected specifier-qualifier-list before ‘__fd_mask’
     __fd_mask __fds_bits[__FD_SETSIZE / __NFDBITS];
     ^
/usr/include/x86_64-linux-gnu/sys/select.h:75:5: error: storage class specified for parameter ‘fd_set’
   } fd_set;
     ^
/usr/include/x86_64-linux-gnu/sys/select.h:82:19: error: expected ‘=’, ‘,’, ‘;’, ‘asm’ or ‘__attribute__’ before ‘fd_mask’
 typedef __fd_mask fd_mask;
                   ^
/usr/include/x86_64-linux-gnu/sys/select.h:106:32: error: expected declaration specifiers or ‘...’ before ‘fd_set’
 extern int select (int __nfds, fd_set *__restrict __readfds,
                                ^
/usr/include/x86_64-linux-gnu/sys/select.h:107:6: error: expected declaration specifiers or ‘...’ before ‘fd_set’
      fd_set *__restrict __writefds,
      ^
/usr/include/x86_64-linux-gnu/sys/select.h:108:6: error: expected declaration specifiers or ‘...’ before ‘fd_set’
      fd_set *__restrict __exceptfds,
      ^
/usr/include/x86_64-linux-gnu/sys/select.h:118:33: error: expected declaration specifiers or ‘...’ before ‘fd_set’
 extern int pselect (int __nfds, fd_set *__restrict __readfds,
                                 ^
/usr/include/x86_64-linux-gnu/sys/select.h:119:7: error: expected declaration specifiers or ‘...’ before ‘fd_set’
       fd_set *__restrict __writefds,
       ^
/usr/include/x86_64-linux-gnu/sys/select.h:120:7: error: expected declaration specifiers or ‘...’ before ‘fd_set’
       fd_set *__restrict __exceptfds,
       ^
/usr/include/x86_64-linux-gnu/sys/select.h:122:24: error: expected ‘;’, ‘,’ or ‘)’ before ‘*’ token
       const __sigset_t *__restrict __sigmask);
                        ^
In file included from /usr/include/x86_64-linux-gnu/sys/types.h:222:0,
                 from /usr/include/stdlib.h:314,
                 from function.c:4:
/usr/include/x86_64-linux-gnu/sys/sysmacros.h:26:1: error: expected declaration specifiers before ‘__extension__’
 __extension__
 ^
/usr/include/x86_64-linux-gnu/sys/sysmacros.h:29:1: error: expected declaration specifiers before ‘__extension__’
 __extension__
 ^
/usr/include/x86_64-linux-gnu/sys/sysmacros.h:32:1: error: expected declaration specifiers before ‘__extension__’
 __extension__
 ^
In file included from /usr/include/stdlib.h:314:0,
                 from function.c:4:
/usr/include/x86_64-linux-gnu/sys/types.h:228:21: error: expected ‘=’, ‘,’, ‘;’, ‘asm’ or ‘__attribute__’ before ‘blksize_t’
 typedef __blksize_t blksize_t;
                     ^
/usr/include/x86_64-linux-gnu/sys/types.h:235:20: error: expected ‘=’, ‘,’, ‘;’, ‘asm’ or ‘__attribute__’ before ‘blkcnt_t’
 typedef __blkcnt_t blkcnt_t;  /* Type to count number of disk blocks.  */
                    ^
/usr/include/x86_64-linux-gnu/sys/types.h:239:22: error: expected ‘=’, ‘,’, ‘;’, ‘asm’ or ‘__attribute__’ before ‘fsblkcnt_t’
 typedef __fsblkcnt_t fsblkcnt_t; /* Type to count file system blocks.  */
                      ^
/usr/include/x86_64-linux-gnu/sys/types.h:243:22: error: expected ‘=’, ‘,’, ‘;’, ‘asm’ or ‘__attribute__’ before ‘fsfilcnt_t’
 typedef __fsfilcnt_t fsfilcnt_t; /* Type to count file system inodes.  */
                      ^
In file included from /usr/include/x86_64-linux-gnu/sys/types.h:270:0,
                 from /usr/include/stdlib.h:314,
                 from function.c:4:
/usr/include/x86_64-linux-gnu/bits/pthreadtypes.h:60:27: error: storage class specified for parameter ‘pthread_t’
 typedef unsigned long int pthread_t;
                           ^
/usr/include/x86_64-linux-gnu/bits/pthreadtypes.h:69:30: error: storage class specified for parameter ‘pthread_attr_t’
 typedef union pthread_attr_t pthread_attr_t;
                              ^
/usr/include/x86_64-linux-gnu/bits/pthreadtypes.h:79:3: error: storage class specified for parameter ‘__pthread_list_t’
 } __pthread_list_t;
   ^
/usr/include/x86_64-linux-gnu/bits/pthreadtypes.h:106:5: error: expected specifier-qualifier-list before ‘__pthread_list_t’
     __pthread_list_t __list;
     ^
/usr/include/x86_64-linux-gnu/bits/pthreadtypes.h:128:3: error: storage class specified for parameter ‘pthread_mutex_t’
 } pthread_mutex_t;
   ^
/usr/include/x86_64-linux-gnu/bits/pthreadtypes.h:134:3: error: storage class specified for parameter ‘pthread_mutexattr_t’
 } pthread_mutexattr_t;
   ^
/usr/include/x86_64-linux-gnu/bits/pthreadtypes.h:154:3: error: storage class specified for parameter ‘pthread_cond_t’
 } pthread_cond_t;
   ^
/usr/include/x86_64-linux-gnu/bits/pthreadtypes.h:160:3: error: storage class specified for parameter ‘pthread_condattr_t’
 } pthread_condattr_t;
   ^
/usr/include/x86_64-linux-gnu/bits/pthreadtypes.h:164:22: error: storage class specified for parameter ‘pthread_key_t’
 typedef unsigned int pthread_key_t;
                      ^
/usr/include/x86_64-linux-gnu/bits/pthreadtypes.h:168:13: error: storage class specified for parameter ‘pthread_once_t’
 typedef int pthread_once_t;
             ^
/usr/include/x86_64-linux-gnu/bits/pthreadtypes.h:222:3: error: storage class specified for parameter ‘pthread_rwlock_t’
 } pthread_rwlock_t;
   ^
/usr/include/x86_64-linux-gnu/bits/pthreadtypes.h:228:3: error: storage class specified for parameter ‘pthread_rwlockattr_t’
 } pthread_rwlockattr_t;
   ^
/usr/include/x86_64-linux-gnu/bits/pthreadtypes.h:234:22: error: storage class specified for parameter ‘pthread_spinlock_t’
 typedef volatile int pthread_spinlock_t;
                      ^
/usr/include/x86_64-linux-gnu/bits/pthreadtypes.h:243:3: error: storage class specified for parameter ‘pthread_barrier_t’
 } pthread_barrier_t;
   ^
/usr/include/x86_64-linux-gnu/bits/pthreadtypes.h:249:3: error: storage class specified for parameter ‘pthread_barrierattr_t’
 } pthread_barrierattr_t;
   ^
In file included from function.c:4:0:
/usr/include/stdlib.h:321:17: error: storage class specified for parameter ‘random’
 extern long int random (void) __THROW;
                 ^
/usr/include/stdlib.h:324:13: error: storage class specified for parameter ‘srandom’
 extern void srandom (unsigned int __seed) __THROW;
             ^
/usr/include/stdlib.h:331:4: error: unknown type name ‘size_t’
    size_t __statelen) __THROW __nonnull ((2));
    ^
/usr/include/stdlib.h:335:14: error: storage class specified for parameter ‘setstate’
 extern char *setstate (char *__statebuf) __THROW __nonnull ((1));
              ^
/usr/include/stdlib.h:345:5: error: expected specifier-qualifier-list before ‘int32_t’
     int32_t *fptr;  /* Front pointer.  */
     ^
/usr/include/stdlib.h:355:8: error: expected declaration specifiers or ‘...’ before ‘int32_t’
        int32_t *__restrict __result) __THROW __nonnull ((1, 2));
        ^
/usr/include/stdlib.h:357:12: error: storage class specified for parameter ‘srandom_r’
 extern int srandom_r (unsigned int __seed, struct random_data *__buf)
            ^
/usr/include/stdlib.h:361:4: error: unknown type name ‘size_t’
    size_t __statelen,
    ^
/usr/include/stdlib.h:365:12: error: storage class specified for parameter ‘setstate_r’
 extern int setstate_r (char *__restrict __statebuf,
            ^
/usr/include/stdlib.h:374:12: error: storage class specified for parameter ‘rand’
 extern int rand (void) __THROW;
            ^
/usr/include/stdlib.h:376:13: error: storage class specified for parameter ‘srand’
 extern void srand (unsigned int __seed) __THROW;
             ^
/usr/include/stdlib.h:381:12: error: storage class specified for parameter ‘rand_r’
 extern int rand_r (unsigned int *__seed) __THROW;
            ^
/usr/include/stdlib.h:389:15: error: storage class specified for parameter ‘drand48’
 extern double drand48 (void) __THROW;
               ^
/usr/include/stdlib.h:390:15: error: storage class specified for parameter ‘erand48’
 extern double erand48 (unsigned short int __xsubi[3]) __THROW __nonnull ((1));
               ^
/usr/include/stdlib.h:393:17: error: storage class specified for parameter ‘lrand48’
 extern long int lrand48 (void) __THROW;
                 ^
/usr/include/stdlib.h:394:17: error: storage class specified for parameter ‘nrand48’
 extern long int nrand48 (unsigned short int __xsubi[3])
                 ^
/usr/include/stdlib.h:398:17: error: storage class specified for parameter ‘mrand48’
 extern long int mrand48 (void) __THROW;
                 ^
/usr/include/stdlib.h:399:17: error: storage class specified for parameter ‘jrand48’
 extern long int jrand48 (unsigned short int __xsubi[3])
                 ^
/usr/include/stdlib.h:403:13: error: storage class specified for parameter ‘srand48’
 extern void srand48 (long int __seedval) __THROW;
             ^
/usr/include/stdlib.h:404:28: error: storage class specified for parameter ‘seed48’
 extern unsigned short int *seed48 (unsigned short int __seed16v[3])
                            ^
/usr/include/stdlib.h:406:13: error: storage class specified for parameter ‘lcong48’
 extern void lcong48 (unsigned short int __param[7]) __THROW __nonnull ((1));
             ^
/usr/include/stdlib.h:423:12: error: storage class specified for parameter ‘drand48_r’
 extern int drand48_r (struct drand48_data *__restrict __buffer,
            ^
/usr/include/stdlib.h:425:12: error: storage class specified for parameter ‘erand48_r’
 extern int erand48_r (unsigned short int __xsubi[3],
            ^
/usr/include/stdlib.h:430:12: error: storage class specified for parameter ‘lrand48_r’
 extern int lrand48_r (struct drand48_data *__restrict __buffer,
            ^
/usr/include/stdlib.h:433:12: error: storage class specified for parameter ‘nrand48_r’
 extern int nrand48_r (unsigned short int __xsubi[3],
            ^
/usr/include/stdlib.h:439:12: error: storage class specified for parameter ‘mrand48_r’
 extern int mrand48_r (struct drand48_data *__restrict __buffer,
            ^
/usr/include/stdlib.h:442:12: error: storage class specified for parameter ‘jrand48_r’
 extern int jrand48_r (unsigned short int __xsubi[3],
            ^
/usr/include/stdlib.h:448:12: error: storage class specified for parameter ‘srand48_r’
 extern int srand48_r (long int __seedval, struct drand48_data *__buffer)
            ^
/usr/include/stdlib.h:451:12: error: storage class specified for parameter ‘seed48_r’
 extern int seed48_r (unsigned short int __seed16v[3],
            ^
/usr/include/stdlib.h:454:12: error: storage class specified for parameter ‘lcong48_r’
 extern int lcong48_r (unsigned short int __param[7],
            ^
/usr/include/stdlib.h:466:22: error: unknown type name ‘size_t’
 extern void *malloc (size_t __size) __THROW __attribute_malloc__ __wur;
                      ^
/usr/include/stdlib.h:468:22: error: unknown type name ‘size_t’
 extern void *calloc (size_t __nmemb, size_t __size)
                      ^
/usr/include/stdlib.h:468:38: error: unknown type name ‘size_t’
 extern void *calloc (size_t __nmemb, size_t __size)
                                      ^
/usr/include/stdlib.h:480:36: error: unknown type name ‘size_t’
 extern void *realloc (void *__ptr, size_t __size)
                                    ^
/usr/include/stdlib.h:483:13: error: storage class specified for parameter ‘free’
 extern void free (void *__ptr) __THROW;
             ^
/usr/include/stdlib.h:488:13: error: storage class specified for parameter ‘cfree’
 extern void cfree (void *__ptr) __THROW;
             ^
In file included from /usr/include/stdlib.h:492:0,
                 from function.c:4:
/usr/include/alloca.h:32:22: error: unknown type name ‘size_t’
 extern void *alloca (size_t __size) __THROW;
                      ^
In file included from function.c:4:0:
/usr/include/stdlib.h:498:22: error: unknown type name ‘size_t’
 extern void *valloc (size_t __size) __THROW __attribute_malloc__ __wur;
                      ^
/usr/include/stdlib.h:503:45: error: unknown type name ‘size_t’
 extern int posix_memalign (void **__memptr, size_t __alignment, size_t __size)
                                             ^
/usr/include/stdlib.h:503:65: error: unknown type name ‘size_t’
 extern int posix_memalign (void **__memptr, size_t __alignment, size_t __size)
                                                                 ^
/usr/include/stdlib.h:509:29: error: unknown type name ‘size_t’
 extern void *aligned_alloc (size_t __alignment, size_t __size)
                             ^
/usr/include/stdlib.h:509:49: error: unknown type name ‘size_t’
 extern void *aligned_alloc (size_t __alignment, size_t __size)
                                                 ^
/usr/include/stdlib.h:515:13: error: storage class specified for parameter ‘abort’
 extern void abort (void) __THROW __attribute__ ((__noreturn__));
             ^
/usr/include/stdlib.h:519:12: error: storage class specified for parameter ‘atexit’
 extern int atexit (void (*__func) (void)) __THROW __nonnull ((1));
            ^
/usr/include/stdlib.h:527:12: error: storage class specified for parameter ‘at_quick_exit’
 extern int at_quick_exit (void (*__func) (void)) __THROW __nonnull ((1));
            ^
/usr/include/stdlib.h:535:12: error: storage class specified for parameter ‘on_exit’
 extern int on_exit (void (*__func) (int __status, void *__arg), void *__arg)
            ^
/usr/include/stdlib.h:543:13: error: storage class specified for parameter ‘exit’
 extern void exit (int __status) __THROW __attribute__ ((__noreturn__));
             ^
/usr/include/stdlib.h:549:13: error: storage class specified for parameter ‘quick_exit’
 extern void quick_exit (int __status) __THROW __attribute__ ((__noreturn__));
             ^
/usr/include/stdlib.h:557:13: error: storage class specified for parameter ‘_Exit’
 extern void _Exit (int __status) __THROW __attribute__ ((__noreturn__));
             ^
/usr/include/stdlib.h:564:14: error: storage class specified for parameter ‘getenv’
 extern char *getenv (const char *__name) __THROW __nonnull ((1)) __wur;
              ^
/usr/include/stdlib.h:578:12: error: storage class specified for parameter ‘putenv’
 extern int putenv (char *__string) __THROW __nonnull ((1));
            ^
/usr/include/stdlib.h:584:12: error: storage class specified for parameter ‘setenv’
 extern int setenv (const char *__name, const char *__value, int __replace)
            ^
/usr/include/stdlib.h:588:12: error: storage class specified for parameter ‘unsetenv’
 extern int unsetenv (const char *__name) __THROW __nonnull ((1));
            ^
/usr/include/stdlib.h:595:12: error: storage class specified for parameter ‘clearenv’
 extern int clearenv (void) __THROW;
            ^
/usr/include/stdlib.h:606:14: error: storage class specified for parameter ‘mktemp’
 extern char *mktemp (char *__template) __THROW __nonnull ((1));
              ^
/usr/include/stdlib.h:619:12: error: storage class specified for parameter ‘mkstemp’
 extern int mkstemp (char *__template) __nonnull ((1)) __wur;
            ^
/usr/include/stdlib.h:641:12: error: storage class specified for parameter ‘mkstemps’
 extern int mkstemps (char *__template, int __suffixlen) __nonnull ((1)) __wur;
            ^
/usr/include/stdlib.h:662:14: error: storage class specified for parameter ‘mkdtemp’
 extern char *mkdtemp (char *__template) __THROW __nonnull ((1)) __wur;
              ^
/usr/include/stdlib.h:716:12: error: storage class specified for parameter ‘system’
 extern int system (const char *__command) __wur;
            ^
/usr/include/stdlib.h:733:14: error: storage class specified for parameter ‘realpath’
 extern char *realpath (const char *__restrict __name,
              ^
/usr/include/stdlib.h:741:15: error: storage class specified for parameter ‘__compar_fn_t’
 typedef int (*__compar_fn_t) (const void *, const void *);
               ^
/usr/include/stdlib.h:755:9: error: unknown type name ‘size_t’
         size_t __nmemb, size_t __size, __compar_fn_t __compar)
         ^
/usr/include/stdlib.h:755:25: error: unknown type name ‘size_t’
         size_t __nmemb, size_t __size, __compar_fn_t __compar)
                         ^
/usr/include/stdlib.h:755:40: error: expected declaration specifiers or ‘...’ before ‘__compar_fn_t’
         size_t __nmemb, size_t __size, __compar_fn_t __compar)
                                        ^
/usr/include/stdlib.h:764:34: error: unknown type name ‘size_t’
 extern void qsort (void *__base, size_t __nmemb, size_t __size,
                                  ^
/usr/include/stdlib.h:764:50: error: unknown type name ‘size_t’
 extern void qsort (void *__base, size_t __nmemb, size_t __size,
                                                  ^
/usr/include/stdlib.h:765:6: error: expected declaration specifiers or ‘...’ before ‘__compar_fn_t’
      __compar_fn_t __compar) __nonnull ((1, 4));
      ^
/usr/include/stdlib.h:774:12: error: storage class specified for parameter ‘abs’
 extern int abs (int __x) __THROW __attribute__ ((__const__)) __wur;
            ^
/usr/include/stdlib.h:775:17: error: storage class specified for parameter ‘labs’
 extern long int labs (long int __x) __THROW __attribute__ ((__const__)) __wur;
                 ^
/usr/include/stdlib.h:779:1: error: expected declaration specifiers before ‘__extension__’
 __extension__ extern long long int llabs (long long int __x)
 ^
/usr/include/stdlib.h:788:14: error: expected ‘=’, ‘,’, ‘;’, ‘asm’ or ‘__attribute__’ before ‘div’
 extern div_t div (int __numer, int __denom)
              ^
/usr/include/stdlib.h:790:15: error: expected ‘=’, ‘,’, ‘;’, ‘asm’ or ‘__attribute__’ before ‘ldiv’
 extern ldiv_t ldiv (long int __numer, long int __denom)
               ^
/usr/include/stdlib.h:796:1: error: expected declaration specifiers before ‘__extension__’
 __extension__ extern lldiv_t lldiv (long long int __numer,
 ^
/usr/include/stdlib.h:811:14: error: storage class specified for parameter ‘ecvt’
 extern char *ecvt (double __value, int __ndigit, int *__restrict __decpt,
              ^
/usr/include/stdlib.h:817:14: error: storage class specified for parameter ‘fcvt’
 extern char *fcvt (double __value, int __ndigit, int *__restrict __decpt,
              ^
/usr/include/stdlib.h:823:14: error: storage class specified for parameter ‘gcvt’
 extern char *gcvt (double __value, int __ndigit, char *__buf)
              ^
/usr/include/stdlib.h:829:14: error: storage class specified for parameter ‘qecvt’
 extern char *qecvt (long double __value, int __ndigit,
              ^
/usr/include/stdlib.h:832:14: error: storage class specified for parameter ‘qfcvt’
 extern char *qfcvt (long double __value, int __ndigit,
              ^
/usr/include/stdlib.h:835:14: error: storage class specified for parameter ‘qgcvt’
 extern char *qgcvt (long double __value, int __ndigit, char *__buf)
              ^
/usr/include/stdlib.h:843:6: error: unknown type name ‘size_t’
      size_t __len) __THROW __nonnull ((3, 4, 5));
      ^
/usr/include/stdlib.h:846:6: error: unknown type name ‘size_t’
      size_t __len) __THROW __nonnull ((3, 4, 5));
      ^
/usr/include/stdlib.h:850:31: error: unknown type name ‘size_t’
       char *__restrict __buf, size_t __len)
                               ^
/usr/include/stdlib.h:854:31: error: unknown type name ‘size_t’
       char *__restrict __buf, size_t __len)
                               ^
/usr/include/stdlib.h:862:36: error: unknown type name ‘size_t’
 extern int mblen (const char *__s, size_t __n) __THROW;
                                    ^
/usr/include/stdlib.h:865:20: error: expected declaration specifiers or ‘...’ before ‘wchar_t’
 extern int mbtowc (wchar_t *__restrict __pwc,
                    ^
/usr/include/stdlib.h:866:34: error: unknown type name ‘size_t’
      const char *__restrict __s, size_t __n) __THROW;
                                  ^
/usr/include/stdlib.h:869:31: error: expected declaration specifiers or ‘...’ before ‘wchar_t’
 extern int wctomb (char *__s, wchar_t __wchar) __THROW;
                               ^
/usr/include/stdlib.h:873:8: error: unknown type name ‘size_t’
 extern size_t mbstowcs (wchar_t *__restrict  __pwcs,
        ^
/usr/include/stdlib.h:873:25: error: expected declaration specifiers or ‘...’ before ‘wchar_t’
 extern size_t mbstowcs (wchar_t *__restrict  __pwcs,
                         ^
/usr/include/stdlib.h:874:32: error: unknown type name ‘size_t’
    const char *__restrict __s, size_t __n) __THROW;
                                ^
/usr/include/stdlib.h:876:8: error: unknown type name ‘size_t’
 extern size_t wcstombs (char *__restrict __s,
        ^
/usr/include/stdlib.h:877:18: error: expected ‘;’, ‘,’ or ‘)’ before ‘*’ token
    const wchar_t *__restrict __pwcs, size_t __n)
                  ^
/usr/include/stdlib.h:887:12: error: storage class specified for parameter ‘rpmatch’
 extern int rpmatch (const char *__response) __THROW __nonnull ((1)) __wur;
            ^
/usr/include/stdlib.h:898:12: error: storage class specified for parameter ‘getsubopt’
 extern int getsubopt (char **__restrict __optionp,
            ^
/usr/include/stdlib.h:950:12: error: storage class specified for parameter ‘getloadavg’
 extern int getloadavg (double __loadavg[], int __nelem)
            ^
In file included from function.c:5:0:
/usr/include/time.h:189:8: error: unknown type name ‘clock_t’
 extern clock_t clock (void) __THROW;
        ^
/usr/include/time.h:189:16: error: storage class specified for parameter ‘clock’
 extern clock_t clock (void) __THROW;
                ^
/usr/include/time.h:192:8: error: unknown type name ‘time_t’
 extern time_t time (time_t *__timer) __THROW;
        ^
/usr/include/time.h:192:21: error: unknown type name ‘time_t’
 extern time_t time (time_t *__timer) __THROW;
                     ^
/usr/include/time.h:195:25: error: unknown type name ‘time_t’
 extern double difftime (time_t __time1, time_t __time0)
                         ^
/usr/include/time.h:195:41: error: unknown type name ‘time_t’
 extern double difftime (time_t __time1, time_t __time0)
                                         ^
/usr/include/time.h:199:8: error: unknown type name ‘time_t’
 extern time_t mktime (struct tm *__tp) __THROW;
        ^
/usr/include/time.h:199:15: error: storage class specified for parameter ‘mktime’
 extern time_t mktime (struct tm *__tp) __THROW;
               ^
/usr/include/time.h:205:8: error: unknown type name ‘size_t’
 extern size_t strftime (char *__restrict __s, size_t __maxsize,
        ^
/usr/include/time.h:205:47: error: unknown type name ‘size_t’
 extern size_t strftime (char *__restrict __s, size_t __maxsize,
                                               ^
In file included from /usr/include/time.h:221:0,
                 from function.c:5:
/usr/include/xlocale.h:39:4: error: storage class specified for parameter ‘__locale_t’
 } *__locale_t;
    ^
/usr/include/xlocale.h:42:20: error: expected ‘=’, ‘,’, ‘;’, ‘asm’ or ‘__attribute__’ before ‘locale_t’
 typedef __locale_t locale_t;
                    ^
In file included from function.c:5:0:
/usr/include/time.h:223:8: error: unknown type name ‘size_t’
 extern size_t strftime_l (char *__restrict __s, size_t __maxsize,
        ^
/usr/include/time.h:223:49: error: unknown type name ‘size_t’
 extern size_t strftime_l (char *__restrict __s, size_t __maxsize,
                                                 ^
/usr/include/time.h:226:6: error: expected declaration specifiers or ‘...’ before ‘__locale_t’
      __locale_t __loc) __THROW;
      ^
/usr/include/time.h:239:33: error: unknown type name ‘time_t’
 extern struct tm *gmtime (const time_t *__timer) __THROW;
                                 ^
/usr/include/time.h:239:19: error: storage class specified for parameter ‘gmtime’
 extern struct tm *gmtime (const time_t *__timer) __THROW;
                   ^
/usr/include/time.h:243:36: error: unknown type name ‘time_t’
 extern struct tm *localtime (const time_t *__timer) __THROW;
                                    ^
/usr/include/time.h:243:19: error: storage class specified for parameter ‘localtime’
 extern struct tm *localtime (const time_t *__timer) __THROW;
                   ^
/usr/include/time.h:249:35: error: unknown type name ‘time_t’
 extern struct tm *gmtime_r (const time_t *__restrict __timer,
                                   ^
/usr/include/time.h:249:19: error: storage class specified for parameter ‘gmtime_r’
 extern struct tm *gmtime_r (const time_t *__restrict __timer,
                   ^
/usr/include/time.h:254:38: error: unknown type name ‘time_t’
 extern struct tm *localtime_r (const time_t *__restrict __timer,
                                      ^
/usr/include/time.h:254:19: error: storage class specified for parameter ‘localtime_r’
 extern struct tm *localtime_r (const time_t *__restrict __timer,
                   ^
/usr/include/time.h:261:14: error: storage class specified for parameter ‘asctime’
 extern char *asctime (const struct tm *__tp) __THROW;
              ^
/usr/include/time.h:264:27: error: unknown type name ‘time_t’
 extern char *ctime (const time_t *__timer) __THROW;
                           ^
/usr/include/time.h:264:14: error: storage class specified for parameter ‘ctime’
 extern char *ctime (const time_t *__timer) __THROW;
              ^
/usr/include/time.h:272:14: error: storage class specified for parameter ‘asctime_r’
 extern char *asctime_r (const struct tm *__restrict __tp,
              ^
/usr/include/time.h:276:29: error: unknown type name ‘time_t’
 extern char *ctime_r (const time_t *__restrict __timer,
                             ^
/usr/include/time.h:276:14: error: storage class specified for parameter ‘ctime_r’
 extern char *ctime_r (const time_t *__restrict __timer,
              ^
/usr/include/time.h:282:14: error: storage class specified for parameter ‘__tzname’
 extern char *__tzname[2]; /* Current timezone names.  */
              ^
/usr/include/time.h:283:12: error: storage class specified for parameter ‘__daylight’
 extern int __daylight;  /* If daylight-saving time is ever in use.  */
            ^
/usr/include/time.h:284:17: error: storage class specified for parameter ‘__timezone’
 extern long int __timezone; /* Seconds west of UTC.  */
                 ^
/usr/include/time.h:289:14: error: storage class specified for parameter ‘tzname’
 extern char *tzname[2];
              ^
/usr/include/time.h:293:13: error: storage class specified for parameter ‘tzset’
 extern void tzset (void) __THROW;
             ^
/usr/include/time.h:297:12: error: storage class specified for parameter ‘daylight’
 extern int daylight;
            ^
/usr/include/time.h:298:17: error: storage class specified for parameter ‘timezone’
 extern long int timezone;
                 ^
/usr/include/time.h:304:25: error: unknown type name ‘time_t’
 extern int stime (const time_t *__when) __THROW;
                         ^
/usr/include/time.h:304:12: error: storage class specified for parameter ‘stime’
 extern int stime (const time_t *__when) __THROW;
            ^
/usr/include/time.h:319:8: error: unknown type name ‘time_t’
 extern time_t timegm (struct tm *__tp) __THROW;
        ^
/usr/include/time.h:319:15: error: storage class specified for parameter ‘timegm’
 extern time_t timegm (struct tm *__tp) __THROW;
               ^
/usr/include/time.h:322:8: error: unknown type name ‘time_t’
 extern time_t timelocal (struct tm *__tp) __THROW;
        ^
/usr/include/time.h:322:15: error: storage class specified for parameter ‘timelocal’
 extern time_t timelocal (struct tm *__tp) __THROW;
               ^
/usr/include/time.h:325:12: error: storage class specified for parameter ‘dysize’
 extern int dysize (int __year) __THROW  __attribute__ ((__const__));
            ^
/usr/include/time.h:334:12: error: storage class specified for parameter ‘nanosleep’
 extern int nanosleep (const struct timespec *__requested_time,
            ^
/usr/include/time.h:339:26: error: unknown type name ‘clockid_t’
 extern int clock_getres (clockid_t __clock_id, struct timespec *__res) __THROW;
                          ^
/usr/include/time.h:342:27: error: unknown type name ‘clockid_t’
 extern int clock_gettime (clockid_t __clock_id, struct timespec *__tp) __THROW;
                           ^
/usr/include/time.h:345:27: error: unknown type name ‘clockid_t’
 extern int clock_settime (clockid_t __clock_id, const struct timespec *__tp)
                           ^
/usr/include/time.h:353:29: error: unknown type name ‘clockid_t’
 extern int clock_nanosleep (clockid_t __clock_id, int __flags,
                             ^
/usr/include/time.h:358:33: error: unknown type name ‘pid_t’
 extern int clock_getcpuclockid (pid_t __pid, clockid_t *__clock_id) __THROW;
                                 ^
/usr/include/time.h:358:46: error: unknown type name ‘clockid_t’
 extern int clock_getcpuclockid (pid_t __pid, clockid_t *__clock_id) __THROW;
                                              ^
/usr/include/time.h:363:26: error: unknown type name ‘clockid_t’
 extern int timer_create (clockid_t __clock_id,
                          ^
/usr/include/time.h:365:5: error: unknown type name ‘timer_t’
     timer_t *__restrict __timerid) __THROW;
     ^
/usr/include/time.h:368:26: error: unknown type name ‘timer_t’
 extern int timer_delete (timer_t __timerid) __THROW;
                          ^
/usr/include/time.h:371:27: error: unknown type name ‘timer_t’
 extern int timer_settime (timer_t __timerid, int __flags,
                           ^
/usr/include/time.h:376:27: error: unknown type name ‘timer_t’
 extern int timer_gettime (timer_t __timerid, struct itimerspec *__value)
                           ^
/usr/include/time.h:380:30: error: unknown type name ‘timer_t’
 extern int timer_getoverrun (timer_t __timerid) __THROW;
                              ^
/usr/include/time.h:386:12: error: storage class specified for parameter ‘timespec_get’
 extern int timespec_get (struct timespec *__ts, int __base)
            ^
In file included from /usr/include/math.h:48:0,
                 from function.c:6:
/usr/include/x86_64-linux-gnu/bits/mathdef.h:28:15: error: storage class specified for parameter ‘float_t’
 typedef float float_t;  /* `float' expressions are evaluated as `float'.  */
               ^
/usr/include/x86_64-linux-gnu/bits/mathdef.h:29:16: error: storage class specified for parameter ‘double_t’
 typedef double double_t; /* `double' expressions are evaluated
                ^
In file included from /usr/include/features.h:367:0,
                 from /usr/include/stdio.h:27,
                 from function.c:3:
/usr/include/x86_64-linux-gnu/bits/mathcalls.h:54:1: error: storage class specified for parameter ‘acos’
 __MATHCALL (acos,, (_Mdouble_ __x));
 ^
/usr/include/x86_64-linux-gnu/bits/mathcalls.h:54:1: error: storage class specified for parameter ‘__acos’
 __MATHCALL (acos,, (_Mdouble_ __x));
 ^
/usr/include/x86_64-linux-gnu/bits/mathcalls.h:56:1: error: storage class specified for parameter ‘asin’
 __MATHCALL (asin,, (_Mdouble_ __x));
 ^
/usr/include/x86_64-linux-gnu/bits/mathcalls.h:56:1: error: storage class specified for parameter ‘__asin’
 __MATHCALL (asin,, (_Mdouble_ __x));
 ^
/usr/include/x86_64-linux-gnu/bits/mathcalls.h:58:1: error: storage class specified for parameter ‘atan’
 __MATHCALL (atan,, (_Mdouble_ __x));
 ^
/usr/include/x86_64-linux-gnu/bits/mathcalls.h:58:1: error: storage class specified for parameter ‘__atan’
 __MATHCALL (atan,, (_Mdouble_ __x));
 ^
/usr/include/x86_64-linux-gnu/bits/mathcalls.h:60:1: error: storage class specified for parameter ‘atan2’
 __MATHCALL (atan2,, (_Mdouble_ __y, _Mdouble_ __x));
 ^
/usr/include/x86_64-linux-gnu/bits/mathcalls.h:60:1: error: storage class specified for parameter ‘__atan2’
 __MATHCALL (atan2,, (_Mdouble_ __y, _Mdouble_ __x));
 ^
/usr/include/x86_64-linux-gnu/bits/mathcalls.h:63:1: error: storage class specified for parameter ‘cos’
 __MATHCALL_VEC (cos,, (_Mdouble_ __x));
 ^
/usr/include/x86_64-linux-gnu/bits/mathcalls.h:63:1: error: storage class specified for parameter ‘__cos’
 __MATHCALL_VEC (cos,, (_Mdouble_ __x));
 ^
/usr/include/x86_64-linux-gnu/bits/mathcalls.h:65:1: error: storage class specified for parameter ‘sin’
 __MATHCALL_VEC (sin,, (_Mdouble_ __x));
 ^
/usr/include/x86_64-linux-gnu/bits/mathcalls.h:65:1: error: storage class specified for parameter ‘__sin’
 __MATHCALL_VEC (sin,, (_Mdouble_ __x));
 ^
/usr/include/x86_64-linux-gnu/bits/mathcalls.h:67:1: error: storage class specified for parameter ‘tan’
 __MATHCALL (tan,, (_Mdouble_ __x));
 ^
/usr/include/x86_64-linux-gnu/bits/mathcalls.h:67:1: error: storage class specified for parameter ‘__tan’
 __MATHCALL (tan,, (_Mdouble_ __x));
 ^
/usr/include/x86_64-linux-gnu/bits/mathcalls.h:72:1: error: storage class specified for parameter ‘cosh’
 __MATHCALL (cosh,, (_Mdouble_ __x));
 ^
/usr/include/x86_64-linux-gnu/bits/mathcalls.h:72:1: error: storage class specified for parameter ‘__cosh’
 __MATHCALL (cosh,, (_Mdouble_ __x));
 ^
/usr/include/x86_64-linux-gnu/bits/mathcalls.h:74:1: error: storage class specified for parameter ‘sinh’
 __MATHCALL (sinh,, (_Mdouble_ __x));
 ^
/usr/include/x86_64-linux-gnu/bits/mathcalls.h:74:1: error: storage class specified for parameter ‘__sinh’
 __MATHCALL (sinh,, (_Mdouble_ __x));
 ^
/usr/include/x86_64-linux-gnu/bits/mathcalls.h:76:1: error: storage class specified for parameter ‘tanh’
 __MATHCALL (tanh,, (_Mdouble_ __x));
 ^
/usr/include/x86_64-linux-gnu/bits/mathcalls.h:76:1: error: storage class specified for parameter ‘__tanh’
 __MATHCALL (tanh,, (_Mdouble_ __x));
 ^
/usr/include/x86_64-linux-gnu/bits/mathcalls.h:88:1: error: storage class specified for parameter ‘acosh’
 __MATHCALL (acosh,, (_Mdouble_ __x));
 ^
/usr/include/x86_64-linux-gnu/bits/mathcalls.h:88:1: error: storage class specified for parameter ‘__acosh’
 __MATHCALL (acosh,, (_Mdouble_ __x));
 ^
/usr/include/x86_64-linux-gnu/bits/mathcalls.h:90:1: error: storage class specified for parameter ‘asinh’
 __MATHCALL (asinh,, (_Mdouble_ __x));
 ^
/usr/include/x86_64-linux-gnu/bits/mathcalls.h:90:1: error: storage class specified for parameter ‘__asinh’
 __MATHCALL (asinh,, (_Mdouble_ __x));
 ^
/usr/include/x86_64-linux-gnu/bits/mathcalls.h:92:1: error: storage class specified for parameter ‘atanh’
 __MATHCALL (atanh,, (_Mdouble_ __x));
 ^
/usr/include/x86_64-linux-gnu/bits/mathcalls.h:92:1: error: storage class specified for parameter ‘__atanh’
 __MATHCALL (atanh,, (_Mdouble_ __x));
 ^
/usr/include/x86_64-linux-gnu/bits/mathcalls.h:100:1: error: storage class specified for parameter ‘exp’
 __MATHCALL_VEC (exp,, (_Mdouble_ __x));
 ^
/usr/include/x86_64-linux-gnu/bits/mathcalls.h:100:1: error: storage class specified for parameter ‘__exp’
 __MATHCALL_VEC (exp,, (_Mdouble_ __x));
 ^
/usr/include/x86_64-linux-gnu/bits/mathcalls.h:103:1: error: storage class specified for parameter ‘frexp’
 __MATHCALL (frexp,, (_Mdouble_ __x, int *__exponent));
 ^
/usr/include/x86_64-linux-gnu/bits/mathcalls.h:103:1: error: storage class specified for parameter ‘__frexp’
 __MATHCALL (frexp,, (_Mdouble_ __x, int *__exponent));
 ^
/usr/include/x86_64-linux-gnu/bits/mathcalls.h:106:1: error: storage class specified for parameter ‘ldexp’
 __MATHCALL (ldexp,, (_Mdouble_ __x, int __exponent));
 ^
/usr/include/x86_64-linux-gnu/bits/mathcalls.h:106:1: error: storage class specified for parameter ‘__ldexp’
 __MATHCALL (ldexp,, (_Mdouble_ __x, int __exponent));
 ^
/usr/include/x86_64-linux-gnu/bits/mathcalls.h:109:1: error: storage class specified for parameter ‘log’
 __MATHCALL_VEC (log,, (_Mdouble_ __x));
 ^
/usr/include/x86_64-linux-gnu/bits/mathcalls.h:109:1: error: storage class specified for parameter ‘__log’
 __MATHCALL_VEC (log,, (_Mdouble_ __x));
 ^
/usr/include/x86_64-linux-gnu/bits/mathcalls.h:112:1: error: storage class specified for parameter ‘log10’
 __MATHCALL (log10,, (_Mdouble_ __x));
 ^
/usr/include/x86_64-linux-gnu/bits/mathcalls.h:112:1: error: storage class specified for parameter ‘__log10’
 __MATHCALL (log10,, (_Mdouble_ __x));
 ^
/usr/include/x86_64-linux-gnu/bits/mathcalls.h:115:1: error: storage class specified for parameter ‘modf’
 __MATHCALL (modf,, (_Mdouble_ __x, _Mdouble_ *__iptr)) __nonnull ((2));
 ^
/usr/include/x86_64-linux-gnu/bits/mathcalls.h:115:1: error: storage class specified for parameter ‘__modf’
 __MATHCALL (modf,, (_Mdouble_ __x, _Mdouble_ *__iptr)) __nonnull ((2));
 ^
/usr/include/x86_64-linux-gnu/bits/mathcalls.h:128:1: error: storage class specified for parameter ‘expm1’
 __MATHCALL (expm1,, (_Mdouble_ __x));
 ^
/usr/include/x86_64-linux-gnu/bits/mathcalls.h:128:1: error: storage class specified for parameter ‘__expm1’
 __MATHCALL (expm1,, (_Mdouble_ __x));
 ^
/usr/include/x86_64-linux-gnu/bits/mathcalls.h:131:1: error: storage class specified for parameter ‘log1p’
 __MATHCALL (log1p,, (_Mdouble_ __x));
 ^
/usr/include/x86_64-linux-gnu/bits/mathcalls.h:131:1: error: storage class specified for parameter ‘__log1p’
 __MATHCALL (log1p,, (_Mdouble_ __x));
 ^
/usr/include/x86_64-linux-gnu/bits/mathcalls.h:134:1: error: storage class specified for parameter ‘logb’
 __MATHCALL (logb,, (_Mdouble_ __x));
 ^
/usr/include/x86_64-linux-gnu/bits/mathcalls.h:134:1: error: storage class specified for parameter ‘__logb’
 __MATHCALL (logb,, (_Mdouble_ __x));
 ^
/usr/include/x86_64-linux-gnu/bits/mathcalls.h:141:1: error: storage class specified for parameter ‘exp2’
 __MATHCALL (exp2,, (_Mdouble_ __x));
 ^
/usr/include/x86_64-linux-gnu/bits/mathcalls.h:141:1: error: storage class specified for parameter ‘__exp2’
 __MATHCALL (exp2,, (_Mdouble_ __x));
 ^
/usr/include/x86_64-linux-gnu/bits/mathcalls.h:144:1: error: storage class specified for parameter ‘log2’
 __MATHCALL (log2,, (_Mdouble_ __x));
 ^
/usr/include/x86_64-linux-gnu/bits/mathcalls.h:144:1: error: storage class specified for parameter ‘__log2’
 __MATHCALL (log2,, (_Mdouble_ __x));
 ^
/usr/include/x86_64-linux-gnu/bits/mathcalls.h:153:1: error: storage class specified for parameter ‘pow’
 __MATHCALL_VEC (pow,, (_Mdouble_ __x, _Mdouble_ __y));
 ^
/usr/include/x86_64-linux-gnu/bits/mathcalls.h:153:1: error: storage class specified for parameter ‘__pow’
 __MATHCALL_VEC (pow,, (_Mdouble_ __x, _Mdouble_ __y));
 ^
/usr/include/x86_64-linux-gnu/bits/mathcalls.h:156:1: error: storage class specified for parameter ‘sqrt’
 __MATHCALL (sqrt,, (_Mdouble_ __x));
 ^
/usr/include/x86_64-linux-gnu/bits/mathcalls.h:156:1: error: storage class specified for parameter ‘__sqrt’
 __MATHCALL (sqrt,, (_Mdouble_ __x));
 ^
/usr/include/x86_64-linux-gnu/bits/mathcalls.h:162:1: error: storage class specified for parameter ‘hypot’
 __MATHCALL (hypot,, (_Mdouble_ __x, _Mdouble_ __y));
 ^
/usr/include/x86_64-linux-gnu/bits/mathcalls.h:162:1: error: storage class specified for parameter ‘__hypot’
 __MATHCALL (hypot,, (_Mdouble_ __x, _Mdouble_ __y));
 ^
/usr/include/x86_64-linux-gnu/bits/mathcalls.h:169:1: error: storage class specified for parameter ‘cbrt’
 __MATHCALL (cbrt,, (_Mdouble_ __x));
 ^
/usr/include/x86_64-linux-gnu/bits/mathcalls.h:169:1: error: storage class specified for parameter ‘__cbrt’
 __MATHCALL (cbrt,, (_Mdouble_ __x));
 ^
/usr/include/x86_64-linux-gnu/bits/mathcalls.h:178:1: error: storage class specified for parameter ‘ceil’
 __MATHCALLX (ceil,, (_Mdouble_ __x), (__const__));
 ^
/usr/include/x86_64-linux-gnu/bits/mathcalls.h:178:1: error: storage class specified for parameter ‘__ceil’
 __MATHCALLX (ceil,, (_Mdouble_ __x), (__const__));
 ^
/usr/include/x86_64-linux-gnu/bits/mathcalls.h:181:1: error: storage class specified for parameter ‘fabs’
 __MATHCALLX (fabs,, (_Mdouble_ __x), (__const__));
 ^
/usr/include/x86_64-linux-gnu/bits/mathcalls.h:181:1: error: storage class specified for parameter ‘__fabs’
 __MATHCALLX (fabs,, (_Mdouble_ __x), (__const__));
 ^
/usr/include/x86_64-linux-gnu/bits/mathcalls.h:184:1: error: storage class specified for parameter ‘floor’
 __MATHCALLX (floor,, (_Mdouble_ __x), (__const__));
 ^
/usr/include/x86_64-linux-gnu/bits/mathcalls.h:184:1: error: storage class specified for parameter ‘__floor’
 __MATHCALLX (floor,, (_Mdouble_ __x), (__const__));
 ^
/usr/include/x86_64-linux-gnu/bits/mathcalls.h:187:1: error: storage class specified for parameter ‘fmod’
 __MATHCALL (fmod,, (_Mdouble_ __x, _Mdouble_ __y));
 ^
/usr/include/x86_64-linux-gnu/bits/mathcalls.h:187:1: error: storage class specified for parameter ‘__fmod’
 __MATHCALL (fmod,, (_Mdouble_ __x, _Mdouble_ __y));
 ^
/usr/include/x86_64-linux-gnu/bits/mathcalls.h:192:1: error: storage class specified for parameter ‘__isinf’
 __MATHDECL_1 (int,__isinf,, (_Mdouble_ __value)) __attribute__ ((__const__));
 ^
/usr/include/x86_64-linux-gnu/bits/mathcalls.h:195:1: error: storage class specified for parameter ‘__finite’
 __MATHDECL_1 (int,__finite,, (_Mdouble_ __value)) __attribute__ ((__const__));
 ^
/usr/include/x86_64-linux-gnu/bits/mathcalls.h:204:1: error: storage class specified for parameter ‘isinf’
 __MATHDECL_1 (int,isinf,, (_Mdouble_ __value)) __attribute__ ((__const__));
 ^
/usr/include/x86_64-linux-gnu/bits/mathcalls.h:208:1: error: storage class specified for parameter ‘finite’
 __MATHDECL_1 (int,finite,, (_Mdouble_ __value)) __attribute__ ((__const__));
 ^
/usr/include/x86_64-linux-gnu/bits/mathcalls.h:211:1: error: storage class specified for parameter ‘drem’
 __MATHCALL (drem,, (_Mdouble_ __x, _Mdouble_ __y));
 ^
/usr/include/x86_64-linux-gnu/bits/mathcalls.h:211:1: error: storage class specified for parameter ‘__drem’
 __MATHCALL (drem,, (_Mdouble_ __x, _Mdouble_ __y));
 ^
/usr/include/x86_64-linux-gnu/bits/mathcalls.h:215:1: error: storage class specified for parameter ‘significand’
 __MATHCALL (significand,, (_Mdouble_ __x));
 ^
/usr/include/x86_64-linux-gnu/bits/mathcalls.h:215:1: error: storage class specified for parameter ‘__significand’
 __MATHCALL (significand,, (_Mdouble_ __x));
 ^
/usr/include/x86_64-linux-gnu/bits/mathcalls.h:221:1: error: storage class specified for parameter ‘copysign’
 __MATHCALLX (copysign,, (_Mdouble_ __x, _Mdouble_ __y), (__const__));
 ^
/usr/include/x86_64-linux-gnu/bits/mathcalls.h:221:1: error: storage class specified for parameter ‘__copysign’
 __MATHCALLX (copysign,, (_Mdouble_ __x, _Mdouble_ __y), (__const__));
 ^
/usr/include/x86_64-linux-gnu/bits/mathcalls.h:228:1: error: storage class specified for parameter ‘nan’
 __MATHCALLX (nan,, (const char *__tagb), (__const__));
 ^
/usr/include/x86_64-linux-gnu/bits/mathcalls.h:228:1: error: storage class specified for parameter ‘__nan’
 __MATHCALLX (nan,, (const char *__tagb), (__const__));
 ^
/usr/include/x86_64-linux-gnu/bits/mathcalls.h:234:1: error: storage class specified for parameter ‘__isnan’
 __MATHDECL_1 (int,__isnan,, (_Mdouble_ __value)) __attribute__ ((__const__));
 ^
/usr/include/x86_64-linux-gnu/bits/mathcalls.h:241:1: error: storage class specified for parameter ‘isnan’
 __MATHDECL_1 (int,isnan,, (_Mdouble_ __value)) __attribute__ ((__const__));
 ^
/usr/include/x86_64-linux-gnu/bits/mathcalls.h:247:1: error: storage class specified for parameter ‘j0’
 __MATHCALL (j0,, (_Mdouble_));
 ^
/usr/include/x86_64-linux-gnu/bits/mathcalls.h:247:1: error: storage class specified for parameter ‘__j0’
 __MATHCALL (j0,, (_Mdouble_));
 ^
/usr/include/x86_64-linux-gnu/bits/mathcalls.h:248:1: error: storage class specified for parameter ‘j1’
 __MATHCALL (j1,, (_Mdouble_));
 ^
/usr/include/x86_64-linux-gnu/bits/mathcalls.h:248:1: error: storage class specified for parameter ‘__j1’
 __MATHCALL (j1,, (_Mdouble_));
 ^
/usr/include/x86_64-linux-gnu/bits/mathcalls.h:249:1: error: storage class specified for parameter ‘jn’
 __MATHCALL (jn,, (int, _Mdouble_));
 ^
/usr/include/x86_64-linux-gnu/bits/mathcalls.h:249:1: error: storage class specified for parameter ‘__jn’
 __MATHCALL (jn,, (int, _Mdouble_));
 ^
/usr/include/x86_64-linux-gnu/bits/mathcalls.h:250:1: error: storage class specified for parameter ‘y0’
 __MATHCALL (y0,, (_Mdouble_));
 ^
/usr/include/x86_64-linux-gnu/bits/mathcalls.h:250:1: error: storage class specified for parameter ‘__y0’
 __MATHCALL (y0,, (_Mdouble_));
 ^
/usr/include/x86_64-linux-gnu/bits/mathcalls.h:251:1: error: storage class specified for parameter ‘y1’
 __MATHCALL (y1,, (_Mdouble_));
 ^
/usr/include/x86_64-linux-gnu/bits/mathcalls.h:251:1: error: storage class specified for parameter ‘__y1’
 __MATHCALL (y1,, (_Mdouble_));
 ^
/usr/include/x86_64-linux-gnu/bits/mathcalls.h:252:1: error: storage class specified for parameter ‘yn’
 __MATHCALL (yn,, (int, _Mdouble_));
 ^
/usr/include/x86_64-linux-gnu/bits/mathcalls.h:252:1: error: storage class specified for parameter ‘__yn’
 __MATHCALL (yn,, (int, _Mdouble_));
 ^
/usr/include/x86_64-linux-gnu/bits/mathcalls.h:259:1: error: storage class specified for parameter ‘erf’
 __MATHCALL (erf,, (_Mdouble_));
 ^
/usr/include/x86_64-linux-gnu/bits/mathcalls.h:259:1: error: storage class specified for parameter ‘__erf’
 __MATHCALL (erf,, (_Mdouble_));
 ^
/usr/include/x86_64-linux-gnu/bits/mathcalls.h:260:1: error: storage class specified for parameter ‘erfc’
 __MATHCALL (erfc,, (_Mdouble_));
 ^
/usr/include/x86_64-linux-gnu/bits/mathcalls.h:260:1: error: storage class specified for parameter ‘__erfc’
 __MATHCALL (erfc,, (_Mdouble_));
 ^
/usr/include/x86_64-linux-gnu/bits/mathcalls.h:261:1: error: storage class specified for parameter ‘lgamma’
 __MATHCALL (lgamma,, (_Mdouble_));
 ^
/usr/include/x86_64-linux-gnu/bits/mathcalls.h:261:1: error: storage class specified for parameter ‘__lgamma’
 __MATHCALL (lgamma,, (_Mdouble_));
 ^
/usr/include/x86_64-linux-gnu/bits/mathcalls.h:268:1: error: storage class specified for parameter ‘tgamma’
 __MATHCALL (tgamma,, (_Mdouble_));
 ^
/usr/include/x86_64-linux-gnu/bits/mathcalls.h:268:1: error: storage class specified for parameter ‘__tgamma’
 __MATHCALL (tgamma,, (_Mdouble_));
 ^
/usr/include/x86_64-linux-gnu/bits/mathcalls.h:274:1: error: storage class specified for parameter ‘gamma’
 __MATHCALL (gamma,, (_Mdouble_));
 ^
/usr/include/x86_64-linux-gnu/bits/mathcalls.h:274:1: error: storage class specified for parameter ‘__gamma’
 __MATHCALL (gamma,, (_Mdouble_));
 ^
/usr/include/x86_64-linux-gnu/bits/mathcalls.h:281:1: error: storage class specified for parameter ‘lgamma_r’
 __MATHCALL (lgamma,_r, (_Mdouble_, int *__signgamp));
 ^
/usr/include/x86_64-linux-gnu/bits/mathcalls.h:281:1: error: storage class specified for parameter ‘__lgamma_r’
 __MATHCALL (lgamma,_r, (_Mdouble_, int *__signgamp));
 ^
/usr/include/x86_64-linux-gnu/bits/mathcalls.h:289:1: error: storage class specified for parameter ‘rint’
 __MATHCALL (rint,, (_Mdouble_ __x));
 ^
/usr/include/x86_64-linux-gnu/bits/mathcalls.h:289:1: error: storage class specified for parameter ‘__rint’
 __MATHCALL (rint,, (_Mdouble_ __x));
 ^
/usr/include/x86_64-linux-gnu/bits/mathcalls.h:292:1: error: storage class specified for parameter ‘nextafter’
 __MATHCALLX (nextafter,, (_Mdouble_ __x, _Mdouble_ __y), (__const__));
 ^
/usr/include/x86_64-linux-gnu/bits/mathcalls.h:292:1: error: storage class specified for parameter ‘__nextafter’
 __MATHCALLX (nextafter,, (_Mdouble_ __x, _Mdouble_ __y), (__const__));
 ^
/usr/include/x86_64-linux-gnu/bits/mathcalls.h:294:1: error: storage class specified for parameter ‘nexttoward’
 __MATHCALLX (nexttoward,, (_Mdouble_ __x, long double __y), (__const__));
 ^
/usr/include/x86_64-linux-gnu/bits/mathcalls.h:294:1: error: storage class specified for parameter ‘__nexttoward’
 __MATHCALLX (nexttoward,, (_Mdouble_ __x, long double __y), (__const__));
 ^
/usr/include/x86_64-linux-gnu/bits/mathcalls.h:298:1: error: storage class specified for parameter ‘remainder’
 __MATHCALL (remainder,, (_Mdouble_ __x, _Mdouble_ __y));
 ^
/usr/include/x86_64-linux-gnu/bits/mathcalls.h:298:1: error: storage class specified for parameter ‘__remainder’
 __MATHCALL (remainder,, (_Mdouble_ __x, _Mdouble_ __y));
 ^
/usr/include/x86_64-linux-gnu/bits/mathcalls.h:302:1: error: storage class specified for parameter ‘scalbn’
 __MATHCALL (scalbn,, (_Mdouble_ __x, int __n));
 ^
/usr/include/x86_64-linux-gnu/bits/mathcalls.h:302:1: error: storage class specified for parameter ‘__scalbn’
 __MATHCALL (scalbn,, (_Mdouble_ __x, int __n));
 ^
/usr/include/x86_64-linux-gnu/bits/mathcalls.h:306:1: error: storage class specified for parameter ‘ilogb’
 __MATHDECL (int,ilogb,, (_Mdouble_ __x));
 ^
/usr/include/x86_64-linux-gnu/bits/mathcalls.h:306:1: error: storage class specified for parameter ‘__ilogb’
 __MATHDECL (int,ilogb,, (_Mdouble_ __x));
 ^
/usr/include/x86_64-linux-gnu/bits/mathcalls.h:311:1: error: storage class specified for parameter ‘scalbln’
 __MATHCALL (scalbln,, (_Mdouble_ __x, long int __n));
 ^
/usr/include/x86_64-linux-gnu/bits/mathcalls.h:311:1: error: storage class specified for parameter ‘__scalbln’
 __MATHCALL (scalbln,, (_Mdouble_ __x, long int __n));
 ^
/usr/include/x86_64-linux-gnu/bits/mathcalls.h:315:1: error: storage class specified for parameter ‘nearbyint’
 __MATHCALL (nearbyint,, (_Mdouble_ __x));
 ^
/usr/include/x86_64-linux-gnu/bits/mathcalls.h:315:1: error: storage class specified for parameter ‘__nearbyint’
 __MATHCALL (nearbyint,, (_Mdouble_ __x));
 ^
/usr/include/x86_64-linux-gnu/bits/mathcalls.h:319:1: error: storage class specified for parameter ‘round’
 __MATHCALLX (round,, (_Mdouble_ __x), (__const__));
 ^
/usr/include/x86_64-linux-gnu/bits/mathcalls.h:319:1: error: storage class specified for parameter ‘__round’
 __MATHCALLX (round,, (_Mdouble_ __x), (__const__));
 ^
/usr/include/x86_64-linux-gnu/bits/mathcalls.h:323:1: error: storage class specified for parameter ‘trunc’
 __MATHCALLX (trunc,, (_Mdouble_ __x), (__const__));
 ^
/usr/include/x86_64-linux-gnu/bits/mathcalls.h:323:1: error: storage class specified for parameter ‘__trunc’
 __MATHCALLX (trunc,, (_Mdouble_ __x), (__const__));
 ^
/usr/include/x86_64-linux-gnu/bits/mathcalls.h:328:1: error: storage class specified for parameter ‘remquo’
 __MATHCALL (remquo,, (_Mdouble_ __x, _Mdouble_ __y, int *__quo));
 ^
/usr/include/x86_64-linux-gnu/bits/mathcalls.h:328:1: error: storage class specified for parameter ‘__remquo’
 __MATHCALL (remquo,, (_Mdouble_ __x, _Mdouble_ __y, int *__quo));
 ^
/usr/include/x86_64-linux-gnu/bits/mathcalls.h:335:1: error: storage class specified for parameter ‘lrint’
 __MATHDECL (long int,lrint,, (_Mdouble_ __x));
 ^
/usr/include/x86_64-linux-gnu/bits/mathcalls.h:335:1: error: storage class specified for parameter ‘__lrint’
 __MATHDECL (long int,lrint,, (_Mdouble_ __x));
 ^
In file included from /usr/include/math.h:83:0,
                 from function.c:6:
/usr/include/x86_64-linux-gnu/bits/mathcalls.h:336:1: error: expected declaration specifiers before ‘__extension__’
 __extension__
 ^
In file included from /usr/include/features.h:367:0,
                 from /usr/include/stdio.h:27,
                 from function.c:3:
/usr/include/x86_64-linux-gnu/bits/mathcalls.h:337:1: error: storage class specified for parameter ‘__llrint’
 __MATHDECL (long long int,llrint,, (_Mdouble_ __x));
 ^
/usr/include/x86_64-linux-gnu/bits/mathcalls.h:341:1: error: storage class specified for parameter ‘lround’
 __MATHDECL (long int,lround,, (_Mdouble_ __x));
 ^
/usr/include/x86_64-linux-gnu/bits/mathcalls.h:341:1: error: storage class specified for parameter ‘__lround’
 __MATHDECL (long int,lround,, (_Mdouble_ __x));
 ^
In file included from /usr/include/math.h:83:0,
                 from function.c:6:
/usr/include/x86_64-linux-gnu/bits/mathcalls.h:342:1: error: expected declaration specifiers before ‘__extension__’
 __extension__
 ^
In file included from /usr/include/features.h:367:0,
                 from /usr/include/stdio.h:27,
                 from function.c:3:
/usr/include/x86_64-linux-gnu/bits/mathcalls.h:343:1: error: storage class specified for parameter ‘__llround’
 __MATHDECL (long long int,llround,, (_Mdouble_ __x));
 ^
/usr/include/x86_64-linux-gnu/bits/mathcalls.h:347:1: error: storage class specified for parameter ‘fdim’
 __MATHCALL (fdim,, (_Mdouble_ __x, _Mdouble_ __y));
 ^
/usr/include/x86_64-linux-gnu/bits/mathcalls.h:347:1: error: storage class specified for parameter ‘__fdim’
 __MATHCALL (fdim,, (_Mdouble_ __x, _Mdouble_ __y));
 ^
/usr/include/x86_64-linux-gnu/bits/mathcalls.h:350:1: error: storage class specified for parameter ‘fmax’
 __MATHCALLX (fmax,, (_Mdouble_ __x, _Mdouble_ __y), (__const__));
 ^
/usr/include/x86_64-linux-gnu/bits/mathcalls.h:350:1: error: storage class specified for parameter ‘__fmax’
 __MATHCALLX (fmax,, (_Mdouble_ __x, _Mdouble_ __y), (__const__));
 ^
/usr/include/x86_64-linux-gnu/bits/mathcalls.h:353:1: error: storage class specified for parameter ‘fmin’
 __MATHCALLX (fmin,, (_Mdouble_ __x, _Mdouble_ __y), (__const__));
 ^
/usr/include/x86_64-linux-gnu/bits/mathcalls.h:353:1: error: storage class specified for parameter ‘__fmin’
 __MATHCALLX (fmin,, (_Mdouble_ __x, _Mdouble_ __y), (__const__));
 ^
/usr/include/x86_64-linux-gnu/bits/mathcalls.h:357:1: error: storage class specified for parameter ‘__fpclassify’
 __MATHDECL_1 (int, __fpclassify,, (_Mdouble_ __value))
 ^
/usr/include/x86_64-linux-gnu/bits/mathcalls.h:361:1: error: storage class specified for parameter ‘__signbit’
 __MATHDECL_1 (int, __signbit,, (_Mdouble_ __value))
 ^
/usr/include/x86_64-linux-gnu/bits/mathcalls.h:366:1: error: storage class specified for parameter ‘fma’
 __MATHCALL (fma,, (_Mdouble_ __x, _Mdouble_ __y, _Mdouble_ __z));
 ^
/usr/include/x86_64-linux-gnu/bits/mathcalls.h:366:1: error: storage class specified for parameter ‘__fma’
 __MATHCALL (fma,, (_Mdouble_ __x, _Mdouble_ __y, _Mdouble_ __z));
 ^
/usr/include/x86_64-linux-gnu/bits/mathcalls.h:383:1: error: storage class specified for parameter ‘scalb’
 __MATHCALL (scalb,, (_Mdouble_ __x, _Mdouble_ __n));
 ^
/usr/include/x86_64-linux-gnu/bits/mathcalls.h:383:1: error: storage class specified for parameter ‘__scalb’
 __MATHCALL (scalb,, (_Mdouble_ __x, _Mdouble_ __n));
 ^
In file included from function.c:6:0:
/usr/include/x86_64-linux-gnu/bits/mathcalls.h:54:1: error: storage class specified for parameter ‘acosf’
 __MATHCALL (acos,, (_Mdouble_ __x));
 ^
/usr/include/x86_64-linux-gnu/bits/mathcalls.h:54:1: error: storage class specified for parameter ‘__acosf’
 __MATHCALL (acos,, (_Mdouble_ __x));
 ^
/usr/include/x86_64-linux-gnu/bits/mathcalls.h:56:1: error: storage class specified for parameter ‘asinf’
 __MATHCALL (asin,, (_Mdouble_ __x));
 ^
/usr/include/x86_64-linux-gnu/bits/mathcalls.h:56:1: error: storage class specified for parameter ‘__asinf’
 __MATHCALL (asin,, (_Mdouble_ __x));
 ^
/usr/include/x86_64-linux-gnu/bits/mathcalls.h:58:1: error: storage class specified for parameter ‘atanf’
 __MATHCALL (atan,, (_Mdouble_ __x));
 ^
/usr/include/x86_64-linux-gnu/bits/mathcalls.h:58:1: error: storage class specified for parameter ‘__atanf’
 __MATHCALL (atan,, (_Mdouble_ __x));
 ^
/usr/include/x86_64-linux-gnu/bits/mathcalls.h:60:1: error: storage class specified for parameter ‘atan2f’
 __MATHCALL (atan2,, (_Mdouble_ __y, _Mdouble_ __x));
 ^
/usr/include/x86_64-linux-gnu/bits/mathcalls.h:60:1: error: storage class specified for parameter ‘__atan2f’
 __MATHCALL (atan2,, (_Mdouble_ __y, _Mdouble_ __x));
 ^
/usr/include/x86_64-linux-gnu/bits/mathcalls.h:63:1: error: storage class specified for parameter ‘cosf’
 __MATHCALL_VEC (cos,, (_Mdouble_ __x));
 ^
/usr/include/x86_64-linux-gnu/bits/mathcalls.h:63:1: error: storage class specified for parameter ‘__cosf’
 __MATHCALL_VEC (cos,, (_Mdouble_ __x));
 ^
/usr/include/x86_64-linux-gnu/bits/mathcalls.h:65:1: error: storage class specified for parameter ‘sinf’
 __MATHCALL_VEC (sin,, (_Mdouble_ __x));
 ^
/usr/include/x86_64-linux-gnu/bits/mathcalls.h:65:1: error: storage class specified for parameter ‘__sinf’
 __MATHCALL_VEC (sin,, (_Mdouble_ __x));
 ^
/usr/include/x86_64-linux-gnu/bits/mathcalls.h:67:1: error: storage class specified for parameter ‘tanf’
 __MATHCALL (tan,, (_Mdouble_ __x));
 ^
/usr/include/x86_64-linux-gnu/bits/mathcalls.h:67:1: error: storage class specified for parameter ‘__tanf’
 __MATHCALL (tan,, (_Mdouble_ __x));
 ^
/usr/include/x86_64-linux-gnu/bits/mathcalls.h:72:1: error: storage class specified for parameter ‘coshf’
 __MATHCALL (cosh,, (_Mdouble_ __x));
 ^
/usr/include/x86_64-linux-gnu/bits/mathcalls.h:72:1: error: storage class specified for parameter ‘__coshf’
 __MATHCALL (cosh,, (_Mdouble_ __x));
 ^
/usr/include/x86_64-linux-gnu/bits/mathcalls.h:74:1: error: storage class specified for parameter ‘sinhf’
 __MATHCALL (sinh,, (_Mdouble_ __x));
 ^
/usr/include/x86_64-linux-gnu/bits/mathcalls.h:74:1: error: storage class specified for parameter ‘__sinhf’
 __MATHCALL (sinh,, (_Mdouble_ __x));
 ^
/usr/include/x86_64-linux-gnu/bits/mathcalls.h:76:1: error: storage class specified for parameter ‘tanhf’
 __MATHCALL (tanh,, (_Mdouble_ __x));
 ^
/usr/include/x86_64-linux-gnu/bits/mathcalls.h:76:1: error: storage class specified for parameter ‘__tanhf’
 __MATHCALL (tanh,, (_Mdouble_ __x));
 ^
/usr/include/x86_64-linux-gnu/bits/mathcalls.h:88:1: error: storage class specified for parameter ‘acoshf’
 __MATHCALL (acosh,, (_Mdouble_ __x));
 ^
/usr/include/x86_64-linux-gnu/bits/mathcalls.h:88:1: error: storage class specified for parameter ‘__acoshf’
 __MATHCALL (acosh,, (_Mdouble_ __x));
 ^
/usr/include/x86_64-linux-gnu/bits/mathcalls.h:90:1: error: storage class specified for parameter ‘asinhf’
 __MATHCALL (asinh,, (_Mdouble_ __x));
 ^
/usr/include/x86_64-linux-gnu/bits/mathcalls.h:90:1: error: storage class specified for parameter ‘__asinhf’
 __MATHCALL (asinh,, (_Mdouble_ __x));
 ^
/usr/include/x86_64-linux-gnu/bits/mathcalls.h:92:1: error: storage class specified for parameter ‘atanhf’
 __MATHCALL (atanh,, (_Mdouble_ __x));
 ^
/usr/include/x86_64-linux-gnu/bits/mathcalls.h:92:1: error: storage class specified for parameter ‘__atanhf’
 __MATHCALL (atanh,, (_Mdouble_ __x));
 ^
/usr/include/x86_64-linux-gnu/bits/mathcalls.h:100:1: error: storage class specified for parameter ‘expf’
 __MATHCALL_VEC (exp,, (_Mdouble_ __x));
 ^
/usr/include/x86_64-linux-gnu/bits/mathcalls.h:100:1: error: storage class specified for parameter ‘__expf’
 __MATHCALL_VEC (exp,, (_Mdouble_ __x));
 ^
/usr/include/x86_64-linux-gnu/bits/mathcalls.h:103:1: error: storage class specified for parameter ‘frexpf’
 __MATHCALL (frexp,, (_Mdouble_ __x, int *__exponent));
 ^
/usr/include/x86_64-linux-gnu/bits/mathcalls.h:103:1: error: storage class specified for parameter ‘__frexpf’
 __MATHCALL (frexp,, (_Mdouble_ __x, int *__exponent));
 ^
/usr/include/x86_64-linux-gnu/bits/mathcalls.h:106:1: error: storage class specified for parameter ‘ldexpf’
 __MATHCALL (ldexp,, (_Mdouble_ __x, int __exponent));
 ^
/usr/include/x86_64-linux-gnu/bits/mathcalls.h:106:1: error: storage class specified for parameter ‘__ldexpf’
 __MATHCALL (ldexp,, (_Mdouble_ __x, int __exponent));
 ^
/usr/include/x86_64-linux-gnu/bits/mathcalls.h:109:1: error: storage class specified for parameter ‘logf’
 __MATHCALL_VEC (log,, (_Mdouble_ __x));
 ^
/usr/include/x86_64-linux-gnu/bits/mathcalls.h:109:1: error: storage class specified for parameter ‘__logf’
 __MATHCALL_VEC (log,, (_Mdouble_ __x));
 ^
/usr/include/x86_64-linux-gnu/bits/mathcalls.h:112:1: error: storage class specified for parameter ‘log10f’
 __MATHCALL (log10,, (_Mdouble_ __x));
 ^
/usr/include/x86_64-linux-gnu/bits/mathcalls.h:112:1: error: storage class specified for parameter ‘__log10f’
 __MATHCALL (log10,, (_Mdouble_ __x));
 ^
/usr/include/x86_64-linux-gnu/bits/mathcalls.h:115:1: error: storage class specified for parameter ‘modff’
 __MATHCALL (modf,, (_Mdouble_ __x, _Mdouble_ *__iptr)) __nonnull ((2));
 ^
/usr/include/x86_64-linux-gnu/bits/mathcalls.h:115:1: error: storage class specified for parameter ‘__modff’
 __MATHCALL (modf,, (_Mdouble_ __x, _Mdouble_ *__iptr)) __nonnull ((2));
 ^
/usr/include/x86_64-linux-gnu/bits/mathcalls.h:128:1: error: storage class specified for parameter ‘expm1f’
 __MATHCALL (expm1,, (_Mdouble_ __x));
 ^
/usr/include/x86_64-linux-gnu/bits/mathcalls.h:128:1: error: storage class specified for parameter ‘__expm1f’
 __MATHCALL (expm1,, (_Mdouble_ __x));
 ^
/usr/include/x86_64-linux-gnu/bits/mathcalls.h:131:1: error: storage class specified for parameter ‘log1pf’
 __MATHCALL (log1p,, (_Mdouble_ __x));
 ^
/usr/include/x86_64-linux-gnu/bits/mathcalls.h:131:1: error: storage class specified for parameter ‘__log1pf’
 __MATHCALL (log1p,, (_Mdouble_ __x));
 ^
/usr/include/x86_64-linux-gnu/bits/mathcalls.h:134:1: error: storage class specified for parameter ‘logbf’
 __MATHCALL (logb,, (_Mdouble_ __x));
 ^
/usr/include/x86_64-linux-gnu/bits/mathcalls.h:134:1: error: storage class specified for parameter ‘__logbf’
 __MATHCALL (logb,, (_Mdouble_ __x));
 ^
/usr/include/x86_64-linux-gnu/bits/mathcalls.h:141:1: error: storage class specified for parameter ‘exp2f’
 __MATHCALL (exp2,, (_Mdouble_ __x));
 ^
/usr/include/x86_64-linux-gnu/bits/mathcalls.h:141:1: error: storage class specified for parameter ‘__exp2f’
 __MATHCALL (exp2,, (_Mdouble_ __x));
 ^
/usr/include/x86_64-linux-gnu/bits/mathcalls.h:144:1: error: storage class specified for parameter ‘log2f’
 __MATHCALL (log2,, (_Mdouble_ __x));
 ^
/usr/include/x86_64-linux-gnu/bits/mathcalls.h:144:1: error: storage class specified for parameter ‘__log2f’
 __MATHCALL (log2,, (_Mdouble_ __x));
 ^
/usr/include/x86_64-linux-gnu/bits/mathcalls.h:153:1: error: storage class specified for parameter ‘powf’
 __MATHCALL_VEC (pow,, (_Mdouble_ __x, _Mdouble_ __y));
 ^
/usr/include/x86_64-linux-gnu/bits/mathcalls.h:153:1: error: storage class specified for parameter ‘__powf’
 __MATHCALL_VEC (pow,, (_Mdouble_ __x, _Mdouble_ __y));
 ^
/usr/include/x86_64-linux-gnu/bits/mathcalls.h:156:1: error: storage class specified for parameter ‘sqrtf’
 __MATHCALL (sqrt,, (_Mdouble_ __x));
 ^
/usr/include/x86_64-linux-gnu/bits/mathcalls.h:156:1: error: storage class specified for parameter ‘__sqrtf’
 __MATHCALL (sqrt,, (_Mdouble_ __x));
 ^
/usr/include/x86_64-linux-gnu/bits/mathcalls.h:162:1: error: storage class specified for parameter ‘hypotf’
 __MATHCALL (hypot,, (_Mdouble_ __x, _Mdouble_ __y));
 ^
/usr/include/x86_64-linux-gnu/bits/mathcalls.h:162:1: error: storage class specified for parameter ‘__hypotf’
 __MATHCALL (hypot,, (_Mdouble_ __x, _Mdouble_ __y));
 ^
/usr/include/x86_64-linux-gnu/bits/mathcalls.h:169:1: error: storage class specified for parameter ‘cbrtf’
 __MATHCALL (cbrt,, (_Mdouble_ __x));
 ^
/usr/include/x86_64-linux-gnu/bits/mathcalls.h:169:1: error: storage class specified for parameter ‘__cbrtf’
 __MATHCALL (cbrt,, (_Mdouble_ __x));
 ^
/usr/include/x86_64-linux-gnu/bits/mathcalls.h:178:1: error: storage class specified for parameter ‘ceilf’
 __MATHCALLX (ceil,, (_Mdouble_ __x), (__const__));
 ^
/usr/include/x86_64-linux-gnu/bits/mathcalls.h:178:1: error: storage class specified for parameter ‘__ceilf’
 __MATHCALLX (ceil,, (_Mdouble_ __x), (__const__));
 ^
/usr/include/x86_64-linux-gnu/bits/mathcalls.h:181:1: error: storage class specified for parameter ‘fabsf’
 __MATHCALLX (fabs,, (_Mdouble_ __x), (__const__));
 ^
/usr/include/x86_64-linux-gnu/bits/mathcalls.h:181:1: error: storage class specified for parameter ‘__fabsf’
 __MATHCALLX (fabs,, (_Mdouble_ __x), (__const__));
 ^
/usr/include/x86_64-linux-gnu/bits/mathcalls.h:184:1: error: storage class specified for parameter ‘floorf’
 __MATHCALLX (floor,, (_Mdouble_ __x), (__const__));
 ^
/usr/include/x86_64-linux-gnu/bits/mathcalls.h:184:1: error: storage class specified for parameter ‘__floorf’
 __MATHCALLX (floor,, (_Mdouble_ __x), (__const__));
 ^
/usr/include/x86_64-linux-gnu/bits/mathcalls.h:187:1: error: storage class specified for parameter ‘fmodf’
 __MATHCALL (fmod,, (_Mdouble_ __x, _Mdouble_ __y));
 ^
/usr/include/x86_64-linux-gnu/bits/mathcalls.h:187:1: error: storage class specified for parameter ‘__fmodf’
 __MATHCALL (fmod,, (_Mdouble_ __x, _Mdouble_ __y));
 ^
/usr/include/x86_64-linux-gnu/bits/mathcalls.h:192:1: error: storage class specified for parameter ‘__isinff’
 __MATHDECL_1 (int,__isinf,, (_Mdouble_ __value)) __attribute__ ((__const__));
 ^
/usr/include/x86_64-linux-gnu/bits/mathcalls.h:195:1: error: storage class specified for parameter ‘__finitef’
 __MATHDECL_1 (int,__finite,, (_Mdouble_ __value)) __attribute__ ((__const__));
 ^
/usr/include/x86_64-linux-gnu/bits/mathcalls.h:204:1: error: storage class specified for parameter ‘isinff’
 __MATHDECL_1 (int,isinf,, (_Mdouble_ __value)) __attribute__ ((__const__));
 ^
/usr/include/x86_64-linux-gnu/bits/mathcalls.h:208:1: error: storage class specified for parameter ‘finitef’
 __MATHDECL_1 (int,finite,, (_Mdouble_ __value)) __attribute__ ((__const__));
 ^
/usr/include/x86_64-linux-gnu/bits/mathcalls.h:211:1: error: storage class specified for parameter ‘dremf’
 __MATHCALL (drem,, (_Mdouble_ __x, _Mdouble_ __y));
 ^
/usr/include/x86_64-linux-gnu/bits/mathcalls.h:211:1: error: storage class specified for parameter ‘__dremf’
 __MATHCALL (drem,, (_Mdouble_ __x, _Mdouble_ __y));
 ^
/usr/include/x86_64-linux-gnu/bits/mathcalls.h:215:1: error: storage class specified for parameter ‘significandf’
 __MATHCALL (significand,, (_Mdouble_ __x));
 ^
/usr/include/x86_64-linux-gnu/bits/mathcalls.h:215:1: error: storage class specified for parameter ‘__significandf’
 __MATHCALL (significand,, (_Mdouble_ __x));
 ^
/usr/include/x86_64-linux-gnu/bits/mathcalls.h:221:1: error: storage class specified for parameter ‘copysignf’
 __MATHCALLX (copysign,, (_Mdouble_ __x, _Mdouble_ __y), (__const__));
 ^
/usr/include/x86_64-linux-gnu/bits/mathcalls.h:221:1: error: storage class specified for parameter ‘__copysignf’
 __MATHCALLX (copysign,, (_Mdouble_ __x, _Mdouble_ __y), (__const__));
 ^
/usr/include/x86_64-linux-gnu/bits/mathcalls.h:228:1: error: storage class specified for parameter ‘nanf’
 __MATHCALLX (nan,, (const char *__tagb), (__const__));
 ^
/usr/include/x86_64-linux-gnu/bits/mathcalls.h:228:1: error: storage class specified for parameter ‘__nanf’
 __MATHCALLX (nan,, (const char *__tagb), (__const__));
 ^
/usr/include/x86_64-linux-gnu/bits/mathcalls.h:234:1: error: storage class specified for parameter ‘__isnanf’
 __MATHDECL_1 (int,__isnan,, (_Mdouble_ __value)) __attribute__ ((__const__));
 ^
/usr/include/x86_64-linux-gnu/bits/mathcalls.h:241:1: error: storage class specified for parameter ‘isnanf’
 __MATHDECL_1 (int,isnan,, (_Mdouble_ __value)) __attribute__ ((__const__));
 ^
/usr/include/x86_64-linux-gnu/bits/mathcalls.h:247:1: error: storage class specified for parameter ‘j0f’
 __MATHCALL (j0,, (_Mdouble_));
 ^
/usr/include/x86_64-linux-gnu/bits/mathcalls.h:247:1: error: storage class specified for parameter ‘__j0f’
 __MATHCALL (j0,, (_Mdouble_));
 ^
/usr/include/x86_64-linux-gnu/bits/mathcalls.h:248:1: error: storage class specified for parameter ‘j1f’
 __MATHCALL (j1,, (_Mdouble_));
 ^
/usr/include/x86_64-linux-gnu/bits/mathcalls.h:248:1: error: storage class specified for parameter ‘__j1f’
 __MATHCALL (j1,, (_Mdouble_));
 ^
/usr/include/x86_64-linux-gnu/bits/mathcalls.h:249:1: error: storage class specified for parameter ‘jnf’
 __MATHCALL (jn,, (int, _Mdouble_));
 ^
/usr/include/x86_64-linux-gnu/bits/mathcalls.h:249:1: error: storage class specified for parameter ‘__jnf’
 __MATHCALL (jn,, (int, _Mdouble_));
 ^
/usr/include/x86_64-linux-gnu/bits/mathcalls.h:250:1: error: storage class specified for parameter ‘y0f’
 __MATHCALL (y0,, (_Mdouble_));
 ^
/usr/include/x86_64-linux-gnu/bits/mathcalls.h:250:1: error: storage class specified for parameter ‘__y0f’
 __MATHCALL (y0,, (_Mdouble_));
 ^
/usr/include/x86_64-linux-gnu/bits/mathcalls.h:251:1: error: storage class specified for parameter ‘y1f’
 __MATHCALL (y1,, (_Mdouble_));
 ^
/usr/include/x86_64-linux-gnu/bits/mathcalls.h:251:1: error: storage class specified for parameter ‘__y1f’
 __MATHCALL (y1,, (_Mdouble_));
 ^
/usr/include/x86_64-linux-gnu/bits/mathcalls.h:252:1: error: storage class specified for parameter ‘ynf’
 __MATHCALL (yn,, (int, _Mdouble_));
 ^
/usr/include/x86_64-linux-gnu/bits/mathcalls.h:252:1: error: storage class specified for parameter ‘__ynf’
 __MATHCALL (yn,, (int, _Mdouble_));
 ^
/usr/include/x86_64-linux-gnu/bits/mathcalls.h:259:1: error: storage class specified for parameter ‘erff’
 __MATHCALL (erf,, (_Mdouble_));
 ^
/usr/include/x86_64-linux-gnu/bits/mathcalls.h:259:1: error: storage class specified for parameter ‘__erff’
 __MATHCALL (erf,, (_Mdouble_));
 ^
/usr/include/x86_64-linux-gnu/bits/mathcalls.h:260:1: error: storage class specified for parameter ‘erfcf’
 __MATHCALL (erfc,, (_Mdouble_));
 ^
/usr/include/x86_64-linux-gnu/bits/mathcalls.h:260:1: error: storage class specified for parameter ‘__erfcf’
 __MATHCALL (erfc,, (_Mdouble_));
 ^
/usr/include/x86_64-linux-gnu/bits/mathcalls.h:261:1: error: storage class specified for parameter ‘lgammaf’
 __MATHCALL (lgamma,, (_Mdouble_));
 ^
/usr/include/x86_64-linux-gnu/bits/mathcalls.h:261:1: error: storage class specified for parameter ‘__lgammaf’
 __MATHCALL (lgamma,, (_Mdouble_));
 ^
/usr/include/x86_64-linux-gnu/bits/mathcalls.h:268:1: error: storage class specified for parameter ‘tgammaf’
 __MATHCALL (tgamma,, (_Mdouble_));
 ^
/usr/include/x86_64-linux-gnu/bits/mathcalls.h:268:1: error: storage class specified for parameter ‘__tgammaf’
 __MATHCALL (tgamma,, (_Mdouble_));
 ^
/usr/include/x86_64-linux-gnu/bits/mathcalls.h:274:1: error: storage class specified for parameter ‘gammaf’
 __MATHCALL (gamma,, (_Mdouble_));
 ^
/usr/include/x86_64-linux-gnu/bits/mathcalls.h:274:1: error: storage class specified for parameter ‘__gammaf’
 __MATHCALL (gamma,, (_Mdouble_));
 ^
/usr/include/x86_64-linux-gnu/bits/mathcalls.h:281:1: error: storage class specified for parameter ‘lgammaf_r’
 __MATHCALL (lgamma,_r, (_Mdouble_, int *__signgamp));
 ^
/usr/include/x86_64-linux-gnu/bits/mathcalls.h:281:1: error: storage class specified for parameter ‘__lgammaf_r’
 __MATHCALL (lgamma,_r, (_Mdouble_, int *__signgamp));
 ^
/usr/include/x86_64-linux-gnu/bits/mathcalls.h:289:1: error: storage class specified for parameter ‘rintf’
 __MATHCALL (rint,, (_Mdouble_ __x));
 ^
/usr/include/x86_64-linux-gnu/bits/mathcalls.h:289:1: error: storage class specified for parameter ‘__rintf’
 __MATHCALL (rint,, (_Mdouble_ __x));
 ^
/usr/include/x86_64-linux-gnu/bits/mathcalls.h:292:1: error: storage class specified for parameter ‘nextafterf’
 __MATHCALLX (nextafter,, (_Mdouble_ __x, _Mdouble_ __y), (__const__));
 ^
/usr/include/x86_64-linux-gnu/bits/mathcalls.h:292:1: error: storage class specified for parameter ‘__nextafterf’
 __MATHCALLX (nextafter,, (_Mdouble_ __x, _Mdouble_ __y), (__const__));
 ^
/usr/include/x86_64-linux-gnu/bits/mathcalls.h:294:1: error: storage class specified for parameter ‘nexttowardf’
 __MATHCALLX (nexttoward,, (_Mdouble_ __x, long double __y), (__const__));
 ^
/usr/include/x86_64-linux-gnu/bits/mathcalls.h:294:1: error: storage class specified for parameter ‘__nexttowardf’
 __MATHCALLX (nexttoward,, (_Mdouble_ __x, long double __y), (__const__));
 ^
/usr/include/x86_64-linux-gnu/bits/mathcalls.h:298:1: error: storage class specified for parameter ‘remainderf’
 __MATHCALL (remainder,, (_Mdouble_ __x, _Mdouble_ __y));
 ^
/usr/include/x86_64-linux-gnu/bits/mathcalls.h:298:1: error: storage class specified for parameter ‘__remainderf’
 __MATHCALL (remainder,, (_Mdouble_ __x, _Mdouble_ __y));
 ^
/usr/include/x86_64-linux-gnu/bits/mathcalls.h:302:1: error: storage class specified for parameter ‘scalbnf’
 __MATHCALL (scalbn,, (_Mdouble_ __x, int __n));
 ^
/usr/include/x86_64-linux-gnu/bits/mathcalls.h:302:1: error: storage class specified for parameter ‘__scalbnf’
 __MATHCALL (scalbn,, (_Mdouble_ __x, int __n));
 ^
/usr/include/x86_64-linux-gnu/bits/mathcalls.h:306:1: error: storage class specified for parameter ‘ilogbf’
 __MATHDECL (int,ilogb,, (_Mdouble_ __x));
 ^
/usr/include/x86_64-linux-gnu/bits/mathcalls.h:306:1: error: storage class specified for parameter ‘__ilogbf’
 __MATHDECL (int,ilogb,, (_Mdouble_ __x));
 ^
/usr/include/x86_64-linux-gnu/bits/mathcalls.h:311:1: error: storage class specified for parameter ‘scalblnf’
 __MATHCALL (scalbln,, (_Mdouble_ __x, long int __n));
 ^
/usr/include/x86_64-linux-gnu/bits/mathcalls.h:311:1: error: storage class specified for parameter ‘__scalblnf’
 __MATHCALL (scalbln,, (_Mdouble_ __x, long int __n));
 ^
/usr/include/x86_64-linux-gnu/bits/mathcalls.h:315:1: error: storage class specified for parameter ‘nearbyintf’
 __MATHCALL (nearbyint,, (_Mdouble_ __x));
 ^
/usr/include/x86_64-linux-gnu/bits/mathcalls.h:315:1: error: storage class specified for parameter ‘__nearbyintf’
 __MATHCALL (nearbyint,, (_Mdouble_ __x));
 ^
/usr/include/x86_64-linux-gnu/bits/mathcalls.h:319:1: error: storage class specified for parameter ‘roundf’
 __MATHCALLX (round,, (_Mdouble_ __x), (__const__));
 ^
/usr/include/x86_64-linux-gnu/bits/mathcalls.h:319:1: error: storage class specified for parameter ‘__roundf’
 __MATHCALLX (round,, (_Mdouble_ __x), (__const__));
 ^
/usr/include/x86_64-linux-gnu/bits/mathcalls.h:323:1: error: storage class specified for parameter ‘truncf’
 __MATHCALLX (trunc,, (_Mdouble_ __x), (__const__));
 ^
/usr/include/x86_64-linux-gnu/bits/mathcalls.h:323:1: error: storage class specified for parameter ‘__truncf’
 __MATHCALLX (trunc,, (_Mdouble_ __x), (__const__));
 ^
/usr/include/x86_64-linux-gnu/bits/mathcalls.h:328:1: error: storage class specified for parameter ‘remquof’
 __MATHCALL (remquo,, (_Mdouble_ __x, _Mdouble_ __y, int *__quo));
 ^
/usr/include/x86_64-linux-gnu/bits/mathcalls.h:328:1: error: storage class specified for parameter ‘__remquof’
 __MATHCALL (remquo,, (_Mdouble_ __x, _Mdouble_ __y, int *__quo));
 ^
/usr/include/x86_64-linux-gnu/bits/mathcalls.h:335:1: error: storage class specified for parameter ‘lrintf’
 __MATHDECL (long int,lrint,, (_Mdouble_ __x));
 ^
/usr/include/x86_64-linux-gnu/bits/mathcalls.h:335:1: error: storage class specified for parameter ‘__lrintf’
 __MATHDECL (long int,lrint,, (_Mdouble_ __x));
 ^
In file included from /usr/include/math.h:104:0,
                 from function.c:6:
/usr/include/x86_64-linux-gnu/bits/mathcalls.h:336:1: error: expected declaration specifiers before ‘__extension__’
 __extension__
 ^
In file included from function.c:6:0:
/usr/include/x86_64-linux-gnu/bits/mathcalls.h:337:1: error: storage class specified for parameter ‘__llrintf’
 __MATHDECL (long long int,llrint,, (_Mdouble_ __x));
 ^
/usr/include/x86_64-linux-gnu/bits/mathcalls.h:341:1: error: storage class specified for parameter ‘lroundf’
 __MATHDECL (long int,lround,, (_Mdouble_ __x));
 ^
/usr/include/x86_64-linux-gnu/bits/mathcalls.h:341:1: error: storage class specified for parameter ‘__lroundf’
 __MATHDECL (long int,lround,, (_Mdouble_ __x));
 ^
In file included from /usr/include/math.h:104:0,
                 from function.c:6:
/usr/include/x86_64-linux-gnu/bits/mathcalls.h:342:1: error: expected declaration specifiers before ‘__extension__’
 __extension__
 ^
In file included from function.c:6:0:
/usr/include/x86_64-linux-gnu/bits/mathcalls.h:343:1: error: storage class specified for parameter ‘__llroundf’
 __MATHDECL (long long int,llround,, (_Mdouble_ __x));
 ^
/usr/include/x86_64-linux-gnu/bits/mathcalls.h:347:1: error: storage class specified for parameter ‘fdimf’
 __MATHCALL (fdim,, (_Mdouble_ __x, _Mdouble_ __y));
 ^
/usr/include/x86_64-linux-gnu/bits/mathcalls.h:347:1: error: storage class specified for parameter ‘__fdimf’
 __MATHCALL (fdim,, (_Mdouble_ __x, _Mdouble_ __y));
 ^
/usr/include/x86_64-linux-gnu/bits/mathcalls.h:350:1: error: storage class specified for parameter ‘fmaxf’
 __MATHCALLX (fmax,, (_Mdouble_ __x, _Mdouble_ __y), (__const__));
 ^
/usr/include/x86_64-linux-gnu/bits/mathcalls.h:350:1: error: storage class specified for parameter ‘__fmaxf’
 __MATHCALLX (fmax,, (_Mdouble_ __x, _Mdouble_ __y), (__const__));
 ^
/usr/include/x86_64-linux-gnu/bits/mathcalls.h:353:1: error: storage class specified for parameter ‘fminf’
 __MATHCALLX (fmin,, (_Mdouble_ __x, _Mdouble_ __y), (__const__));
 ^
/usr/include/x86_64-linux-gnu/bits/mathcalls.h:353:1: error: storage class specified for parameter ‘__fminf’
 __MATHCALLX (fmin,, (_Mdouble_ __x, _Mdouble_ __y), (__const__));
 ^
/usr/include/x86_64-linux-gnu/bits/mathcalls.h:357:1: error: storage class specified for parameter ‘__fpclassifyf’
 __MATHDECL_1 (int, __fpclassify,, (_Mdouble_ __value))
 ^
/usr/include/x86_64-linux-gnu/bits/mathcalls.h:361:1: error: storage class specified for parameter ‘__signbitf’
 __MATHDECL_1 (int, __signbit,, (_Mdouble_ __value))
 ^
/usr/include/x86_64-linux-gnu/bits/mathcalls.h:366:1: error: storage class specified for parameter ‘fmaf’
 __MATHCALL (fma,, (_Mdouble_ __x, _Mdouble_ __y, _Mdouble_ __z));
 ^
/usr/include/x86_64-linux-gnu/bits/mathcalls.h:366:1: error: storage class specified for parameter ‘__fmaf’
 __MATHCALL (fma,, (_Mdouble_ __x, _Mdouble_ __y, _Mdouble_ __z));
 ^
/usr/include/x86_64-linux-gnu/bits/mathcalls.h:383:1: error: storage class specified for parameter ‘scalbf’
 __MATHCALL (scalb,, (_Mdouble_ __x, _Mdouble_ __n));
 ^
/usr/include/x86_64-linux-gnu/bits/mathcalls.h:383:1: error: storage class specified for parameter ‘__scalbf’
 __MATHCALL (scalb,, (_Mdouble_ __x, _Mdouble_ __n));
 ^
In file included from function.c:6:0:
/usr/include/x86_64-linux-gnu/bits/mathcalls.h:54:1: error: storage class specified for parameter ‘acosl’
 __MATHCALL (acos,, (_Mdouble_ __x));
 ^
/usr/include/x86_64-linux-gnu/bits/mathcalls.h:54:1: error: storage class specified for parameter ‘__acosl’
 __MATHCALL (acos,, (_Mdouble_ __x));
 ^
/usr/include/x86_64-linux-gnu/bits/mathcalls.h:56:1: error: storage class specified for parameter ‘asinl’
 __MATHCALL (asin,, (_Mdouble_ __x));
 ^
/usr/include/x86_64-linux-gnu/bits/mathcalls.h:56:1: error: storage class specified for parameter ‘__asinl’
 __MATHCALL (asin,, (_Mdouble_ __x));
 ^
/usr/include/x86_64-linux-gnu/bits/mathcalls.h:58:1: error: storage class specified for parameter ‘atanl’
 __MATHCALL (atan,, (_Mdouble_ __x));
 ^
/usr/include/x86_64-linux-gnu/bits/mathcalls.h:58:1: error: storage class specified for parameter ‘__atanl’
 __MATHCALL (atan,, (_Mdouble_ __x));
 ^
/usr/include/x86_64-linux-gnu/bits/mathcalls.h:60:1: error: storage class specified for parameter ‘atan2l’
 __MATHCALL (atan2,, (_Mdouble_ __y, _Mdouble_ __x));
 ^
/usr/include/x86_64-linux-gnu/bits/mathcalls.h:60:1: error: storage class specified for parameter ‘__atan2l’
 __MATHCALL (atan2,, (_Mdouble_ __y, _Mdouble_ __x));
 ^
/usr/include/x86_64-linux-gnu/bits/mathcalls.h:63:1: error: storage class specified for parameter ‘cosl’
 __MATHCALL_VEC (cos,, (_Mdouble_ __x));
 ^
/usr/include/x86_64-linux-gnu/bits/mathcalls.h:63:1: error: storage class specified for parameter ‘__cosl’
 __MATHCALL_VEC (cos,, (_Mdouble_ __x));
 ^
/usr/include/x86_64-linux-gnu/bits/mathcalls.h:65:1: error: storage class specified for parameter ‘sinl’
 __MATHCALL_VEC (sin,, (_Mdouble_ __x));
 ^
/usr/include/x86_64-linux-gnu/bits/mathcalls.h:65:1: error: storage class specified for parameter ‘__sinl’
 __MATHCALL_VEC (sin,, (_Mdouble_ __x));
 ^
/usr/include/x86_64-linux-gnu/bits/mathcalls.h:67:1: error: storage class specified for parameter ‘tanl’
 __MATHCALL (tan,, (_Mdouble_ __x));
 ^
/usr/include/x86_64-linux-gnu/bits/mathcalls.h:67:1: error: storage class specified for parameter ‘__tanl’
 __MATHCALL (tan,, (_Mdouble_ __x));
 ^
/usr/include/x86_64-linux-gnu/bits/mathcalls.h:72:1: error: storage class specified for parameter ‘coshl’
 __MATHCALL (cosh,, (_Mdouble_ __x));
 ^
/usr/include/x86_64-linux-gnu/bits/mathcalls.h:72:1: error: storage class specified for parameter ‘__coshl’
 __MATHCALL (cosh,, (_Mdouble_ __x));
 ^
/usr/include/x86_64-linux-gnu/bits/mathcalls.h:74:1: error: storage class specified for parameter ‘sinhl’
 __MATHCALL (sinh,, (_Mdouble_ __x));
 ^
/usr/include/x86_64-linux-gnu/bits/mathcalls.h:74:1: error: storage class specified for parameter ‘__sinhl’
 __MATHCALL (sinh,, (_Mdouble_ __x));
 ^
/usr/include/x86_64-linux-gnu/bits/mathcalls.h:76:1: error: storage class specified for parameter ‘tanhl’
 __MATHCALL (tanh,, (_Mdouble_ __x));
 ^
/usr/include/x86_64-linux-gnu/bits/mathcalls.h:76:1: error: storage class specified for parameter ‘__tanhl’
 __MATHCALL (tanh,, (_Mdouble_ __x));
 ^
/usr/include/x86_64-linux-gnu/bits/mathcalls.h:88:1: error: storage class specified for parameter ‘acoshl’
 __MATHCALL (acosh,, (_Mdouble_ __x));
 ^
/usr/include/x86_64-linux-gnu/bits/mathcalls.h:88:1: error: storage class specified for parameter ‘__acoshl’
 __MATHCALL (acosh,, (_Mdouble_ __x));
 ^
/usr/include/x86_64-linux-gnu/bits/mathcalls.h:90:1: error: storage class specified for parameter ‘asinhl’
 __MATHCALL (asinh,, (_Mdouble_ __x));
 ^
/usr/include/x86_64-linux-gnu/bits/mathcalls.h:90:1: error: storage class specified for parameter ‘__asinhl’
 __MATHCALL (asinh,, (_Mdouble_ __x));
 ^
/usr/include/x86_64-linux-gnu/bits/mathcalls.h:92:1: error: storage class specified for parameter ‘atanhl’
 __MATHCALL (atanh,, (_Mdouble_ __x));
 ^
/usr/include/x86_64-linux-gnu/bits/mathcalls.h:92:1: error: storage class specified for parameter ‘__atanhl’
 __MATHCALL (atanh,, (_Mdouble_ __x));
 ^
/usr/include/x86_64-linux-gnu/bits/mathcalls.h:100:1: error: storage class specified for parameter ‘expl’
 __MATHCALL_VEC (exp,, (_Mdouble_ __x));
 ^
/usr/include/x86_64-linux-gnu/bits/mathcalls.h:100:1: error: storage class specified for parameter ‘__expl’
 __MATHCALL_VEC (exp,, (_Mdouble_ __x));
 ^
/usr/include/x86_64-linux-gnu/bits/mathcalls.h:103:1: error: storage class specified for parameter ‘frexpl’
 __MATHCALL (frexp,, (_Mdouble_ __x, int *__exponent));
 ^
/usr/include/x86_64-linux-gnu/bits/mathcalls.h:103:1: error: storage class specified for parameter ‘__frexpl’
 __MATHCALL (frexp,, (_Mdouble_ __x, int *__exponent));
 ^
/usr/include/x86_64-linux-gnu/bits/mathcalls.h:106:1: error: storage class specified for parameter ‘ldexpl’
 __MATHCALL (ldexp,, (_Mdouble_ __x, int __exponent));
 ^
/usr/include/x86_64-linux-gnu/bits/mathcalls.h:106:1: error: storage class specified for parameter ‘__ldexpl’
 __MATHCALL (ldexp,, (_Mdouble_ __x, int __exponent));
 ^
/usr/include/x86_64-linux-gnu/bits/mathcalls.h:109:1: error: storage class specified for parameter ‘logl’
 __MATHCALL_VEC (log,, (_Mdouble_ __x));
 ^
/usr/include/x86_64-linux-gnu/bits/mathcalls.h:109:1: error: storage class specified for parameter ‘__logl’
 __MATHCALL_VEC (log,, (_Mdouble_ __x));
 ^
/usr/include/x86_64-linux-gnu/bits/mathcalls.h:112:1: error: storage class specified for parameter ‘log10l’
 __MATHCALL (log10,, (_Mdouble_ __x));
 ^
/usr/include/x86_64-linux-gnu/bits/mathcalls.h:112:1: error: storage class specified for parameter ‘__log10l’
 __MATHCALL (log10,, (_Mdouble_ __x));
 ^
/usr/include/x86_64-linux-gnu/bits/mathcalls.h:115:1: error: storage class specified for parameter ‘modfl’
 __MATHCALL (modf,, (_Mdouble_ __x, _Mdouble_ *__iptr)) __nonnull ((2));
 ^
/usr/include/x86_64-linux-gnu/bits/mathcalls.h:115:1: error: storage class specified for parameter ‘__modfl’
 __MATHCALL (modf,, (_Mdouble_ __x, _Mdouble_ *__iptr)) __nonnull ((2));
 ^
/usr/include/x86_64-linux-gnu/bits/mathcalls.h:128:1: error: storage class specified for parameter ‘expm1l’
 __MATHCALL (expm1,, (_Mdouble_ __x));
 ^
/usr/include/x86_64-linux-gnu/bits/mathcalls.h:128:1: error: storage class specified for parameter ‘__expm1l’
 __MATHCALL (expm1,, (_Mdouble_ __x));
 ^
/usr/include/x86_64-linux-gnu/bits/mathcalls.h:131:1: error: storage class specified for parameter ‘log1pl’
 __MATHCALL (log1p,, (_Mdouble_ __x));
 ^
/usr/include/x86_64-linux-gnu/bits/mathcalls.h:131:1: error: storage class specified for parameter ‘__log1pl’
 __MATHCALL (log1p,, (_Mdouble_ __x));
 ^
/usr/include/x86_64-linux-gnu/bits/mathcalls.h:134:1: error: storage class specified for parameter ‘logbl’
 __MATHCALL (logb,, (_Mdouble_ __x));
 ^
/usr/include/x86_64-linux-gnu/bits/mathcalls.h:134:1: error: storage class specified for parameter ‘__logbl’
 __MATHCALL (logb,, (_Mdouble_ __x));
 ^
/usr/include/x86_64-linux-gnu/bits/mathcalls.h:141:1: error: storage class specified for parameter ‘exp2l’
 __MATHCALL (exp2,, (_Mdouble_ __x));
 ^
/usr/include/x86_64-linux-gnu/bits/mathcalls.h:141:1: error: storage class specified for parameter ‘__exp2l’
 __MATHCALL (exp2,, (_Mdouble_ __x));
 ^
/usr/include/x86_64-linux-gnu/bits/mathcalls.h:144:1: error: storage class specified for parameter ‘log2l’
 __MATHCALL (log2,, (_Mdouble_ __x));
 ^
/usr/include/x86_64-linux-gnu/bits/mathcalls.h:144:1: error: storage class specified for parameter ‘__log2l’
 __MATHCALL (log2,, (_Mdouble_ __x));
 ^
/usr/include/x86_64-linux-gnu/bits/mathcalls.h:153:1: error: storage class specified for parameter ‘powl’
 __MATHCALL_VEC (pow,, (_Mdouble_ __x, _Mdouble_ __y));
 ^
/usr/include/x86_64-linux-gnu/bits/mathcalls.h:153:1: error: storage class specified for parameter ‘__powl’
 __MATHCALL_VEC (pow,, (_Mdouble_ __x, _Mdouble_ __y));
 ^
/usr/include/x86_64-linux-gnu/bits/mathcalls.h:156:1: error: storage class specified for parameter ‘sqrtl’
 __MATHCALL (sqrt,, (_Mdouble_ __x));
 ^
/usr/include/x86_64-linux-gnu/bits/mathcalls.h:156:1: error: storage class specified for parameter ‘__sqrtl’
 __MATHCALL (sqrt,, (_Mdouble_ __x));
 ^
/usr/include/x86_64-linux-gnu/bits/mathcalls.h:162:1: error: storage class specified for parameter ‘hypotl’
 __MATHCALL (hypot,, (_Mdouble_ __x, _Mdouble_ __y));
 ^
/usr/include/x86_64-linux-gnu/bits/mathcalls.h:162:1: error: storage class specified for parameter ‘__hypotl’
 __MATHCALL (hypot,, (_Mdouble_ __x, _Mdouble_ __y));
 ^
/usr/include/x86_64-linux-gnu/bits/mathcalls.h:169:1: error: storage class specified for parameter ‘cbrtl’
 __MATHCALL (cbrt,, (_Mdouble_ __x));
 ^
/usr/include/x86_64-linux-gnu/bits/mathcalls.h:169:1: error: storage class specified for parameter ‘__cbrtl’
 __MATHCALL (cbrt,, (_Mdouble_ __x));
 ^
/usr/include/x86_64-linux-gnu/bits/mathcalls.h:178:1: error: storage class specified for parameter ‘ceill’
 __MATHCALLX (ceil,, (_Mdouble_ __x), (__const__));
 ^
/usr/include/x86_64-linux-gnu/bits/mathcalls.h:178:1: error: storage class specified for parameter ‘__ceill’
 __MATHCALLX (ceil,, (_Mdouble_ __x), (__const__));
 ^
/usr/include/x86_64-linux-gnu/bits/mathcalls.h:181:1: error: storage class specified for parameter ‘fabsl’
 __MATHCALLX (fabs,, (_Mdouble_ __x), (__const__));
 ^
/usr/include/x86_64-linux-gnu/bits/mathcalls.h:181:1: error: storage class specified for parameter ‘__fabsl’
 __MATHCALLX (fabs,, (_Mdouble_ __x), (__const__));
 ^
/usr/include/x86_64-linux-gnu/bits/mathcalls.h:184:1: error: storage class specified for parameter ‘floorl’
 __MATHCALLX (floor,, (_Mdouble_ __x), (__const__));
 ^
/usr/include/x86_64-linux-gnu/bits/mathcalls.h:184:1: error: storage class specified for parameter ‘__floorl’
 __MATHCALLX (floor,, (_Mdouble_ __x), (__const__));
 ^
/usr/include/x86_64-linux-gnu/bits/mathcalls.h:187:1: error: storage class specified for parameter ‘fmodl’
 __MATHCALL (fmod,, (_Mdouble_ __x, _Mdouble_ __y));
 ^
/usr/include/x86_64-linux-gnu/bits/mathcalls.h:187:1: error: storage class specified for parameter ‘__fmodl’
 __MATHCALL (fmod,, (_Mdouble_ __x, _Mdouble_ __y));
 ^
/usr/include/x86_64-linux-gnu/bits/mathcalls.h:192:1: error: storage class specified for parameter ‘__isinfl’
 __MATHDECL_1 (int,__isinf,, (_Mdouble_ __value)) __attribute__ ((__const__));
 ^
/usr/include/x86_64-linux-gnu/bits/mathcalls.h:195:1: error: storage class specified for parameter ‘__finitel’
 __MATHDECL_1 (int,__finite,, (_Mdouble_ __value)) __attribute__ ((__const__));
 ^
/usr/include/x86_64-linux-gnu/bits/mathcalls.h:204:1: error: storage class specified for parameter ‘isinfl’
 __MATHDECL_1 (int,isinf,, (_Mdouble_ __value)) __attribute__ ((__const__));
 ^
/usr/include/x86_64-linux-gnu/bits/mathcalls.h:208:1: error: storage class specified for parameter ‘finitel’
 __MATHDECL_1 (int,finite,, (_Mdouble_ __value)) __attribute__ ((__const__));
 ^
/usr/include/x86_64-linux-gnu/bits/mathcalls.h:211:1: error: storage class specified for parameter ‘dreml’
 __MATHCALL (drem,, (_Mdouble_ __x, _Mdouble_ __y));
 ^
/usr/include/x86_64-linux-gnu/bits/mathcalls.h:211:1: error: storage class specified for parameter ‘__dreml’
 __MATHCALL (drem,, (_Mdouble_ __x, _Mdouble_ __y));
 ^
/usr/include/x86_64-linux-gnu/bits/mathcalls.h:215:1: error: storage class specified for parameter ‘significandl’
 __MATHCALL (significand,, (_Mdouble_ __x));
 ^
/usr/include/x86_64-linux-gnu/bits/mathcalls.h:215:1: error: storage class specified for parameter ‘__significandl’
 __MATHCALL (significand,, (_Mdouble_ __x));
 ^
/usr/include/x86_64-linux-gnu/bits/mathcalls.h:221:1: error: storage class specified for parameter ‘copysignl’
 __MATHCALLX (copysign,, (_Mdouble_ __x, _Mdouble_ __y), (__const__));
 ^
/usr/include/x86_64-linux-gnu/bits/mathcalls.h:221:1: error: storage class specified for parameter ‘__copysignl’
 __MATHCALLX (copysign,, (_Mdouble_ __x, _Mdouble_ __y), (__const__));
 ^
/usr/include/x86_64-linux-gnu/bits/mathcalls.h:228:1: error: storage class specified for parameter ‘nanl’
 __MATHCALLX (nan,, (const char *__tagb), (__const__));
 ^
/usr/include/x86_64-linux-gnu/bits/mathcalls.h:228:1: error: storage class specified for parameter ‘__nanl’
 __MATHCALLX (nan,, (const char *__tagb), (__const__));
 ^
/usr/include/x86_64-linux-gnu/bits/mathcalls.h:234:1: error: storage class specified for parameter ‘__isnanl’
 __MATHDECL_1 (int,__isnan,, (_Mdouble_ __value)) __attribute__ ((__const__));
 ^
/usr/include/x86_64-linux-gnu/bits/mathcalls.h:241:1: error: storage class specified for parameter ‘isnanl’
 __MATHDECL_1 (int,isnan,, (_Mdouble_ __value)) __attribute__ ((__const__));
 ^
/usr/include/x86_64-linux-gnu/bits/mathcalls.h:247:1: error: storage class specified for parameter ‘j0l’
 __MATHCALL (j0,, (_Mdouble_));
 ^
/usr/include/x86_64-linux-gnu/bits/mathcalls.h:247:1: error: storage class specified for parameter ‘__j0l’
 __MATHCALL (j0,, (_Mdouble_));
 ^
/usr/include/x86_64-linux-gnu/bits/mathcalls.h:248:1: error: storage class specified for parameter ‘j1l’
 __MATHCALL (j1,, (_Mdouble_));
 ^
/usr/include/x86_64-linux-gnu/bits/mathcalls.h:248:1: error: storage class specified for parameter ‘__j1l’
 __MATHCALL (j1,, (_Mdouble_));
 ^
/usr/include/x86_64-linux-gnu/bits/mathcalls.h:249:1: error: storage class specified for parameter ‘jnl’
 __MATHCALL (jn,, (int, _Mdouble_));
 ^
/usr/include/x86_64-linux-gnu/bits/mathcalls.h:249:1: error: storage class specified for parameter ‘__jnl’
 __MATHCALL (jn,, (int, _Mdouble_));
 ^
/usr/include/x86_64-linux-gnu/bits/mathcalls.h:250:1: error: storage class specified for parameter ‘y0l’
 __MATHCALL (y0,, (_Mdouble_));
 ^
/usr/include/x86_64-linux-gnu/bits/mathcalls.h:250:1: error: storage class specified for parameter ‘__y0l’
 __MATHCALL (y0,, (_Mdouble_));
 ^
/usr/include/x86_64-linux-gnu/bits/mathcalls.h:251:1: error: storage class specified for parameter ‘y1l’
 __MATHCALL (y1,, (_Mdouble_));
 ^
/usr/include/x86_64-linux-gnu/bits/mathcalls.h:251:1: error: storage class specified for parameter ‘__y1l’
 __MATHCALL (y1,, (_Mdouble_));
 ^
/usr/include/x86_64-linux-gnu/bits/mathcalls.h:252:1: error: storage class specified for parameter ‘ynl’
 __MATHCALL (yn,, (int, _Mdouble_));
 ^
/usr/include/x86_64-linux-gnu/bits/mathcalls.h:252:1: error: storage class specified for parameter ‘__ynl’
 __MATHCALL (yn,, (int, _Mdouble_));
 ^
/usr/include/x86_64-linux-gnu/bits/mathcalls.h:259:1: error: storage class specified for parameter ‘erfl’
 __MATHCALL (erf,, (_Mdouble_));
 ^
/usr/include/x86_64-linux-gnu/bits/mathcalls.h:259:1: error: storage class specified for parameter ‘__erfl’
 __MATHCALL (erf,, (_Mdouble_));
 ^
/usr/include/x86_64-linux-gnu/bits/mathcalls.h:260:1: error: storage class specified for parameter ‘erfcl’
 __MATHCALL (erfc,, (_Mdouble_));
 ^
/usr/include/x86_64-linux-gnu/bits/mathcalls.h:260:1: error: storage class specified for parameter ‘__erfcl’
 __MATHCALL (erfc,, (_Mdouble_));
 ^
/usr/include/x86_64-linux-gnu/bits/mathcalls.h:261:1: error: storage class specified for parameter ‘lgammal’
 __MATHCALL (lgamma,, (_Mdouble_));
 ^
/usr/include/x86_64-linux-gnu/bits/mathcalls.h:261:1: error: storage class specified for parameter ‘__lgammal’
 __MATHCALL (lgamma,, (_Mdouble_));
 ^
/usr/include/x86_64-linux-gnu/bits/mathcalls.h:268:1: error: storage class specified for parameter ‘tgammal’
 __MATHCALL (tgamma,, (_Mdouble_));
 ^
/usr/include/x86_64-linux-gnu/bits/mathcalls.h:268:1: error: storage class specified for parameter ‘__tgammal’
 __MATHCALL (tgamma,, (_Mdouble_));
 ^
/usr/include/x86_64-linux-gnu/bits/mathcalls.h:274:1: error: storage class specified for parameter ‘gammal’
 __MATHCALL (gamma,, (_Mdouble_));
 ^
/usr/include/x86_64-linux-gnu/bits/mathcalls.h:274:1: error: storage class specified for parameter ‘__gammal’
 __MATHCALL (gamma,, (_Mdouble_));
 ^
/usr/include/x86_64-linux-gnu/bits/mathcalls.h:281:1: error: storage class specified for parameter ‘lgammal_r’
 __MATHCALL (lgamma,_r, (_Mdouble_, int *__signgamp));
 ^
/usr/include/x86_64-linux-gnu/bits/mathcalls.h:281:1: error: storage class specified for parameter ‘__lgammal_r’
 __MATHCALL (lgamma,_r, (_Mdouble_, int *__signgamp));
 ^
/usr/include/x86_64-linux-gnu/bits/mathcalls.h:289:1: error: storage class specified for parameter ‘rintl’
 __MATHCALL (rint,, (_Mdouble_ __x));
 ^
/usr/include/x86_64-linux-gnu/bits/mathcalls.h:289:1: error: storage class specified for parameter ‘__rintl’
 __MATHCALL (rint,, (_Mdouble_ __x));
 ^
/usr/include/x86_64-linux-gnu/bits/mathcalls.h:292:1: error: storage class specified for parameter ‘nextafterl’
 __MATHCALLX (nextafter,, (_Mdouble_ __x, _Mdouble_ __y), (__const__));
 ^
/usr/include/x86_64-linux-gnu/bits/mathcalls.h:292:1: error: storage class specified for parameter ‘__nextafterl’
 __MATHCALLX (nextafter,, (_Mdouble_ __x, _Mdouble_ __y), (__const__));
 ^
/usr/include/x86_64-linux-gnu/bits/mathcalls.h:294:1: error: storage class specified for parameter ‘nexttowardl’
 __MATHCALLX (nexttoward,, (_Mdouble_ __x, long double __y), (__const__));
 ^
/usr/include/x86_64-linux-gnu/bits/mathcalls.h:294:1: error: storage class specified for parameter ‘__nexttowardl’
 __MATHCALLX (nexttoward,, (_Mdouble_ __x, long double __y), (__const__));
 ^
/usr/include/x86_64-linux-gnu/bits/mathcalls.h:298:1: error: storage class specified for parameter ‘remainderl’
 __MATHCALL (remainder,, (_Mdouble_ __x, _Mdouble_ __y));
 ^
/usr/include/x86_64-linux-gnu/bits/mathcalls.h:298:1: error: storage class specified for parameter ‘__remainderl’
 __MATHCALL (remainder,, (_Mdouble_ __x, _Mdouble_ __y));
 ^
/usr/include/x86_64-linux-gnu/bits/mathcalls.h:302:1: error: storage class specified for parameter ‘scalbnl’
 __MATHCALL (scalbn,, (_Mdouble_ __x, int __n));
 ^
/usr/include/x86_64-linux-gnu/bits/mathcalls.h:302:1: error: storage class specified for parameter ‘__scalbnl’
 __MATHCALL (scalbn,, (_Mdouble_ __x, int __n));
 ^
/usr/include/x86_64-linux-gnu/bits/mathcalls.h:306:1: error: storage class specified for parameter ‘ilogbl’
 __MATHDECL (int,ilogb,, (_Mdouble_ __x));
 ^
/usr/include/x86_64-linux-gnu/bits/mathcalls.h:306:1: error: storage class specified for parameter ‘__ilogbl’
 __MATHDECL (int,ilogb,, (_Mdouble_ __x));
 ^
/usr/include/x86_64-linux-gnu/bits/mathcalls.h:311:1: error: storage class specified for parameter ‘scalblnl’
 __MATHCALL (scalbln,, (_Mdouble_ __x, long int __n));
 ^
/usr/include/x86_64-linux-gnu/bits/mathcalls.h:311:1: error: storage class specified for parameter ‘__scalblnl’
 __MATHCALL (scalbln,, (_Mdouble_ __x, long int __n));
 ^
/usr/include/x86_64-linux-gnu/bits/mathcalls.h:315:1: error: storage class specified for parameter ‘nearbyintl’
 __MATHCALL (nearbyint,, (_Mdouble_ __x));
 ^
/usr/include/x86_64-linux-gnu/bits/mathcalls.h:315:1: error: storage class specified for parameter ‘__nearbyintl’
 __MATHCALL (nearbyint,, (_Mdouble_ __x));
 ^
/usr/include/x86_64-linux-gnu/bits/mathcalls.h:319:1: error: storage class specified for parameter ‘roundl’
 __MATHCALLX (round,, (_Mdouble_ __x), (__const__));
 ^
/usr/include/x86_64-linux-gnu/bits/mathcalls.h:319:1: error: storage class specified for parameter ‘__roundl’
 __MATHCALLX (round,, (_Mdouble_ __x), (__const__));
 ^
/usr/include/x86_64-linux-gnu/bits/mathcalls.h:323:1: error: storage class specified for parameter ‘truncl’
 __MATHCALLX (trunc,, (_Mdouble_ __x), (__const__));
 ^
/usr/include/x86_64-linux-gnu/bits/mathcalls.h:323:1: error: storage class specified for parameter ‘__truncl’
 __MATHCALLX (trunc,, (_Mdouble_ __x), (__const__));
 ^
/usr/include/x86_64-linux-gnu/bits/mathcalls.h:328:1: error: storage class specified for parameter ‘remquol’
 __MATHCALL (remquo,, (_Mdouble_ __x, _Mdouble_ __y, int *__quo));
 ^
/usr/include/x86_64-linux-gnu/bits/mathcalls.h:328:1: error: storage class specified for parameter ‘__remquol’
 __MATHCALL (remquo,, (_Mdouble_ __x, _Mdouble_ __y, int *__quo));
 ^
/usr/include/x86_64-linux-gnu/bits/mathcalls.h:335:1: error: storage class specified for parameter ‘lrintl’
 __MATHDECL (long int,lrint,, (_Mdouble_ __x));
 ^
/usr/include/x86_64-linux-gnu/bits/mathcalls.h:335:1: error: storage class specified for parameter ‘__lrintl’
 __MATHDECL (long int,lrint,, (_Mdouble_ __x));
 ^
In file included from /usr/include/math.h:151:0,
                 from function.c:6:
/usr/include/x86_64-linux-gnu/bits/mathcalls.h:336:1: error: expected declaration specifiers before ‘__extension__’
 __extension__
 ^
In file included from function.c:6:0:
/usr/include/x86_64-linux-gnu/bits/mathcalls.h:337:1: error: storage class specified for parameter ‘__llrintl’
 __MATHDECL (long long int,llrint,, (_Mdouble_ __x));
 ^
/usr/include/x86_64-linux-gnu/bits/mathcalls.h:341:1: error: storage class specified for parameter ‘lroundl’
 __MATHDECL (long int,lround,, (_Mdouble_ __x));
 ^
/usr/include/x86_64-linux-gnu/bits/mathcalls.h:341:1: error: storage class specified for parameter ‘__lroundl’
 __MATHDECL (long int,lround,, (_Mdouble_ __x));
 ^
In file included from /usr/include/math.h:151:0,
                 from function.c:6:
/usr/include/x86_64-linux-gnu/bits/mathcalls.h:342:1: error: expected declaration specifiers before ‘__extension__’
 __extension__
 ^
In file included from function.c:6:0:
/usr/include/x86_64-linux-gnu/bits/mathcalls.h:343:1: error: storage class specified for parameter ‘__llroundl’
 __MATHDECL (long long int,llround,, (_Mdouble_ __x));
 ^
/usr/include/x86_64-linux-gnu/bits/mathcalls.h:347:1: error: storage class specified for parameter ‘fdiml’
 __MATHCALL (fdim,, (_Mdouble_ __x, _Mdouble_ __y));
 ^
/usr/include/x86_64-linux-gnu/bits/mathcalls.h:347:1: error: storage class specified for parameter ‘__fdiml’
 __MATHCALL (fdim,, (_Mdouble_ __x, _Mdouble_ __y));
 ^
/usr/include/x86_64-linux-gnu/bits/mathcalls.h:350:1: error: storage class specified for parameter ‘fmaxl’
 __MATHCALLX (fmax,, (_Mdouble_ __x, _Mdouble_ __y), (__const__));
 ^
/usr/include/x86_64-linux-gnu/bits/mathcalls.h:350:1: error: storage class specified for parameter ‘__fmaxl’
 __MATHCALLX (fmax,, (_Mdouble_ __x, _Mdouble_ __y), (__const__));
 ^
/usr/include/x86_64-linux-gnu/bits/mathcalls.h:353:1: error: storage class specified for parameter ‘fminl’
 __MATHCALLX (fmin,, (_Mdouble_ __x, _Mdouble_ __y), (__const__));
 ^
/usr/include/x86_64-linux-gnu/bits/mathcalls.h:353:1: error: storage class specified for parameter ‘__fminl’
 __MATHCALLX (fmin,, (_Mdouble_ __x, _Mdouble_ __y), (__const__));
 ^
/usr/include/x86_64-linux-gnu/bits/mathcalls.h:357:1: error: storage class specified for parameter ‘__fpclassifyl’
 __MATHDECL_1 (int, __fpclassify,, (_Mdouble_ __value))
 ^
/usr/include/x86_64-linux-gnu/bits/mathcalls.h:361:1: error: storage class specified for parameter ‘__signbitl’
 __MATHDECL_1 (int, __signbit,, (_Mdouble_ __value))
 ^
/usr/include/x86_64-linux-gnu/bits/mathcalls.h:366:1: error: storage class specified for parameter ‘fmal’
 __MATHCALL (fma,, (_Mdouble_ __x, _Mdouble_ __y, _Mdouble_ __z));
 ^
/usr/include/x86_64-linux-gnu/bits/mathcalls.h:366:1: error: storage class specified for parameter ‘__fmal’
 __MATHCALL (fma,, (_Mdouble_ __x, _Mdouble_ __y, _Mdouble_ __z));
 ^
/usr/include/x86_64-linux-gnu/bits/mathcalls.h:383:1: error: storage class specified for parameter ‘scalbl’
 __MATHCALL (scalb,, (_Mdouble_ __x, _Mdouble_ __n));
 ^
/usr/include/x86_64-linux-gnu/bits/mathcalls.h:383:1: error: storage class specified for parameter ‘__scalbl’
 __MATHCALL (scalb,, (_Mdouble_ __x, _Mdouble_ __n));
 ^
In file included from function.c:6:0:
/usr/include/math.h:168:12: error: storage class specified for parameter ‘signgam’
 extern int signgam;
            ^
/usr/include/math.h:354:3: error: storage class specified for parameter ‘_LIB_VERSION_TYPE’
 } _LIB_VERSION_TYPE;
   ^
/usr/include/math.h:359:26: error: expected ‘=’, ‘,’, ‘;’, ‘asm’ or ‘__attribute__’ before ‘_LIB_VERSION’
 extern _LIB_VERSION_TYPE _LIB_VERSION;
                          ^
/usr/include/math.h:385:12: error: storage class specified for parameter ‘matherr’
 extern int matherr (struct exception *__exc);
            ^
function.c:11:3: error: storage class specified for parameter ‘sortie’
 } sortie;
   ^
function.c:14:1: error: expected ‘=’, ‘,’, ‘;’, ‘asm’ or ‘__attribute__’ before ‘{’ token
 {
 ^
function.c:35:1: error: expected ‘=’, ‘,’, ‘;’, ‘asm’ or ‘__attribute__’ before ‘{’ token
 {
 ^
function.c:40:1: error: expected ‘=’, ‘,’, ‘;’, ‘asm’ or ‘__attribute__’ before ‘{’ token
 {
 ^
function.c:55:1: error: expected ‘=’, ‘,’, ‘;’, ‘asm’ or ‘__attribute__’ before ‘{’ token
 {
 ^
In file included from function.c:2:0:
utile.h:4:5: error: old-style parameter declarations in prototyped function definition
 int maxSommeTraversant(int *, int , int , int ):
     ^
utile.h:4:1: error: parameter name omitted
 int maxSommeTraversant(int *, int , int , int ):
 ^
utile.h:4:1: error: parameter name omitted
utile.h:4:1: error: parameter name omitted
utile.h:4:1: error: parameter name omitted
function.c:80:1: error: expected ‘{’ at end of input
 }
 ^
In file included from utile.c:1:0:
utile.h: In function ‘maxSommeTraversant’:
utile.h:4:48: error: expected declaration specifiers before ‘:’ token
 int maxSommeTraversant(int *, int , int , int ):
                                                ^
In file included from /usr/include/stdio.h:35:0,
                 from utile.c:2:
/usr/include/x86_64-linux-gnu/bits/types.h:30:23: error: storage class specified for parameter ‘__u_char’
 typedef unsigned char __u_char;
                       ^
/usr/include/x86_64-linux-gnu/bits/types.h:31:28: error: storage class specified for parameter ‘__u_short’
 typedef unsigned short int __u_short;
                            ^
/usr/include/x86_64-linux-gnu/bits/types.h:32:22: error: storage class specified for parameter ‘__u_int’
 typedef unsigned int __u_int;
                      ^
/usr/include/x86_64-linux-gnu/bits/types.h:33:27: error: storage class specified for parameter ‘__u_long’
 typedef unsigned long int __u_long;
                           ^
/usr/include/x86_64-linux-gnu/bits/types.h:36:21: error: storage class specified for parameter ‘__int8_t’
 typedef signed char __int8_t;
                     ^
/usr/include/x86_64-linux-gnu/bits/types.h:37:23: error: storage class specified for parameter ‘__uint8_t’
 typedef unsigned char __uint8_t;
                       ^
/usr/include/x86_64-linux-gnu/bits/types.h:38:26: error: storage class specified for parameter ‘__int16_t’
 typedef signed short int __int16_t;
                          ^
/usr/include/x86_64-linux-gnu/bits/types.h:39:28: error: storage class specified for parameter ‘__uint16_t’
 typedef unsigned short int __uint16_t;
                            ^
/usr/include/x86_64-linux-gnu/bits/types.h:40:20: error: storage class specified for parameter ‘__int32_t’
 typedef signed int __int32_t;
                    ^
/usr/include/x86_64-linux-gnu/bits/types.h:41:22: error: storage class specified for parameter ‘__uint32_t’
 typedef unsigned int __uint32_t;
                      ^
/usr/include/x86_64-linux-gnu/bits/types.h:43:25: error: storage class specified for parameter ‘__int64_t’
 typedef signed long int __int64_t;
                         ^
/usr/include/x86_64-linux-gnu/bits/types.h:44:27: error: storage class specified for parameter ‘__uint64_t’
 typedef unsigned long int __uint64_t;
                           ^
/usr/include/x86_64-linux-gnu/bits/types.h:52:18: error: storage class specified for parameter ‘__quad_t’
 typedef long int __quad_t;
                  ^
/usr/include/x86_64-linux-gnu/bits/types.h:53:27: error: storage class specified for parameter ‘__u_quad_t’
 typedef unsigned long int __u_quad_t;
                           ^
In file included from /usr/include/stdio.h:35:0,
                 from utile.c:2:
/usr/include/x86_64-linux-gnu/bits/types.h:124:25: error: storage class specified for parameter ‘__dev_t’
 __STD_TYPE __DEV_T_TYPE __dev_t; /* Type of device numbers.  */
                         ^
/usr/include/x86_64-linux-gnu/bits/types.h:125:25: error: storage class specified for parameter ‘__uid_t’
 __STD_TYPE __UID_T_TYPE __uid_t; /* Type of user identifications.  */
                         ^
/usr/include/x86_64-linux-gnu/bits/types.h:126:25: error: storage class specified for parameter ‘__gid_t’
 __STD_TYPE __GID_T_TYPE __gid_t; /* Type of group identifications.  */
                         ^
/usr/include/x86_64-linux-gnu/bits/types.h:127:25: error: storage class specified for parameter ‘__ino_t’
 __STD_TYPE __INO_T_TYPE __ino_t; /* Type of file serial numbers.  */
                         ^
/usr/include/x86_64-linux-gnu/bits/types.h:128:27: error: storage class specified for parameter ‘__ino64_t’
 __STD_TYPE __INO64_T_TYPE __ino64_t; /* Type of file serial numbers (LFS).*/
                           ^
/usr/include/x86_64-linux-gnu/bits/types.h:129:26: error: storage class specified for parameter ‘__mode_t’
 __STD_TYPE __MODE_T_TYPE __mode_t; /* Type of file attribute bitmasks.  */
                          ^
/usr/include/x86_64-linux-gnu/bits/types.h:130:27: error: storage class specified for parameter ‘__nlink_t’
 __STD_TYPE __NLINK_T_TYPE __nlink_t; /* Type of file link counts.  */
                           ^
/usr/include/x86_64-linux-gnu/bits/types.h:131:25: error: storage class specified for parameter ‘__off_t’
 __STD_TYPE __OFF_T_TYPE __off_t; /* Type of file sizes and offsets.  */
                         ^
/usr/include/x86_64-linux-gnu/bits/types.h:132:27: error: storage class specified for parameter ‘__off64_t’
 __STD_TYPE __OFF64_T_TYPE __off64_t; /* Type of file sizes and offsets (LFS).  */
                           ^
/usr/include/x86_64-linux-gnu/bits/types.h:133:25: error: storage class specified for parameter ‘__pid_t’
 __STD_TYPE __PID_T_TYPE __pid_t; /* Type of process identifications.  */
                         ^
/usr/include/x86_64-linux-gnu/bits/types.h:134:26: error: storage class specified for parameter ‘__fsid_t’
 __STD_TYPE __FSID_T_TYPE __fsid_t; /* Type of file system IDs.  */
                          ^
/usr/include/x86_64-linux-gnu/bits/types.h:135:27: error: storage class specified for parameter ‘__clock_t’
 __STD_TYPE __CLOCK_T_TYPE __clock_t; /* Type of CPU usage counts.  */
                           ^
/usr/include/x86_64-linux-gnu/bits/types.h:136:26: error: storage class specified for parameter ‘__rlim_t’
 __STD_TYPE __RLIM_T_TYPE __rlim_t; /* Type for resource measurement.  */
                          ^
/usr/include/x86_64-linux-gnu/bits/types.h:137:28: error: storage class specified for parameter ‘__rlim64_t’
 __STD_TYPE __RLIM64_T_TYPE __rlim64_t; /* Type for resource measurement (LFS).  */
                            ^
/usr/include/x86_64-linux-gnu/bits/types.h:138:24: error: storage class specified for parameter ‘__id_t’
 __STD_TYPE __ID_T_TYPE __id_t;  /* General type for IDs.  */
                        ^
/usr/include/x86_64-linux-gnu/bits/types.h:139:26: error: storage class specified for parameter ‘__time_t’
 __STD_TYPE __TIME_T_TYPE __time_t; /* Seconds since the Epoch.  */
                          ^
/usr/include/x86_64-linux-gnu/bits/types.h:140:30: error: storage class specified for parameter ‘__useconds_t’
 __STD_TYPE __USECONDS_T_TYPE __useconds_t; /* Count of microseconds.  */
                              ^
/usr/include/x86_64-linux-gnu/bits/types.h:141:31: error: storage class specified for parameter ‘__suseconds_t’
 __STD_TYPE __SUSECONDS_T_TYPE __suseconds_t; /* Signed count of microseconds.  */
                               ^
/usr/include/x86_64-linux-gnu/bits/types.h:143:27: error: storage class specified for parameter ‘__daddr_t’
 __STD_TYPE __DADDR_T_TYPE __daddr_t; /* The type of a disk address.  */
                           ^
/usr/include/x86_64-linux-gnu/bits/types.h:144:25: error: storage class specified for parameter ‘__key_t’
 __STD_TYPE __KEY_T_TYPE __key_t; /* Type of an IPC key.  */
                         ^
/usr/include/x86_64-linux-gnu/bits/types.h:147:29: error: storage class specified for parameter ‘__clockid_t’
 __STD_TYPE __CLOCKID_T_TYPE __clockid_t;
                             ^
/usr/include/x86_64-linux-gnu/bits/types.h:150:27: error: storage class specified for parameter ‘__timer_t’
 __STD_TYPE __TIMER_T_TYPE __timer_t;
                           ^
/usr/include/x86_64-linux-gnu/bits/types.h:153:29: error: storage class specified for parameter ‘__blksize_t’
 __STD_TYPE __BLKSIZE_T_TYPE __blksize_t;
                             ^
/usr/include/x86_64-linux-gnu/bits/types.h:158:28: error: storage class specified for parameter ‘__blkcnt_t’
 __STD_TYPE __BLKCNT_T_TYPE __blkcnt_t;
                            ^
/usr/include/x86_64-linux-gnu/bits/types.h:159:30: error: storage class specified for parameter ‘__blkcnt64_t’
 __STD_TYPE __BLKCNT64_T_TYPE __blkcnt64_t;
                              ^
/usr/include/x86_64-linux-gnu/bits/types.h:162:30: error: storage class specified for parameter ‘__fsblkcnt_t’
 __STD_TYPE __FSBLKCNT_T_TYPE __fsblkcnt_t;
                              ^
/usr/include/x86_64-linux-gnu/bits/types.h:163:32: error: storage class specified for parameter ‘__fsblkcnt64_t’
 __STD_TYPE __FSBLKCNT64_T_TYPE __fsblkcnt64_t;
                                ^
/usr/include/x86_64-linux-gnu/bits/types.h:166:30: error: storage class specified for parameter ‘__fsfilcnt_t’
 __STD_TYPE __FSFILCNT_T_TYPE __fsfilcnt_t;
                              ^
/usr/include/x86_64-linux-gnu/bits/types.h:167:32: error: storage class specified for parameter ‘__fsfilcnt64_t’
 __STD_TYPE __FSFILCNT64_T_TYPE __fsfilcnt64_t;
                                ^
/usr/include/x86_64-linux-gnu/bits/types.h:170:28: error: storage class specified for parameter ‘__fsword_t’
 __STD_TYPE __FSWORD_T_TYPE __fsword_t;
                            ^
/usr/include/x86_64-linux-gnu/bits/types.h:172:27: error: storage class specified for parameter ‘__ssize_t’
 __STD_TYPE __SSIZE_T_TYPE __ssize_t; /* Type of a byte count, or error.  */
                           ^
/usr/include/x86_64-linux-gnu/bits/types.h:175:33: error: storage class specified for parameter ‘__syscall_slong_t’
 __STD_TYPE __SYSCALL_SLONG_TYPE __syscall_slong_t;
                                 ^
/usr/include/x86_64-linux-gnu/bits/types.h:177:33: error: storage class specified for parameter ‘__syscall_ulong_t’
 __STD_TYPE __SYSCALL_ULONG_TYPE __syscall_ulong_t;
                                 ^
/usr/include/x86_64-linux-gnu/bits/types.h:181:19: error: expected ‘=’, ‘,’, ‘;’, ‘asm’ or ‘__attribute__’ before ‘__loff_t’
 typedef __off64_t __loff_t; /* Type of file sizes and offsets (LFS).  */
                   ^
/usr/include/x86_64-linux-gnu/bits/types.h:182:18: error: expected ‘=’, ‘,’, ‘;’, ‘asm’ or ‘__attribute__’ before ‘*’ token
 typedef __quad_t *__qaddr_t;
                  ^
/usr/include/x86_64-linux-gnu/bits/types.h:183:15: error: storage class specified for parameter ‘__caddr_t’
 typedef char *__caddr_t;
               ^
/usr/include/x86_64-linux-gnu/bits/types.h:186:25: error: storage class specified for parameter ‘__intptr_t’
 __STD_TYPE __SWORD_TYPE __intptr_t;
                         ^
/usr/include/x86_64-linux-gnu/bits/types.h:189:23: error: storage class specified for parameter ‘__socklen_t’
 __STD_TYPE __U32_TYPE __socklen_t;
                       ^
In file included from utile.c:2:0:
/usr/include/stdio.h:48:25: error: storage class specified for parameter ‘FILE’
 typedef struct _IO_FILE FILE;
                         ^
/usr/include/stdio.h:64:25: error: storage class specified for parameter ‘__FILE’
 typedef struct _IO_FILE __FILE;
                         ^
In file included from /usr/include/_G_config.h:20:0,
                 from /usr/include/libio.h:31,
                 from /usr/include/stdio.h:74,
                 from utile.c:2:
/usr/include/wchar.h:94:3: error: storage class specified for parameter ‘__mbstate_t’
 } __mbstate_t;
   ^
In file included from /usr/include/libio.h:31:0,
                 from /usr/include/stdio.h:74,
                 from utile.c:2:
/usr/include/_G_config.h:23:3: error: expected specifier-qualifier-list before ‘__off_t’
   __off_t __pos;
   ^
/usr/include/_G_config.h:25:3: error: storage class specified for parameter ‘_G_fpos_t’
 } _G_fpos_t;
   ^
/usr/include/_G_config.h:28:3: error: expected specifier-qualifier-list before ‘__off64_t’
   __off64_t __pos;
   ^
/usr/include/_G_config.h:30:3: error: storage class specified for parameter ‘_G_fpos64_t’
 } _G_fpos64_t;
   ^
In file included from /usr/include/libio.h:49:0,
                 from /usr/include/stdio.h:74,
                 from utile.c:2:
/usr/lib/gcc/x86_64-linux-gnu/5/include/stdarg.h:40:27: error: storage class specified for parameter ‘__gnuc_va_list’
 typedef __builtin_va_list __gnuc_va_list;
                           ^
In file included from /usr/include/stdio.h:74:0,
                 from utile.c:2:
/usr/include/libio.h:150:14: error: storage class specified for parameter ‘_IO_lock_t’
 typedef void _IO_lock_t;
              ^
In file included from /usr/include/stdio.h:74:0,
                 from utile.c:2:
/usr/include/libio.h:270:3: error: expected specifier-qualifier-list before ‘__off_t’
   _IO_off_t _old_offset; /* This used to be _offset but it's too small.  */
   ^
In file included from /usr/include/stdio.h:74:0,
                 from utile.c:2:
/usr/include/libio.h:310:25: error: storage class specified for parameter ‘_IO_FILE’
 typedef struct _IO_FILE _IO_FILE;
                         ^
/usr/include/libio.h:315:29: error: storage class specified for parameter ‘_IO_2_1_stdin_’
 extern struct _IO_FILE_plus _IO_2_1_stdin_;
                             ^
/usr/include/libio.h:316:29: error: storage class specified for parameter ‘_IO_2_1_stdout_’
 extern struct _IO_FILE_plus _IO_2_1_stdout_;
                             ^
/usr/include/libio.h:317:29: error: storage class specified for parameter ‘_IO_2_1_stderr_’
 extern struct _IO_FILE_plus _IO_2_1_stderr_;
                             ^
/usr/include/libio.h:333:19: error: expected ‘=’, ‘,’, ‘;’, ‘asm’ or ‘__attribute__’ before ‘__io_read_fn’
 typedef __ssize_t __io_read_fn (void *__cookie, char *__buf, size_t __nbytes);
                   ^
/usr/include/libio.h:341:19: error: expected ‘=’, ‘,’, ‘;’, ‘asm’ or ‘__attribute__’ before ‘__io_write_fn’
 typedef __ssize_t __io_write_fn (void *__cookie, const char *__buf,
                   ^
In file included from /usr/include/stdio.h:74:0,
                 from utile.c:2:
/usr/include/libio.h:350:43: error: expected declaration specifiers or ‘...’ before ‘__off64_t’
 typedef int __io_seek_fn (void *__cookie, _IO_off64_t *__pos, int __w);
                                           ^
In file included from /usr/include/stdio.h:74:0,
                 from utile.c:2:
/usr/include/libio.h:353:13: error: storage class specified for parameter ‘__io_close_fn’
 typedef int __io_close_fn (void *__cookie);
             ^
/usr/include/libio.h:385:25: error: expected declaration specifiers or ‘...’ before ‘_IO_FILE’
 extern int __underflow (_IO_FILE *);
                         ^
/usr/include/libio.h:386:21: error: expected declaration specifiers or ‘...’ before ‘_IO_FILE’
 extern int __uflow (_IO_FILE *);
                     ^
/usr/include/libio.h:387:24: error: expected declaration specifiers or ‘...’ before ‘_IO_FILE’
 extern int __overflow (_IO_FILE *, int);
                        ^
/usr/include/libio.h:429:22: error: expected declaration specifiers or ‘...’ before ‘_IO_FILE’
 extern int _IO_getc (_IO_FILE *__fp);
                      ^
/usr/include/libio.h:430:31: error: expected declaration specifiers or ‘...’ before ‘_IO_FILE’
 extern int _IO_putc (int __c, _IO_FILE *__fp);
                               ^
/usr/include/libio.h:431:22: error: expected declaration specifiers or ‘...’ before ‘_IO_FILE’
 extern int _IO_feof (_IO_FILE *__fp) __THROW;
                      ^
/usr/include/libio.h:432:24: error: expected declaration specifiers or ‘...’ before ‘_IO_FILE’
 extern int _IO_ferror (_IO_FILE *__fp) __THROW;
                        ^
/usr/include/libio.h:434:30: error: expected declaration specifiers or ‘...’ before ‘_IO_FILE’
 extern int _IO_peekc_locked (_IO_FILE *__fp);
                              ^
/usr/include/libio.h:440:28: error: expected declaration specifiers or ‘...’ before ‘_IO_FILE’
 extern void _IO_flockfile (_IO_FILE *) __THROW;
                            ^
/usr/include/libio.h:441:30: error: expected declaration specifiers or ‘...’ before ‘_IO_FILE’
 extern void _IO_funlockfile (_IO_FILE *) __THROW;
                              ^
/usr/include/libio.h:442:30: error: expected declaration specifiers or ‘...’ before ‘_IO_FILE’
 extern int _IO_ftrylockfile (_IO_FILE *) __THROW;
                              ^
/usr/include/libio.h:459:25: error: expected declaration specifiers or ‘...’ before ‘_IO_FILE’
 extern int _IO_vfscanf (_IO_FILE * __restrict, const char * __restrict,
                         ^
/usr/include/libio.h:460:4: error: expected declaration specifiers or ‘...’ before ‘__gnuc_va_list’
    _IO_va_list, int *__restrict);
    ^
/usr/include/libio.h:461:26: error: expected declaration specifiers or ‘...’ before ‘_IO_FILE’
 extern int _IO_vfprintf (_IO_FILE *__restrict, const char *__restrict,
                          ^
/usr/include/libio.h:462:5: error: expected declaration specifiers or ‘...’ before ‘__gnuc_va_list’
     _IO_va_list);
     ^
/usr/include/libio.h:463:20: error: expected ‘=’, ‘,’, ‘;’, ‘asm’ or ‘__attribute__’ before ‘_IO_padn’
 extern _IO_ssize_t _IO_padn (_IO_FILE *, int, _IO_ssize_t);
                    ^
In file included from /usr/include/stdio.h:74:0,
                 from utile.c:2:
/usr/include/libio.h:464:8: error: unknown type name ‘size_t’
 extern _IO_size_t _IO_sgetn (_IO_FILE *, void *, _IO_size_t);
        ^
In file included from /usr/include/stdio.h:74:0,
                 from utile.c:2:
/usr/include/libio.h:464:30: error: expected declaration specifiers or ‘...’ before ‘_IO_FILE’
 extern _IO_size_t _IO_sgetn (_IO_FILE *, void *, _IO_size_t);
                              ^
In file included from /usr/include/stdio.h:74:0,
                 from utile.c:2:
/usr/include/libio.h:464:50: error: unknown type name ‘size_t’
 extern _IO_size_t _IO_sgetn (_IO_FILE *, void *, _IO_size_t);
                                                  ^
In file included from /usr/include/stdio.h:74:0,
                 from utile.c:2:
/usr/include/libio.h:466:20: error: expected ‘=’, ‘,’, ‘;’, ‘asm’ or ‘__attribute__’ before ‘_IO_seekoff’
 extern _IO_off64_t _IO_seekoff (_IO_FILE *, _IO_off64_t, int, int);
                    ^
/usr/include/libio.h:467:20: error: expected ‘=’, ‘,’, ‘;’, ‘asm’ or ‘__attribute__’ before ‘_IO_seekpos’
 extern _IO_off64_t _IO_seekpos (_IO_FILE *, _IO_off64_t, int);
                    ^
/usr/include/libio.h:469:35: error: expected declaration specifiers or ‘...’ before ‘_IO_FILE’
 extern void _IO_free_backup_area (_IO_FILE *) __THROW;
                                   ^
In file included from utile.c:2:0:
/usr/include/stdio.h:79:20: error: expected ‘=’, ‘,’, ‘;’, ‘asm’ or ‘__attribute__’ before ‘va_list’
 typedef _G_va_list va_list;
                    ^
/usr/include/stdio.h:90:17: error: expected ‘=’, ‘,’, ‘;’, ‘asm’ or ‘__attribute__’ before ‘off_t’
 typedef __off_t off_t;
                 ^
/usr/include/stdio.h:102:19: error: expected ‘=’, ‘,’, ‘;’, ‘asm’ or ‘__attribute__’ before ‘ssize_t’
 typedef __ssize_t ssize_t;
                   ^
/usr/include/stdio.h:110:19: error: expected ‘=’, ‘,’, ‘;’, ‘asm’ or ‘__attribute__’ before ‘fpos_t’
 typedef _G_fpos_t fpos_t;
                   ^
In file included from utile.c:2:0:
/usr/include/stdio.h:168:25: error: storage class specified for parameter ‘stdin’
 extern struct _IO_FILE *stdin;  /* Standard input stream.  */
                         ^
/usr/include/stdio.h:169:25: error: storage class specified for parameter ‘stdout’
 extern struct _IO_FILE *stdout;  /* Standard output stream.  */
                         ^
/usr/include/stdio.h:170:25: error: storage class specified for parameter ‘stderr’
 extern struct _IO_FILE *stderr;  /* Standard error output stream.  */
                         ^
/usr/include/stdio.h:178:12: error: storage class specified for parameter ‘remove’
 extern int remove (const char *__filename) __THROW;
            ^
/usr/include/stdio.h:180:12: error: storage class specified for parameter ‘rename’
 extern int rename (const char *__old, const char *__new) __THROW;
            ^
/usr/include/stdio.h:185:12: error: storage class specified for parameter ‘renameat’
 extern int renameat (int __oldfd, const char *__old, int __newfd,
            ^
/usr/include/stdio.h:195:13: error: expected ‘=’, ‘,’, ‘;’, ‘asm’ or ‘__attribute__’ before ‘*’ token
 extern FILE *tmpfile (void) __wur;
             ^
/usr/include/stdio.h:209:14: error: storage class specified for parameter ‘tmpnam’
 extern char *tmpnam (char *__s) __THROW __wur;
              ^
/usr/include/stdio.h:215:14: error: storage class specified for parameter ‘tmpnam_r’
 extern char *tmpnam_r (char *__s) __THROW __wur;
              ^
/usr/include/stdio.h:227:14: error: storage class specified for parameter ‘tempnam’
 extern char *tempnam (const char *__dir, const char *__pfx)
              ^
/usr/include/stdio.h:237:20: error: expected declaration specifiers or ‘...’ before ‘FILE’
 extern int fclose (FILE *__stream);
                    ^
/usr/include/stdio.h:242:20: error: expected declaration specifiers or ‘...’ before ‘FILE’
 extern int fflush (FILE *__stream);
                    ^
/usr/include/stdio.h:252:29: error: expected declaration specifiers or ‘...’ before ‘FILE’
 extern int fflush_unlocked (FILE *__stream);
                             ^
/usr/include/stdio.h:272:13: error: expected ‘=’, ‘,’, ‘;’, ‘asm’ or ‘__attribute__’ before ‘*’ token
 extern FILE *fopen (const char *__restrict __filename,
             ^
/usr/include/stdio.h:278:13: error: expected ‘=’, ‘,’, ‘;’, ‘asm’ or ‘__attribute__’ before ‘*’ token
 extern FILE *freopen (const char *__restrict __filename,
             ^
/usr/include/stdio.h:306:13: error: expected ‘=’, ‘,’, ‘;’, ‘asm’ or ‘__attribute__’ before ‘*’ token
 extern FILE *fdopen (int __fd, const char *__modes) __THROW __wur;
             ^
/usr/include/stdio.h:319:13: error: expected ‘=’, ‘,’, ‘;’, ‘asm’ or ‘__attribute__’ before ‘*’ token
 extern FILE *fmemopen (void *__s, size_t __len, const char *__modes)
             ^
/usr/include/stdio.h:325:13: error: expected ‘=’, ‘,’, ‘;’, ‘asm’ or ‘__attribute__’ before ‘*’ token
 extern FILE *open_memstream (char **__bufloc, size_t *__sizeloc) __THROW __wur;
             ^
/usr/include/stdio.h:332:21: error: expected declaration specifiers or ‘...’ before ‘FILE’
 extern void setbuf (FILE *__restrict __stream, char *__restrict __buf) __THROW;
                     ^
/usr/include/stdio.h:336:21: error: expected declaration specifiers or ‘...’ before ‘FILE’
 extern int setvbuf (FILE *__restrict __stream, char *__restrict __buf,
                     ^
/usr/include/stdio.h:337:20: error: unknown type name ‘size_t’
       int __modes, size_t __n) __THROW;
                    ^
/usr/include/stdio.h:343:24: error: expected declaration specifiers or ‘...’ before ‘FILE’
 extern void setbuffer (FILE *__restrict __stream, char *__restrict __buf,
                        ^
/usr/include/stdio.h:344:10: error: unknown type name ‘size_t’
          size_t __size) __THROW;
          ^
/usr/include/stdio.h:347:25: error: expected declaration specifiers or ‘...’ before ‘FILE’
 extern void setlinebuf (FILE *__stream) __THROW;
                         ^
/usr/include/stdio.h:356:21: error: expected declaration specifiers or ‘...’ before ‘FILE’
 extern int fprintf (FILE *__restrict __stream,
                     ^
/usr/include/stdio.h:362:12: error: storage class specified for parameter ‘printf’
 extern int printf (const char *__restrict __format, ...);
            ^
/usr/include/stdio.h:364:12: error: storage class specified for parameter ‘sprintf’
 extern int sprintf (char *__restrict __s,
            ^
/usr/include/stdio.h:371:22: error: expected declaration specifiers or ‘...’ before ‘FILE’
 extern int vfprintf (FILE *__restrict __s, const char *__restrict __format,
                      ^
In file included from /usr/include/libio.h:31:0,
                 from /usr/include/stdio.h:74,
                 from utile.c:2:
/usr/include/stdio.h:372:8: error: expected declaration specifiers or ‘...’ before ‘__gnuc_va_list’
        _G_va_list __arg);
        ^
/usr/include/stdio.h:377:54: error: expected declaration specifiers or ‘...’ before ‘__gnuc_va_list’
 extern int vprintf (const char *__restrict __format, _G_va_list __arg);
                                                      ^
/usr/include/stdio.h:380:8: error: expected declaration specifiers or ‘...’ before ‘__gnuc_va_list’
        _G_va_list __arg) __THROWNL;
        ^
In file included from utile.c:2:0:
/usr/include/stdio.h:386:44: error: unknown type name ‘size_t’
 extern int snprintf (char *__restrict __s, size_t __maxlen,
                                            ^
/usr/include/stdio.h:390:45: error: unknown type name ‘size_t’
 extern int vsnprintf (char *__restrict __s, size_t __maxlen,
                                             ^
In file included from /usr/include/libio.h:31:0,
                 from /usr/include/stdio.h:74,
                 from utile.c:2:
/usr/include/stdio.h:391:42: error: expected declaration specifiers or ‘...’ before ‘__gnuc_va_list’
         const char *__restrict __format, _G_va_list __arg)
                                          ^
/usr/include/stdio.h:413:8: error: expected declaration specifiers or ‘...’ before ‘__gnuc_va_list’
        _G_va_list __arg)
        ^
In file included from utile.c:2:0:
/usr/include/stdio.h:415:12: error: storage class specified for parameter ‘dprintf’
 extern int dprintf (int __fd, const char *__restrict __fmt, ...)
            ^
/usr/include/stdio.h:425:20: error: expected declaration specifiers or ‘...’ before ‘FILE’
 extern int fscanf (FILE *__restrict __stream,
                    ^
/usr/include/stdio.h:431:12: error: storage class specified for parameter ‘scanf’
 extern int scanf (const char *__restrict __format, ...) __wur;
            ^
/usr/include/stdio.h:433:12: error: storage class specified for parameter ‘sscanf’
 extern int sscanf (const char *__restrict __s,
            ^
In file included from /usr/include/features.h:367:0,
                 from /usr/include/stdio.h:27,
                 from utile.c:2:
/usr/include/stdio.h:443:12: error: expected declaration specifiers or ‘...’ before ‘FILE’
 extern int __REDIRECT (fscanf, (FILE *__restrict __stream,
            ^
/usr/include/stdio.h:446:12: error: storage class specified for parameter ‘scanf’
 extern int __REDIRECT (scanf, (const char *__restrict __format, ...),
            ^
/usr/include/stdio.h:446:12: error: redefinition of parameter ‘scanf’
In file included from utile.c:2:0:
/usr/include/stdio.h:431:12: note: previous definition of ‘scanf’ was here
 extern int scanf (const char *__restrict __format, ...) __wur;
            ^
In file included from /usr/include/features.h:367:0,
                 from /usr/include/stdio.h:27,
                 from utile.c:2:
/usr/include/stdio.h:448:12: error: storage class specified for parameter ‘sscanf’
 extern int __REDIRECT_NTH (sscanf, (const char *__restrict __s,
            ^
/usr/include/stdio.h:448:12: error: redefinition of parameter ‘sscanf’
In file included from utile.c:2:0:
/usr/include/stdio.h:433:12: note: previous definition of ‘sscanf’ was here
 extern int sscanf (const char *__restrict __s,
            ^
/usr/include/stdio.h:471:21: error: expected declaration specifiers or ‘...’ before ‘FILE’
 extern int vfscanf (FILE *__restrict __s, const char *__restrict __format,
                     ^
In file included from /usr/include/libio.h:31:0,
                 from /usr/include/stdio.h:74,
                 from utile.c:2:
/usr/include/stdio.h:472:7: error: expected declaration specifiers or ‘...’ before ‘__gnuc_va_list’
       _G_va_list __arg)
       ^
/usr/include/stdio.h:479:53: error: expected declaration specifiers or ‘...’ before ‘__gnuc_va_list’
 extern int vscanf (const char *__restrict __format, _G_va_list __arg)
                                                     ^
/usr/include/stdio.h:484:40: error: expected declaration specifiers or ‘...’ before ‘__gnuc_va_list’
       const char *__restrict __format, _G_va_list __arg)
                                        ^
In file included from /usr/include/features.h:367:0,
                 from /usr/include/stdio.h:27,
                 from utile.c:2:
/usr/include/stdio.h:494:12: error: expected declaration specifiers or ‘...’ before ‘FILE’
 extern int __REDIRECT (vfscanf,
            ^
/usr/include/stdio.h:496:37: error: expected declaration specifiers or ‘...’ before ‘__gnuc_va_list’
    const char *__restrict __format, _G_va_list __arg),
                                     ^
/usr/include/stdio.h:500:5: error: expected declaration specifiers or ‘...’ before ‘__gnuc_va_list’
     _G_va_list __arg), __isoc99_vscanf)
     ^
/usr/include/stdio.h:505:8: error: expected declaration specifiers or ‘...’ before ‘__gnuc_va_list’
        _G_va_list __arg), __isoc99_vsscanf)
        ^
In file included from utile.c:2:0:
/usr/include/stdio.h:531:19: error: expected declaration specifiers or ‘...’ before ‘FILE’
 extern int fgetc (FILE *__stream);
                   ^
/usr/include/stdio.h:532:18: error: expected declaration specifiers or ‘...’ before ‘FILE’
 extern int getc (FILE *__stream);
                  ^
/usr/include/stdio.h:538:12: error: storage class specified for parameter ‘getchar’
 extern int getchar (void);
            ^
/usr/include/stdio.h:550:27: error: expected declaration specifiers or ‘...’ before ‘FILE’
 extern int getc_unlocked (FILE *__stream);
                           ^
/usr/include/stdio.h:551:12: error: storage class specified for parameter ‘getchar_unlocked’
 extern int getchar_unlocked (void);
            ^
/usr/include/stdio.h:561:28: error: expected declaration specifiers or ‘...’ before ‘FILE’
 extern int fgetc_unlocked (FILE *__stream);
                            ^
/usr/include/stdio.h:573:28: error: expected declaration specifiers or ‘...’ before ‘FILE’
 extern int fputc (int __c, FILE *__stream);
                            ^
/usr/include/stdio.h:574:27: error: expected declaration specifiers or ‘...’ before ‘FILE’
 extern int putc (int __c, FILE *__stream);
                           ^
/usr/include/stdio.h:580:12: error: storage class specified for parameter ‘putchar’
 extern int putchar (int __c);
            ^
/usr/include/stdio.h:594:37: error: expected declaration specifiers or ‘...’ before ‘FILE’
 extern int fputc_unlocked (int __c, FILE *__stream);
                                     ^
/usr/include/stdio.h:602:36: error: expected declaration specifiers or ‘...’ before ‘FILE’
 extern int putc_unlocked (int __c, FILE *__stream);
                                    ^
/usr/include/stdio.h:603:12: error: storage class specified for parameter ‘putchar_unlocked’
 extern int putchar_unlocked (int __c);
            ^
/usr/include/stdio.h:610:18: error: expected declaration specifiers or ‘...’ before ‘FILE’
 extern int getw (FILE *__stream);
                  ^
/usr/include/stdio.h:613:27: error: expected declaration specifiers or ‘...’ before ‘FILE’
 extern int putw (int __w, FILE *__stream);
                           ^
/usr/include/stdio.h:622:52: error: expected declaration specifiers or ‘...’ before ‘FILE’
 extern char *fgets (char *__restrict __s, int __n, FILE *__restrict __stream)
                                                    ^
/usr/include/stdio.h:665:20: error: expected ‘=’, ‘,’, ‘;’, ‘asm’ or ‘__attribute__’ before ‘__getdelim’
 extern _IO_ssize_t __getdelim (char **__restrict __lineptr,
                    ^
/usr/include/stdio.h:668:20: error: expected ‘=’, ‘,’, ‘;’, ‘asm’ or ‘__attribute__’ before ‘getdelim’
 extern _IO_ssize_t getdelim (char **__restrict __lineptr,
                    ^
/usr/include/stdio.h:678:20: error: expected ‘=’, ‘,’, ‘;’, ‘asm’ or ‘__attribute__’ before ‘getline’
 extern _IO_ssize_t getline (char **__restrict __lineptr,
                    ^
/usr/include/stdio.h:689:47: error: expected declaration specifiers or ‘...’ before ‘FILE’
 extern int fputs (const char *__restrict __s, FILE *__restrict __stream);
                                               ^
/usr/include/stdio.h:695:12: error: storage class specified for parameter ‘puts’
 extern int puts (const char *__s);
            ^
/usr/include/stdio.h:702:29: error: expected declaration specifiers or ‘...’ before ‘FILE’
 extern int ungetc (int __c, FILE *__stream);
                             ^
/usr/include/stdio.h:709:8: error: unknown type name ‘size_t’
 extern size_t fread (void *__restrict __ptr, size_t __size,
        ^
/usr/include/stdio.h:709:46: error: unknown type name ‘size_t’
 extern size_t fread (void *__restrict __ptr, size_t __size,
                                              ^
/usr/include/stdio.h:710:8: error: unknown type name ‘size_t’
        size_t __n, FILE *__restrict __stream) __wur;
        ^
/usr/include/stdio.h:710:20: error: expected declaration specifiers or ‘...’ before ‘FILE’
        size_t __n, FILE *__restrict __stream) __wur;
                    ^
/usr/include/stdio.h:715:8: error: unknown type name ‘size_t’
 extern size_t fwrite (const void *__restrict __ptr, size_t __size,
        ^
/usr/include/stdio.h:715:53: error: unknown type name ‘size_t’
 extern size_t fwrite (const void *__restrict __ptr, size_t __size,
                                                     ^
/usr/include/stdio.h:716:9: error: unknown type name ‘size_t’
         size_t __n, FILE *__restrict __s);
         ^
/usr/include/stdio.h:716:21: error: expected declaration specifiers or ‘...’ before ‘FILE’
         size_t __n, FILE *__restrict __s);
                     ^
/usr/include/stdio.h:737:8: error: unknown type name ‘size_t’
 extern size_t fread_unlocked (void *__restrict __ptr, size_t __size,
        ^
/usr/include/stdio.h:737:55: error: unknown type name ‘size_t’
 extern size_t fread_unlocked (void *__restrict __ptr, size_t __size,
                                                       ^
/usr/include/stdio.h:738:10: error: unknown type name ‘size_t’
          size_t __n, FILE *__restrict __stream) __wur;
          ^
/usr/include/stdio.h:738:22: error: expected declaration specifiers or ‘...’ before ‘FILE’
          size_t __n, FILE *__restrict __stream) __wur;
                      ^
/usr/include/stdio.h:739:8: error: unknown type name ‘size_t’
 extern size_t fwrite_unlocked (const void *__restrict __ptr, size_t __size,
        ^
/usr/include/stdio.h:739:62: error: unknown type name ‘size_t’
 extern size_t fwrite_unlocked (const void *__restrict __ptr, size_t __size,
                                                              ^
/usr/include/stdio.h:740:11: error: unknown type name ‘size_t’
           size_t __n, FILE *__restrict __stream);
           ^
/usr/include/stdio.h:740:23: error: expected declaration specifiers or ‘...’ before ‘FILE’
           size_t __n, FILE *__restrict __stream);
                       ^
/usr/include/stdio.h:749:19: error: expected declaration specifiers or ‘...’ before ‘FILE’
 extern int fseek (FILE *__stream, long int __off, int __whence);
                   ^
/usr/include/stdio.h:754:24: error: expected declaration specifiers or ‘...’ before ‘FILE’
 extern long int ftell (FILE *__stream) __wur;
                        ^
/usr/include/stdio.h:759:21: error: expected declaration specifiers or ‘...’ before ‘FILE’
 extern void rewind (FILE *__stream);
                     ^
/usr/include/stdio.h:773:20: error: expected declaration specifiers or ‘...’ before ‘FILE’
 extern int fseeko (FILE *__stream, __off_t __off, int __whence);
                    ^
/usr/include/stdio.h:773:36: error: expected declaration specifiers or ‘...’ before ‘__off_t’
 extern int fseeko (FILE *__stream, __off_t __off, int __whence);
                                    ^
/usr/include/stdio.h:778:16: error: expected ‘=’, ‘,’, ‘;’, ‘asm’ or ‘__attribute__’ before ‘ftello’
 extern __off_t ftello (FILE *__stream) __wur;
                ^
/usr/include/stdio.h:798:21: error: expected declaration specifiers or ‘...’ before ‘FILE’
 extern int fgetpos (FILE *__restrict __stream, fpos_t *__restrict __pos);
                     ^
/usr/include/stdio.h:798:48: error: unknown type name ‘fpos_t’
 extern int fgetpos (FILE *__restrict __stream, fpos_t *__restrict __pos);
                                                ^
/usr/include/stdio.h:803:21: error: expected declaration specifiers or ‘...’ before ‘FILE’
 extern int fsetpos (FILE *__stream, const fpos_t *__pos);
                     ^
/usr/include/stdio.h:803:43: error: unknown type name ‘fpos_t’
 extern int fsetpos (FILE *__stream, const fpos_t *__pos);
                                           ^
/usr/include/stdio.h:826:23: error: expected declaration specifiers or ‘...’ before ‘FILE’
 extern void clearerr (FILE *__stream) __THROW;
                       ^
/usr/include/stdio.h:828:18: error: expected declaration specifiers or ‘...’ before ‘FILE’
 extern int feof (FILE *__stream) __THROW __wur;
                  ^
/usr/include/stdio.h:830:20: error: expected declaration specifiers or ‘...’ before ‘FILE’
 extern int ferror (FILE *__stream) __THROW __wur;
                    ^
/usr/include/stdio.h:835:32: error: expected declaration specifiers or ‘...’ before ‘FILE’
 extern void clearerr_unlocked (FILE *__stream) __THROW;
                                ^
/usr/include/stdio.h:836:27: error: expected declaration specifiers or ‘...’ before ‘FILE’
 extern int feof_unlocked (FILE *__stream) __THROW __wur;
                           ^
/usr/include/stdio.h:837:29: error: expected declaration specifiers or ‘...’ before ‘FILE’
 extern int ferror_unlocked (FILE *__stream) __THROW __wur;
                             ^
/usr/include/stdio.h:846:13: error: storage class specified for parameter ‘perror’
 extern void perror (const char *__s);
             ^
In file included from /usr/include/stdio.h:853:0,
                 from utile.c:2:
/usr/include/x86_64-linux-gnu/bits/sys_errlist.h:26:12: error: storage class specified for parameter ‘sys_nerr’
 extern int sys_nerr;
            ^
/usr/include/x86_64-linux-gnu/bits/sys_errlist.h:27:26: error: storage class specified for parameter ‘sys_errlist’
 extern const char *const sys_errlist[];
                          ^
In file included from utile.c:2:0:
/usr/include/stdio.h:858:20: error: expected declaration specifiers or ‘...’ before ‘FILE’
 extern int fileno (FILE *__stream) __THROW __wur;
                    ^
/usr/include/stdio.h:863:29: error: expected declaration specifiers or ‘...’ before ‘FILE’
 extern int fileno_unlocked (FILE *__stream) __THROW __wur;
                             ^
/usr/include/stdio.h:872:13: error: expected ‘=’, ‘,’, ‘;’, ‘asm’ or ‘__attribute__’ before ‘*’ token
 extern FILE *popen (const char *__command, const char *__modes) __wur;
             ^
/usr/include/stdio.h:878:20: error: expected declaration specifiers or ‘...’ before ‘FILE’
 extern int pclose (FILE *__stream);
                    ^
/usr/include/stdio.h:884:14: error: storage class specified for parameter ‘ctermid’
 extern char *ctermid (char *__s) __THROW;
              ^
/usr/include/stdio.h:912:24: error: expected declaration specifiers or ‘...’ before ‘FILE’
 extern void flockfile (FILE *__stream) __THROW;
                        ^
/usr/include/stdio.h:916:26: error: expected declaration specifiers or ‘...’ before ‘FILE’
 extern int ftrylockfile (FILE *__stream) __THROW __wur;
                          ^
/usr/include/stdio.h:919:26: error: expected declaration specifiers or ‘...’ before ‘FILE’
 extern void funlockfile (FILE *__stream) __THROW;
                          ^
In file included from utile.c:3:0:
/usr/include/time.h:59:19: error: expected ‘=’, ‘,’, ‘;’, ‘asm’ or ‘__attribute__’ before ‘clock_t’
 typedef __clock_t clock_t;
                   ^
/usr/include/time.h:75:18: error: expected ‘=’, ‘,’, ‘;’, ‘asm’ or ‘__attribute__’ before ‘time_t’
 typedef __time_t time_t;
                  ^
/usr/include/time.h:91:21: error: expected ‘=’, ‘,’, ‘;’, ‘asm’ or ‘__attribute__’ before ‘clockid_t’
 typedef __clockid_t clockid_t;
                     ^
/usr/include/time.h:103:19: error: expected ‘=’, ‘,’, ‘;’, ‘asm’ or ‘__attribute__’ before ‘timer_t’
 typedef __timer_t timer_t;
                   ^
/usr/include/time.h:122:5: error: expected specifier-qualifier-list before ‘__time_t’
     __time_t tv_sec;  /* Seconds.  */
     ^
/usr/include/time.h:174:17: error: expected ‘=’, ‘,’, ‘;’, ‘asm’ or ‘__attribute__’ before ‘pid_t’
 typedef __pid_t pid_t;
                 ^
/usr/include/time.h:189:8: error: unknown type name ‘clock_t’
 extern clock_t clock (void) __THROW;
        ^
/usr/include/time.h:189:16: error: storage class specified for parameter ‘clock’
 extern clock_t clock (void) __THROW;
                ^
/usr/include/time.h:192:8: error: unknown type name ‘time_t’
 extern time_t time (time_t *__timer) __THROW;
        ^
/usr/include/time.h:192:21: error: unknown type name ‘time_t’
 extern time_t time (time_t *__timer) __THROW;
                     ^
/usr/include/time.h:195:25: error: unknown type name ‘time_t’
 extern double difftime (time_t __time1, time_t __time0)
                         ^
/usr/include/time.h:195:41: error: unknown type name ‘time_t’
 extern double difftime (time_t __time1, time_t __time0)
                                         ^
/usr/include/time.h:199:8: error: unknown type name ‘time_t’
 extern time_t mktime (struct tm *__tp) __THROW;
        ^
/usr/include/time.h:199:15: error: storage class specified for parameter ‘mktime’
 extern time_t mktime (struct tm *__tp) __THROW;
               ^
/usr/include/time.h:205:8: error: unknown type name ‘size_t’
 extern size_t strftime (char *__restrict __s, size_t __maxsize,
        ^
/usr/include/time.h:205:47: error: unknown type name ‘size_t’
 extern size_t strftime (char *__restrict __s, size_t __maxsize,
                                               ^
In file included from /usr/include/time.h:221:0,
                 from utile.c:3:
/usr/include/xlocale.h:39:4: error: storage class specified for parameter ‘__locale_t’
 } *__locale_t;
    ^
/usr/include/xlocale.h:42:20: error: expected ‘=’, ‘,’, ‘;’, ‘asm’ or ‘__attribute__’ before ‘locale_t’
 typedef __locale_t locale_t;
                    ^
In file included from utile.c:3:0:
/usr/include/time.h:223:8: error: unknown type name ‘size_t’
 extern size_t strftime_l (char *__restrict __s, size_t __maxsize,
        ^
/usr/include/time.h:223:49: error: unknown type name ‘size_t’
 extern size_t strftime_l (char *__restrict __s, size_t __maxsize,
                                                 ^
/usr/include/time.h:226:6: error: expected declaration specifiers or ‘...’ before ‘__locale_t’
      __locale_t __loc) __THROW;
      ^
/usr/include/time.h:239:33: error: unknown type name ‘time_t’
 extern struct tm *gmtime (const time_t *__timer) __THROW;
                                 ^
/usr/include/time.h:239:19: error: storage class specified for parameter ‘gmtime’
 extern struct tm *gmtime (const time_t *__timer) __THROW;
                   ^
/usr/include/time.h:243:36: error: unknown type name ‘time_t’
 extern struct tm *localtime (const time_t *__timer) __THROW;
                                    ^
/usr/include/time.h:243:19: error: storage class specified for parameter ‘localtime’
 extern struct tm *localtime (const time_t *__timer) __THROW;
                   ^
/usr/include/time.h:249:35: error: unknown type name ‘time_t’
 extern struct tm *gmtime_r (const time_t *__restrict __timer,
                                   ^
/usr/include/time.h:249:19: error: storage class specified for parameter ‘gmtime_r’
 extern struct tm *gmtime_r (const time_t *__restrict __timer,
                   ^
/usr/include/time.h:254:38: error: unknown type name ‘time_t’
 extern struct tm *localtime_r (const time_t *__restrict __timer,
                                      ^
/usr/include/time.h:254:19: error: storage class specified for parameter ‘localtime_r’
 extern struct tm *localtime_r (const time_t *__restrict __timer,
                   ^
/usr/include/time.h:261:14: error: storage class specified for parameter ‘asctime’
 extern char *asctime (const struct tm *__tp) __THROW;
              ^
/usr/include/time.h:264:27: error: unknown type name ‘time_t’
 extern char *ctime (const time_t *__timer) __THROW;
                           ^
/usr/include/time.h:264:14: error: storage class specified for parameter ‘ctime’
 extern char *ctime (const time_t *__timer) __THROW;
              ^
/usr/include/time.h:272:14: error: storage class specified for parameter ‘asctime_r’
 extern char *asctime_r (const struct tm *__restrict __tp,
              ^
/usr/include/time.h:276:29: error: unknown type name ‘time_t’
 extern char *ctime_r (const time_t *__restrict __timer,
                             ^
/usr/include/time.h:276:14: error: storage class specified for parameter ‘ctime_r’
 extern char *ctime_r (const time_t *__restrict __timer,
              ^
/usr/include/time.h:282:14: error: storage class specified for parameter ‘__tzname’
 extern char *__tzname[2]; /* Current timezone names.  */
              ^
/usr/include/time.h:283:12: error: storage class specified for parameter ‘__daylight’
 extern int __daylight;  /* If daylight-saving time is ever in use.  */
            ^
/usr/include/time.h:284:17: error: storage class specified for parameter ‘__timezone’
 extern long int __timezone; /* Seconds west of UTC.  */
                 ^
/usr/include/time.h:289:14: error: storage class specified for parameter ‘tzname’
 extern char *tzname[2];
              ^
/usr/include/time.h:293:13: error: storage class specified for parameter ‘tzset’
 extern void tzset (void) __THROW;
             ^
/usr/include/time.h:297:12: error: storage class specified for parameter ‘daylight’
 extern int daylight;
            ^
/usr/include/time.h:298:17: error: storage class specified for parameter ‘timezone’
 extern long int timezone;
                 ^
/usr/include/time.h:304:25: error: unknown type name ‘time_t’
 extern int stime (const time_t *__when) __THROW;
                         ^
/usr/include/time.h:304:12: error: storage class specified for parameter ‘stime’
 extern int stime (const time_t *__when) __THROW;
            ^
/usr/include/time.h:319:8: error: unknown type name ‘time_t’
 extern time_t timegm (struct tm *__tp) __THROW;
        ^
/usr/include/time.h:319:15: error: storage class specified for parameter ‘timegm’
 extern time_t timegm (struct tm *__tp) __THROW;
               ^
/usr/include/time.h:322:8: error: unknown type name ‘time_t’
 extern time_t timelocal (struct tm *__tp) __THROW;
        ^
/usr/include/time.h:322:15: error: storage class specified for parameter ‘timelocal’
 extern time_t timelocal (struct tm *__tp) __THROW;
               ^
/usr/include/time.h:325:12: error: storage class specified for parameter ‘dysize’
 extern int dysize (int __year) __THROW  __attribute__ ((__const__));
            ^
/usr/include/time.h:334:12: error: storage class specified for parameter ‘nanosleep’
 extern int nanosleep (const struct timespec *__requested_time,
            ^
/usr/include/time.h:339:26: error: unknown type name ‘clockid_t’
 extern int clock_getres (clockid_t __clock_id, struct timespec *__res) __THROW;
                          ^
/usr/include/time.h:342:27: error: unknown type name ‘clockid_t’
 extern int clock_gettime (clockid_t __clock_id, struct timespec *__tp) __THROW;
                           ^
/usr/include/time.h:345:27: error: unknown type name ‘clockid_t’
 extern int clock_settime (clockid_t __clock_id, const struct timespec *__tp)
                           ^
/usr/include/time.h:353:29: error: unknown type name ‘clockid_t’
 extern int clock_nanosleep (clockid_t __clock_id, int __flags,
                             ^
/usr/include/time.h:358:33: error: unknown type name ‘pid_t’
 extern int clock_getcpuclockid (pid_t __pid, clockid_t *__clock_id) __THROW;
                                 ^
/usr/include/time.h:358:46: error: unknown type name ‘clockid_t’
 extern int clock_getcpuclockid (pid_t __pid, clockid_t *__clock_id) __THROW;
                                              ^
/usr/include/time.h:363:26: error: unknown type name ‘clockid_t’
 extern int timer_create (clockid_t __clock_id,
                          ^
/usr/include/time.h:365:5: error: unknown type name ‘timer_t’
     timer_t *__restrict __timerid) __THROW;
     ^
/usr/include/time.h:368:26: error: unknown type name ‘timer_t’
 extern int timer_delete (timer_t __timerid) __THROW;
                          ^
/usr/include/time.h:371:27: error: unknown type name ‘timer_t’
 extern int timer_settime (timer_t __timerid, int __flags,
                           ^
/usr/include/time.h:376:27: error: unknown type name ‘timer_t’
 extern int timer_gettime (timer_t __timerid, struct itimerspec *__value)
                           ^
/usr/include/time.h:380:30: error: unknown type name ‘timer_t’
 extern int timer_getoverrun (timer_t __timerid) __THROW;
                              ^
/usr/include/time.h:386:12: error: storage class specified for parameter ‘timespec_get’
 extern int timespec_get (struct timespec *__ts, int __base)
            ^
In file included from /usr/include/stdlib.h:32:0,
                 from utile.c:4:
/usr/lib/gcc/x86_64-linux-gnu/5/include/stddef.h:328:24: error: storage class specified for parameter ‘wchar_t’
 typedef __WCHAR_TYPE__ wchar_t;
                        ^
In file included from /usr/include/stdlib.h:41:0,
                 from utile.c:4:
/usr/include/x86_64-linux-gnu/bits/waitflags.h:55:3: error: storage class specified for parameter ‘idtype_t’
 } idtype_t;
   ^
In file included from /usr/include/endian.h:60:0,
                 from /usr/include/x86_64-linux-gnu/bits/waitstatus.h:64,
                 from /usr/include/stdlib.h:42,
                 from utile.c:4:
/usr/include/x86_64-linux-gnu/bits/byteswap.h:46:1: error: expected ‘=’, ‘,’, ‘;’, ‘asm’ or ‘__attribute__’ before ‘{’ token
 {
 ^
/usr/include/x86_64-linux-gnu/bits/byteswap.h:109:1: error: expected ‘=’, ‘,’, ‘;’, ‘asm’ or ‘__attribute__’ before ‘__bswap_64’
 __bswap_64 (__uint64_t __bsx)
 ^
In file included from utile.c:4:0:
/usr/include/stdlib.h:71:5: error: storage class specified for parameter ‘__WAIT_STATUS’
   } __WAIT_STATUS __attribute__ ((__transparent_union__));
     ^
/usr/include/stdlib.h:101:5: error: storage class specified for parameter ‘div_t’
   } div_t;
     ^
/usr/include/stdlib.h:109:5: error: storage class specified for parameter ‘ldiv_t’
   } ldiv_t;
     ^
/usr/include/stdlib.h:117:1: error: expected declaration specifiers before ‘__extension__’
 __extension__ typedef struct
 ^
/usr/include/stdlib.h:121:5: error: expected declaration specifiers before ‘lldiv_t’
   } lldiv_t;
     ^
/usr/include/stdlib.h:139:8: error: unknown type name ‘size_t’
 extern size_t __ctype_get_mb_cur_max (void) __THROW __wur;
        ^
/usr/include/stdlib.h:139:15: error: storage class specified for parameter ‘__ctype_get_mb_cur_max’
 extern size_t __ctype_get_mb_cur_max (void) __THROW __wur;
               ^
/usr/include/stdlib.h:144:15: error: storage class specified for parameter ‘atof’
 extern double atof (const char *__nptr)
               ^
/usr/include/stdlib.h:147:12: error: storage class specified for parameter ‘atoi’
 extern int atoi (const char *__nptr)
            ^
/usr/include/stdlib.h:150:17: error: storage class specified for parameter ‘atol’
 extern long int atol (const char *__nptr)
                 ^
/usr/include/stdlib.h:157:1: error: expected declaration specifiers before ‘__extension__’
 __extension__ extern long long int atoll (const char *__nptr)
 ^
/usr/include/stdlib.h:164:15: error: storage class specified for parameter ‘strtod’
 extern double strtod (const char *__restrict __nptr,
               ^
/usr/include/stdlib.h:172:14: error: storage class specified for parameter ‘strtof’
 extern float strtof (const char *__restrict __nptr,
              ^
/usr/include/stdlib.h:175:20: error: storage class specified for parameter ‘strtold’
 extern long double strtold (const char *__restrict __nptr,
                    ^
/usr/include/stdlib.h:183:17: error: storage class specified for parameter ‘strtol’
 extern long int strtol (const char *__restrict __nptr,
                 ^
/usr/include/stdlib.h:187:26: error: storage class specified for parameter ‘strtoul’
 extern unsigned long int strtoul (const char *__restrict __nptr,
                          ^
/usr/include/stdlib.h:194:1: error: expected declaration specifiers before ‘__extension__’
 __extension__
 ^
/usr/include/stdlib.h:199:1: error: expected declaration specifiers before ‘__extension__’
 __extension__
 ^
/usr/include/stdlib.h:208:1: error: expected declaration specifiers before ‘__extension__’
 __extension__
 ^
/usr/include/stdlib.h:213:1: error: expected declaration specifiers before ‘__extension__’
 __extension__
 ^
/usr/include/stdlib.h:305:14: error: storage class specified for parameter ‘l64a’
 extern char *l64a (long int __n) __THROW __wur;
              ^
/usr/include/stdlib.h:308:17: error: storage class specified for parameter ‘a64l’
 extern long int a64l (const char *__s)
                 ^
In file included from /usr/include/stdlib.h:314:0,
                 from utile.c:4:
/usr/include/x86_64-linux-gnu/sys/types.h:33:18: error: expected ‘=’, ‘,’, ‘;’, ‘asm’ or ‘__attribute__’ before ‘u_char’
 typedef __u_char u_char;
                  ^
/usr/include/x86_64-linux-gnu/sys/types.h:34:19: error: expected ‘=’, ‘,’, ‘;’, ‘asm’ or ‘__attribute__’ before ‘u_short’
 typedef __u_short u_short;
                   ^
/usr/include/x86_64-linux-gnu/sys/types.h:35:17: error: expected ‘=’, ‘,’, ‘;’, ‘asm’ or ‘__attribute__’ before ‘u_int’
 typedef __u_int u_int;
                 ^
/usr/include/x86_64-linux-gnu/sys/types.h:36:18: error: expected ‘=’, ‘,’, ‘;’, ‘asm’ or ‘__attribute__’ before ‘u_long’
 typedef __u_long u_long;
                  ^
/usr/include/x86_64-linux-gnu/sys/types.h:37:18: error: expected ‘=’, ‘,’, ‘;’, ‘asm’ or ‘__attribute__’ before ‘quad_t’
 typedef __quad_t quad_t;
                  ^
/usr/include/x86_64-linux-gnu/sys/types.h:38:20: error: expected ‘=’, ‘,’, ‘;’, ‘asm’ or ‘__attribute__’ before ‘u_quad_t’
 typedef __u_quad_t u_quad_t;
                    ^
/usr/include/x86_64-linux-gnu/sys/types.h:39:18: error: expected ‘=’, ‘,’, ‘;’, ‘asm’ or ‘__attribute__’ before ‘fsid_t’
 typedef __fsid_t fsid_t;
                  ^
/usr/include/x86_64-linux-gnu/sys/types.h:44:9: error: unknown type name ‘__loff_t’
 typedef __loff_t loff_t;
         ^
/usr/include/x86_64-linux-gnu/sys/types.h:44:18: error: storage class specified for parameter ‘loff_t’
 typedef __loff_t loff_t;
                  ^
/usr/include/x86_64-linux-gnu/sys/types.h:48:17: error: expected ‘=’, ‘,’, ‘;’, ‘asm’ or ‘__attribute__’ before ‘ino_t’
 typedef __ino_t ino_t;
                 ^
/usr/include/x86_64-linux-gnu/sys/types.h:60:17: error: expected ‘=’, ‘,’, ‘;’, ‘asm’ or ‘__attribute__’ before ‘dev_t’
 typedef __dev_t dev_t;
                 ^
/usr/include/x86_64-linux-gnu/sys/types.h:65:17: error: expected ‘=’, ‘,’, ‘;’, ‘asm’ or ‘__attribute__’ before ‘gid_t’
 typedef __gid_t gid_t;
                 ^
/usr/include/x86_64-linux-gnu/sys/types.h:70:18: error: expected ‘=’, ‘,’, ‘;’, ‘asm’ or ‘__attribute__’ before ‘mode_t’
 typedef __mode_t mode_t;
                  ^
/usr/include/x86_64-linux-gnu/sys/types.h:75:19: error: expected ‘=’, ‘,’, ‘;’, ‘asm’ or ‘__attribute__’ before ‘nlink_t’
 typedef __nlink_t nlink_t;
                   ^
/usr/include/x86_64-linux-gnu/sys/types.h:80:17: error: expected ‘=’, ‘,’, ‘;’, ‘asm’ or ‘__attribute__’ before ‘uid_t’
 typedef __uid_t uid_t;
                 ^
/usr/include/x86_64-linux-gnu/sys/types.h:104:16: error: expected ‘=’, ‘,’, ‘;’, ‘asm’ or ‘__attribute__’ before ‘id_t’
 typedef __id_t id_t;
                ^
/usr/include/x86_64-linux-gnu/sys/types.h:115:19: error: expected ‘=’, ‘,’, ‘;’, ‘asm’ or ‘__attribute__’ before ‘daddr_t’
 typedef __daddr_t daddr_t;
                   ^
/usr/include/x86_64-linux-gnu/sys/types.h:116:19: error: expected ‘=’, ‘,’, ‘;’, ‘asm’ or ‘__attribute__’ before ‘caddr_t’
 typedef __caddr_t caddr_t;
                   ^
/usr/include/x86_64-linux-gnu/sys/types.h:122:17: error: expected ‘=’, ‘,’, ‘;’, ‘asm’ or ‘__attribute__’ before ‘key_t’
 typedef __key_t key_t;
                 ^
In file included from /usr/include/stdlib.h:314:0,
                 from utile.c:4:
/usr/include/x86_64-linux-gnu/sys/types.h:150:27: error: storage class specified for parameter ‘ulong’
 typedef unsigned long int ulong;
                           ^
/usr/include/x86_64-linux-gnu/sys/types.h:151:28: error: storage class specified for parameter ‘ushort’
 typedef unsigned short int ushort;
                            ^
/usr/include/x86_64-linux-gnu/sys/types.h:152:22: error: storage class specified for parameter ‘uint’
 typedef unsigned int uint;
                      ^
/usr/include/x86_64-linux-gnu/sys/types.h:194:1: error: storage class specified for parameter ‘int8_t’
 __intN_t (8, __QI__);
 ^
/usr/include/x86_64-linux-gnu/sys/types.h:195:1: error: storage class specified for parameter ‘int16_t’
 __intN_t (16, __HI__);
 ^
/usr/include/x86_64-linux-gnu/sys/types.h:196:1: error: storage class specified for parameter ‘int32_t’
 __intN_t (32, __SI__);
 ^
/usr/include/x86_64-linux-gnu/sys/types.h:197:1: error: storage class specified for parameter ‘int64_t’
 __intN_t (64, __DI__);
 ^
/usr/include/x86_64-linux-gnu/sys/types.h:200:1: error: storage class specified for parameter ‘u_int8_t’
 __u_intN_t (8, __QI__);
 ^
/usr/include/x86_64-linux-gnu/sys/types.h:201:1: error: storage class specified for parameter ‘u_int16_t’
 __u_intN_t (16, __HI__);
 ^
/usr/include/x86_64-linux-gnu/sys/types.h:202:1: error: storage class specified for parameter ‘u_int32_t’
 __u_intN_t (32, __SI__);
 ^
/usr/include/x86_64-linux-gnu/sys/types.h:203:1: error: storage class specified for parameter ‘u_int64_t’
 __u_intN_t (64, __DI__);
 ^
/usr/include/x86_64-linux-gnu/sys/types.h:205:13: error: storage class specified for parameter ‘register_t’
 typedef int register_t __attribute__ ((__mode__ (__word__)));
             ^
In file included from /usr/include/x86_64-linux-gnu/sys/select.h:33:0,
                 from /usr/include/x86_64-linux-gnu/sys/types.h:219,
                 from /usr/include/stdlib.h:314,
                 from utile.c:4:
/usr/include/x86_64-linux-gnu/bits/sigset.h:22:13: error: storage class specified for parameter ‘__sig_atomic_t’
 typedef int __sig_atomic_t;
             ^
/usr/include/x86_64-linux-gnu/bits/sigset.h:30:5: error: storage class specified for parameter ‘__sigset_t’
   } __sigset_t;
     ^
In file included from /usr/include/x86_64-linux-gnu/sys/types.h:219:0,
                 from /usr/include/stdlib.h:314,
                 from utile.c:4:
/usr/include/x86_64-linux-gnu/sys/select.h:37:20: error: expected ‘=’, ‘,’, ‘;’, ‘asm’ or ‘__attribute__’ before ‘sigset_t’
 typedef __sigset_t sigset_t;
                    ^
In file included from /usr/include/x86_64-linux-gnu/sys/select.h:45:0,
                 from /usr/include/x86_64-linux-gnu/sys/types.h:219,
                 from /usr/include/stdlib.h:314,
                 from utile.c:4:
/usr/include/x86_64-linux-gnu/bits/time.h:32:5: error: expected specifier-qualifier-list before ‘__time_t’
     __time_t tv_sec;  /* Seconds.  */
     ^
In file included from /usr/include/x86_64-linux-gnu/sys/types.h:219:0,
                 from /usr/include/stdlib.h:314,
                 from utile.c:4:
/usr/include/x86_64-linux-gnu/sys/select.h:48:23: error: expected ‘=’, ‘,’, ‘;’, ‘asm’ or ‘__attribute__’ before ‘suseconds_t’
 typedef __suseconds_t suseconds_t;
                       ^
/usr/include/x86_64-linux-gnu/sys/select.h:54:18: error: storage class specified for parameter ‘__fd_mask’
 typedef long int __fd_mask;
                  ^
/usr/include/x86_64-linux-gnu/sys/select.h:72:5: error: expected specifier-qualifier-list before ‘__fd_mask’
     __fd_mask __fds_bits[__FD_SETSIZE / __NFDBITS];
     ^
/usr/include/x86_64-linux-gnu/sys/select.h:75:5: error: storage class specified for parameter ‘fd_set’
   } fd_set;
     ^
/usr/include/x86_64-linux-gnu/sys/select.h:82:19: error: expected ‘=’, ‘,’, ‘;’, ‘asm’ or ‘__attribute__’ before ‘fd_mask’
 typedef __fd_mask fd_mask;
                   ^
/usr/include/x86_64-linux-gnu/sys/select.h:106:32: error: expected declaration specifiers or ‘...’ before ‘fd_set’
 extern int select (int __nfds, fd_set *__restrict __readfds,
                                ^
/usr/include/x86_64-linux-gnu/sys/select.h:107:6: error: expected declaration specifiers or ‘...’ before ‘fd_set’
      fd_set *__restrict __writefds,
      ^
/usr/include/x86_64-linux-gnu/sys/select.h:108:6: error: expected declaration specifiers or ‘...’ before ‘fd_set’
      fd_set *__restrict __exceptfds,
      ^
/usr/include/x86_64-linux-gnu/sys/select.h:118:33: error: expected declaration specifiers or ‘...’ before ‘fd_set’
 extern int pselect (int __nfds, fd_set *__restrict __readfds,
                                 ^
/usr/include/x86_64-linux-gnu/sys/select.h:119:7: error: expected declaration specifiers or ‘...’ before ‘fd_set’
       fd_set *__restrict __writefds,
       ^
/usr/include/x86_64-linux-gnu/sys/select.h:120:7: error: expected declaration specifiers or ‘...’ before ‘fd_set’
       fd_set *__restrict __exceptfds,
       ^
/usr/include/x86_64-linux-gnu/sys/select.h:122:24: error: expected ‘;’, ‘,’ or ‘)’ before ‘*’ token
       const __sigset_t *__restrict __sigmask);
                        ^
In file included from /usr/include/x86_64-linux-gnu/sys/types.h:222:0,
                 from /usr/include/stdlib.h:314,
                 from utile.c:4:
/usr/include/x86_64-linux-gnu/sys/sysmacros.h:26:1: error: expected declaration specifiers before ‘__extension__’
 __extension__
 ^
/usr/include/x86_64-linux-gnu/sys/sysmacros.h:29:1: error: expected declaration specifiers before ‘__extension__’
 __extension__
 ^
/usr/include/x86_64-linux-gnu/sys/sysmacros.h:32:1: error: expected declaration specifiers before ‘__extension__’
 __extension__
 ^
In file included from /usr/include/stdlib.h:314:0,
                 from utile.c:4:
/usr/include/x86_64-linux-gnu/sys/types.h:228:21: error: expected ‘=’, ‘,’, ‘;’, ‘asm’ or ‘__attribute__’ before ‘blksize_t’
 typedef __blksize_t blksize_t;
                     ^
/usr/include/x86_64-linux-gnu/sys/types.h:235:20: error: expected ‘=’, ‘,’, ‘;’, ‘asm’ or ‘__attribute__’ before ‘blkcnt_t’
 typedef __blkcnt_t blkcnt_t;  /* Type to count number of disk blocks.  */
                    ^
/usr/include/x86_64-linux-gnu/sys/types.h:239:22: error: expected ‘=’, ‘,’, ‘;’, ‘asm’ or ‘__attribute__’ before ‘fsblkcnt_t’
 typedef __fsblkcnt_t fsblkcnt_t; /* Type to count file system blocks.  */
                      ^
/usr/include/x86_64-linux-gnu/sys/types.h:243:22: error: expected ‘=’, ‘,’, ‘;’, ‘asm’ or ‘__attribute__’ before ‘fsfilcnt_t’
 typedef __fsfilcnt_t fsfilcnt_t; /* Type to count file system inodes.  */
                      ^
In file included from /usr/include/x86_64-linux-gnu/sys/types.h:270:0,
                 from /usr/include/stdlib.h:314,
                 from utile.c:4:
/usr/include/x86_64-linux-gnu/bits/pthreadtypes.h:60:27: error: storage class specified for parameter ‘pthread_t’
 typedef unsigned long int pthread_t;
                           ^
/usr/include/x86_64-linux-gnu/bits/pthreadtypes.h:69:30: error: storage class specified for parameter ‘pthread_attr_t’
 typedef union pthread_attr_t pthread_attr_t;
                              ^
/usr/include/x86_64-linux-gnu/bits/pthreadtypes.h:79:3: error: storage class specified for parameter ‘__pthread_list_t’
 } __pthread_list_t;
   ^
/usr/include/x86_64-linux-gnu/bits/pthreadtypes.h:106:5: error: expected specifier-qualifier-list before ‘__pthread_list_t’
     __pthread_list_t __list;
     ^
/usr/include/x86_64-linux-gnu/bits/pthreadtypes.h:128:3: error: storage class specified for parameter ‘pthread_mutex_t’
 } pthread_mutex_t;
   ^
/usr/include/x86_64-linux-gnu/bits/pthreadtypes.h:134:3: error: storage class specified for parameter ‘pthread_mutexattr_t’
 } pthread_mutexattr_t;
   ^
/usr/include/x86_64-linux-gnu/bits/pthreadtypes.h:154:3: error: storage class specified for parameter ‘pthread_cond_t’
 } pthread_cond_t;
   ^
/usr/include/x86_64-linux-gnu/bits/pthreadtypes.h:160:3: error: storage class specified for parameter ‘pthread_condattr_t’
 } pthread_condattr_t;
   ^
/usr/include/x86_64-linux-gnu/bits/pthreadtypes.h:164:22: error: storage class specified for parameter ‘pthread_key_t’
 typedef unsigned int pthread_key_t;
                      ^
/usr/include/x86_64-linux-gnu/bits/pthreadtypes.h:168:13: error: storage class specified for parameter ‘pthread_once_t’
 typedef int pthread_once_t;
             ^
/usr/include/x86_64-linux-gnu/bits/pthreadtypes.h:222:3: error: storage class specified for parameter ‘pthread_rwlock_t’
 } pthread_rwlock_t;
   ^
/usr/include/x86_64-linux-gnu/bits/pthreadtypes.h:228:3: error: storage class specified for parameter ‘pthread_rwlockattr_t’
 } pthread_rwlockattr_t;
   ^
/usr/include/x86_64-linux-gnu/bits/pthreadtypes.h:234:22: error: storage class specified for parameter ‘pthread_spinlock_t’
 typedef volatile int pthread_spinlock_t;
                      ^
/usr/include/x86_64-linux-gnu/bits/pthreadtypes.h:243:3: error: storage class specified for parameter ‘pthread_barrier_t’
 } pthread_barrier_t;
   ^
/usr/include/x86_64-linux-gnu/bits/pthreadtypes.h:249:3: error: storage class specified for parameter ‘pthread_barrierattr_t’
 } pthread_barrierattr_t;
   ^
In file included from utile.c:4:0:
/usr/include/stdlib.h:321:17: error: storage class specified for parameter ‘random’
 extern long int random (void) __THROW;
                 ^
/usr/include/stdlib.h:324:13: error: storage class specified for parameter ‘srandom’
 extern void srandom (unsigned int __seed) __THROW;
             ^
/usr/include/stdlib.h:331:4: error: unknown type name ‘size_t’
    size_t __statelen) __THROW __nonnull ((2));
    ^
/usr/include/stdlib.h:335:14: error: storage class specified for parameter ‘setstate’
 extern char *setstate (char *__statebuf) __THROW __nonnull ((1));
              ^
/usr/include/stdlib.h:345:5: error: expected specifier-qualifier-list before ‘int32_t’
     int32_t *fptr;  /* Front pointer.  */
     ^
/usr/include/stdlib.h:355:8: error: expected declaration specifiers or ‘...’ before ‘int32_t’
        int32_t *__restrict __result) __THROW __nonnull ((1, 2));
        ^
/usr/include/stdlib.h:357:12: error: storage class specified for parameter ‘srandom_r’
 extern int srandom_r (unsigned int __seed, struct random_data *__buf)
            ^
/usr/include/stdlib.h:361:4: error: unknown type name ‘size_t’
    size_t __statelen,
    ^
/usr/include/stdlib.h:365:12: error: storage class specified for parameter ‘setstate_r’
 extern int setstate_r (char *__restrict __statebuf,
            ^
/usr/include/stdlib.h:374:12: error: storage class specified for parameter ‘rand’
 extern int rand (void) __THROW;
            ^
/usr/include/stdlib.h:376:13: error: storage class specified for parameter ‘srand’
 extern void srand (unsigned int __seed) __THROW;
             ^
/usr/include/stdlib.h:381:12: error: storage class specified for parameter ‘rand_r’
 extern int rand_r (unsigned int *__seed) __THROW;
            ^
/usr/include/stdlib.h:389:15: error: storage class specified for parameter ‘drand48’
 extern double drand48 (void) __THROW;
               ^
/usr/include/stdlib.h:390:15: error: storage class specified for parameter ‘erand48’
 extern double erand48 (unsigned short int __xsubi[3]) __THROW __nonnull ((1));
               ^
/usr/include/stdlib.h:393:17: error: storage class specified for parameter ‘lrand48’
 extern long int lrand48 (void) __THROW;
                 ^
/usr/include/stdlib.h:394:17: error: storage class specified for parameter ‘nrand48’
 extern long int nrand48 (unsigned short int __xsubi[3])
                 ^
/usr/include/stdlib.h:398:17: error: storage class specified for parameter ‘mrand48’
 extern long int mrand48 (void) __THROW;
                 ^
/usr/include/stdlib.h:399:17: error: storage class specified for parameter ‘jrand48’
 extern long int jrand48 (unsigned short int __xsubi[3])
                 ^
/usr/include/stdlib.h:403:13: error: storage class specified for parameter ‘srand48’
 extern void srand48 (long int __seedval) __THROW;
             ^
/usr/include/stdlib.h:404:28: error: storage class specified for parameter ‘seed48’
 extern unsigned short int *seed48 (unsigned short int __seed16v[3])
                            ^
/usr/include/stdlib.h:406:13: error: storage class specified for parameter ‘lcong48’
 extern void lcong48 (unsigned short int __param[7]) __THROW __nonnull ((1));
             ^
/usr/include/stdlib.h:423:12: error: storage class specified for parameter ‘drand48_r’
 extern int drand48_r (struct drand48_data *__restrict __buffer,
            ^
/usr/include/stdlib.h:425:12: error: storage class specified for parameter ‘erand48_r’
 extern int erand48_r (unsigned short int __xsubi[3],
            ^
/usr/include/stdlib.h:430:12: error: storage class specified for parameter ‘lrand48_r’
 extern int lrand48_r (struct drand48_data *__restrict __buffer,
            ^
/usr/include/stdlib.h:433:12: error: storage class specified for parameter ‘nrand48_r’
 extern int nrand48_r (unsigned short int __xsubi[3],
            ^
/usr/include/stdlib.h:439:12: error: storage class specified for parameter ‘mrand48_r’
 extern int mrand48_r (struct drand48_data *__restrict __buffer,
            ^
/usr/include/stdlib.h:442:12: error: storage class specified for parameter ‘jrand48_r’
 extern int jrand48_r (unsigned short int __xsubi[3],
            ^
/usr/include/stdlib.h:448:12: error: storage class specified for parameter ‘srand48_r’
 extern int srand48_r (long int __seedval, struct drand48_data *__buffer)
            ^
/usr/include/stdlib.h:451:12: error: storage class specified for parameter ‘seed48_r’
 extern int seed48_r (unsigned short int __seed16v[3],
            ^
/usr/include/stdlib.h:454:12: error: storage class specified for parameter ‘lcong48_r’
 extern int lcong48_r (unsigned short int __param[7],
            ^
/usr/include/stdlib.h:466:22: error: unknown type name ‘size_t’
 extern void *malloc (size_t __size) __THROW __attribute_malloc__ __wur;
                      ^
/usr/include/stdlib.h:468:22: error: unknown type name ‘size_t’
 extern void *calloc (size_t __nmemb, size_t __size)
                      ^
/usr/include/stdlib.h:468:38: error: unknown type name ‘size_t’
 extern void *calloc (size_t __nmemb, size_t __size)
                                      ^
/usr/include/stdlib.h:480:36: error: unknown type name ‘size_t’
 extern void *realloc (void *__ptr, size_t __size)
                                    ^
/usr/include/stdlib.h:483:13: error: storage class specified for parameter ‘free’
 extern void free (void *__ptr) __THROW;
             ^
/usr/include/stdlib.h:488:13: error: storage class specified for parameter ‘cfree’
 extern void cfree (void *__ptr) __THROW;
             ^
In file included from /usr/include/stdlib.h:492:0,
                 from utile.c:4:
/usr/include/alloca.h:32:22: error: unknown type name ‘size_t’
 extern void *alloca (size_t __size) __THROW;
                      ^
In file included from utile.c:4:0:
/usr/include/stdlib.h:498:22: error: unknown type name ‘size_t’
 extern void *valloc (size_t __size) __THROW __attribute_malloc__ __wur;
                      ^
/usr/include/stdlib.h:503:45: error: unknown type name ‘size_t’
 extern int posix_memalign (void **__memptr, size_t __alignment, size_t __size)
                                             ^
/usr/include/stdlib.h:503:65: error: unknown type name ‘size_t’
 extern int posix_memalign (void **__memptr, size_t __alignment, size_t __size)
                                                                 ^
/usr/include/stdlib.h:509:29: error: unknown type name ‘size_t’
 extern void *aligned_alloc (size_t __alignment, size_t __size)
                             ^
/usr/include/stdlib.h:509:49: error: unknown type name ‘size_t’
 extern void *aligned_alloc (size_t __alignment, size_t __size)
                                                 ^
/usr/include/stdlib.h:515:13: error: storage class specified for parameter ‘abort’
 extern void abort (void) __THROW __attribute__ ((__noreturn__));
             ^
/usr/include/stdlib.h:519:12: error: storage class specified for parameter ‘atexit’
 extern int atexit (void (*__func) (void)) __THROW __nonnull ((1));
            ^
/usr/include/stdlib.h:527:12: error: storage class specified for parameter ‘at_quick_exit’
 extern int at_quick_exit (void (*__func) (void)) __THROW __nonnull ((1));
            ^
/usr/include/stdlib.h:535:12: error: storage class specified for parameter ‘on_exit’
 extern int on_exit (void (*__func) (int __status, void *__arg), void *__arg)
            ^
/usr/include/stdlib.h:543:13: error: storage class specified for parameter ‘exit’
 extern void exit (int __status) __THROW __attribute__ ((__noreturn__));
             ^
/usr/include/stdlib.h:549:13: error: storage class specified for parameter ‘quick_exit’
 extern void quick_exit (int __status) __THROW __attribute__ ((__noreturn__));
             ^
/usr/include/stdlib.h:557:13: error: storage class specified for parameter ‘_Exit’
 extern void _Exit (int __status) __THROW __attribute__ ((__noreturn__));
             ^
/usr/include/stdlib.h:564:14: error: storage class specified for parameter ‘getenv’
 extern char *getenv (const char *__name) __THROW __nonnull ((1)) __wur;
              ^
/usr/include/stdlib.h:578:12: error: storage class specified for parameter ‘putenv’
 extern int putenv (char *__string) __THROW __nonnull ((1));
            ^
/usr/include/stdlib.h:584:12: error: storage class specified for parameter ‘setenv’
 extern int setenv (const char *__name, const char *__value, int __replace)
            ^
/usr/include/stdlib.h:588:12: error: storage class specified for parameter ‘unsetenv’
 extern int unsetenv (const char *__name) __THROW __nonnull ((1));
            ^
/usr/include/stdlib.h:595:12: error: storage class specified for parameter ‘clearenv’
 extern int clearenv (void) __THROW;
            ^
/usr/include/stdlib.h:606:14: error: storage class specified for parameter ‘mktemp’
 extern char *mktemp (char *__template) __THROW __nonnull ((1));
              ^
/usr/include/stdlib.h:619:12: error: storage class specified for parameter ‘mkstemp’
 extern int mkstemp (char *__template) __nonnull ((1)) __wur;
            ^
/usr/include/stdlib.h:641:12: error: storage class specified for parameter ‘mkstemps’
 extern int mkstemps (char *__template, int __suffixlen) __nonnull ((1)) __wur;
            ^
/usr/include/stdlib.h:662:14: error: storage class specified for parameter ‘mkdtemp’
 extern char *mkdtemp (char *__template) __THROW __nonnull ((1)) __wur;
              ^
/usr/include/stdlib.h:716:12: error: storage class specified for parameter ‘system’
 extern int system (const char *__command) __wur;
            ^
/usr/include/stdlib.h:733:14: error: storage class specified for parameter ‘realpath’
 extern char *realpath (const char *__restrict __name,
              ^
/usr/include/stdlib.h:741:15: error: storage class specified for parameter ‘__compar_fn_t’
 typedef int (*__compar_fn_t) (const void *, const void *);
               ^
/usr/include/stdlib.h:755:9: error: unknown type name ‘size_t’
         size_t __nmemb, size_t __size, __compar_fn_t __compar)
         ^
/usr/include/stdlib.h:755:25: error: unknown type name ‘size_t’
         size_t __nmemb, size_t __size, __compar_fn_t __compar)
                         ^
/usr/include/stdlib.h:755:40: error: expected declaration specifiers or ‘...’ before ‘__compar_fn_t’
         size_t __nmemb, size_t __size, __compar_fn_t __compar)
                                        ^
/usr/include/stdlib.h:764:34: error: unknown type name ‘size_t’
 extern void qsort (void *__base, size_t __nmemb, size_t __size,
                                  ^
/usr/include/stdlib.h:764:50: error: unknown type name ‘size_t’
 extern void qsort (void *__base, size_t __nmemb, size_t __size,
                                                  ^
/usr/include/stdlib.h:765:6: error: expected declaration specifiers or ‘...’ before ‘__compar_fn_t’
      __compar_fn_t __compar) __nonnull ((1, 4));
      ^
/usr/include/stdlib.h:774:12: error: storage class specified for parameter ‘abs’
 extern int abs (int __x) __THROW __attribute__ ((__const__)) __wur;
            ^
/usr/include/stdlib.h:775:17: error: storage class specified for parameter ‘labs’
 extern long int labs (long int __x) __THROW __attribute__ ((__const__)) __wur;
                 ^
/usr/include/stdlib.h:779:1: error: expected declaration specifiers before ‘__extension__’
 __extension__ extern long long int llabs (long long int __x)
 ^
/usr/include/stdlib.h:788:14: error: expected ‘=’, ‘,’, ‘;’, ‘asm’ or ‘__attribute__’ before ‘div’
 extern div_t div (int __numer, int __denom)
              ^
/usr/include/stdlib.h:790:15: error: expected ‘=’, ‘,’, ‘;’, ‘asm’ or ‘__attribute__’ before ‘ldiv’
 extern ldiv_t ldiv (long int __numer, long int __denom)
               ^
/usr/include/stdlib.h:796:1: error: expected declaration specifiers before ‘__extension__’
 __extension__ extern lldiv_t lldiv (long long int __numer,
 ^
/usr/include/stdlib.h:811:14: error: storage class specified for parameter ‘ecvt’
 extern char *ecvt (double __value, int __ndigit, int *__restrict __decpt,
              ^
/usr/include/stdlib.h:817:14: error: storage class specified for parameter ‘fcvt’
 extern char *fcvt (double __value, int __ndigit, int *__restrict __decpt,
              ^
/usr/include/stdlib.h:823:14: error: storage class specified for parameter ‘gcvt’
 extern char *gcvt (double __value, int __ndigit, char *__buf)
              ^
/usr/include/stdlib.h:829:14: error: storage class specified for parameter ‘qecvt’
 extern char *qecvt (long double __value, int __ndigit,
              ^
/usr/include/stdlib.h:832:14: error: storage class specified for parameter ‘qfcvt’
 extern char *qfcvt (long double __value, int __ndigit,
              ^
/usr/include/stdlib.h:835:14: error: storage class specified for parameter ‘qgcvt’
 extern char *qgcvt (long double __value, int __ndigit, char *__buf)
              ^
/usr/include/stdlib.h:843:6: error: unknown type name ‘size_t’
      size_t __len) __THROW __nonnull ((3, 4, 5));
      ^
/usr/include/stdlib.h:846:6: error: unknown type name ‘size_t’
      size_t __len) __THROW __nonnull ((3, 4, 5));
      ^
/usr/include/stdlib.h:850:31: error: unknown type name ‘size_t’
       char *__restrict __buf, size_t __len)
                               ^
/usr/include/stdlib.h:854:31: error: unknown type name ‘size_t’
       char *__restrict __buf, size_t __len)
                               ^
/usr/include/stdlib.h:862:36: error: unknown type name ‘size_t’
 extern int mblen (const char *__s, size_t __n) __THROW;
                                    ^
/usr/include/stdlib.h:865:20: error: expected declaration specifiers or ‘...’ before ‘wchar_t’
 extern int mbtowc (wchar_t *__restrict __pwc,
                    ^
/usr/include/stdlib.h:866:34: error: unknown type name ‘size_t’
      const char *__restrict __s, size_t __n) __THROW;
                                  ^
/usr/include/stdlib.h:869:31: error: expected declaration specifiers or ‘...’ before ‘wchar_t’
 extern int wctomb (char *__s, wchar_t __wchar) __THROW;
                               ^
/usr/include/stdlib.h:873:8: error: unknown type name ‘size_t’
 extern size_t mbstowcs (wchar_t *__restrict  __pwcs,
        ^
/usr/include/stdlib.h:873:25: error: expected declaration specifiers or ‘...’ before ‘wchar_t’
 extern size_t mbstowcs (wchar_t *__restrict  __pwcs,
                         ^
/usr/include/stdlib.h:874:32: error: unknown type name ‘size_t’
    const char *__restrict __s, size_t __n) __THROW;
                                ^
/usr/include/stdlib.h:876:8: error: unknown type name ‘size_t’
 extern size_t wcstombs (char *__restrict __s,
        ^
/usr/include/stdlib.h:877:18: error: expected ‘;’, ‘,’ or ‘)’ before ‘*’ token
    const wchar_t *__restrict __pwcs, size_t __n)
                  ^
/usr/include/stdlib.h:887:12: error: storage class specified for parameter ‘rpmatch’
 extern int rpmatch (const char *__response) __THROW __nonnull ((1)) __wur;
            ^
/usr/include/stdlib.h:898:12: error: storage class specified for parameter ‘getsubopt’
 extern int getsubopt (char **__restrict __optionp,
            ^
/usr/include/stdlib.h:950:12: error: storage class specified for parameter ‘getloadavg’
 extern int getloadavg (double __loadavg[], int __nelem)
            ^
utile.c:8:1: error: expected ‘=’, ‘,’, ‘;’, ‘asm’ or ‘__attribute__’ before ‘{’ token
 {
 ^
utile.c:18:1: error: expected ‘=’, ‘,’, ‘;’, ‘asm’ or ‘__attribute__’ before ‘{’ token
 {
 ^
In file included from utile.c:1:0:
utile.h:4:5: error: old-style parameter declarations in prototyped function definition
 int maxSommeTraversant(int *, int , int , int ):
     ^
utile.h:4:1: error: parameter name omitted
 int maxSommeTraversant(int *, int , int , int ):
 ^
utile.h:4:1: error: parameter name omitted
utile.h:4:1: error: parameter name omitted
utile.h:4:1: error: parameter name omitted
utile.c:21:1: error: expected ‘{’ at end of input
 }
 ^
